{"/app/src/config.js": {"path":"/app/src/config.js","statementMap":{"0":{"start":{"line":1,"column":14},"end":{"line":1,"column":18}},"1":{"start":{"line":2,"column":15},"end":{"line":2,"column":17}},"2":{"start":{"line":5,"column":4},"end":{"line":14,"column":null}},"3":{"start":{"line":6,"column":8},"end":{"line":11,"column":null}},"4":{"start":{"line":7,"column":12},"end":{"line":7,"column":null}},"5":{"start":{"line":8,"column":12},"end":{"line":8,"column":null}},"6":{"start":{"line":10,"column":12},"end":{"line":10,"column":null}},"7":{"start":{"line":13,"column":8},"end":{"line":13,"column":23}},"8":{"start":{"line":18,"column":4},"end":{"line":18,"column":null}},"9":{"start":{"line":18,"column":18},"end":{"line":18,"column":null}},"10":{"start":{"line":19,"column":4},"end":{"line":26,"column":null}},"11":{"start":{"line":20,"column":27},"end":{"line":20,"column":49}},"12":{"start":{"line":21,"column":8},"end":{"line":23,"column":null}},"13":{"start":{"line":22,"column":12},"end":{"line":22,"column":null}},"14":{"start":{"line":25,"column":8},"end":{"line":25,"column":null}},"15":{"start":{"line":30,"column":4},"end":{"line":30,"column":null}},"16":{"start":{"line":30,"column":18},"end":{"line":30,"column":null}},"17":{"start":{"line":31,"column":4},"end":{"line":36,"column":null}},"18":{"start":{"line":32,"column":29},"end":{"line":32,"column":53}},"19":{"start":{"line":33,"column":8},"end":{"line":33,"column":null}},"20":{"start":{"line":35,"column":8},"end":{"line":35,"column":null}},"21":{"start":{"line":40,"column":4},"end":{"line":42,"column":null}},"22":{"start":{"line":41,"column":8},"end":{"line":41,"column":null}},"23":{"start":{"line":43,"column":4},"end":{"line":43,"column":null}},"24":{"start":{"line":47,"column":4},"end":{"line":47,"column":null}},"25":{"start":{"line":48,"column":4},"end":{"line":48,"column":null}},"26":{"start":{"line":52,"column":4},"end":{"line":52,"column":null}},"27":{"start":{"line":56,"column":5},"end":{"line":62,"column":null}},"28":{"start":{"line":57,"column":8},"end":{"line":61,"column":null}},"29":{"start":{"line":58,"column":12},"end":{"line":58,"column":null}},"30":{"start":{"line":60,"column":12},"end":{"line":60,"column":null}},"31":{"start":{"line":66,"column":4},"end":{"line":66,"column":null}}},"fnMap":{"0":{"name":"initKVStore","decl":{"start":{"line":4,"column":22},"end":{"line":4,"column":33}},"loc":{"start":{"line":4,"column":39},"end":{"line":15,"column":null}},"line":4},"1":{"name":"loadKVConfig","decl":{"start":{"line":17,"column":15},"end":{"line":17,"column":27}},"loc":{"start":{"line":17,"column":30},"end":{"line":27,"column":null}},"line":17},"2":{"name":"saveKVConfig","decl":{"start":{"line":29,"column":22},"end":{"line":29,"column":34}},"loc":{"start":{"line":29,"column":37},"end":{"line":37,"column":null}},"line":29},"3":{"name":"getConfigValue","decl":{"start":{"line":39,"column":16},"end":{"line":39,"column":30}},"loc":{"start":{"line":39,"column":55},"end":{"line":44,"column":null}},"line":39},"4":{"name":"setConfigValue","decl":{"start":{"line":46,"column":22},"end":{"line":46,"column":36}},"loc":{"start":{"line":46,"column":49},"end":{"line":49,"column":null}},"line":46},"5":{"name":"getFullConfig","decl":{"start":{"line":51,"column":16},"end":{"line":51,"column":29}},"loc":{"start":{"line":51,"column":32},"end":{"line":53,"column":null}},"line":51},"6":{"name":"updateFullConfig","decl":{"start":{"line":55,"column":16},"end":{"line":55,"column":32}},"loc":{"start":{"line":55,"column":44},"end":{"line":63,"column":null}},"line":55},"7":{"name":"isKVEnabled","decl":{"start":{"line":65,"column":16},"end":{"line":65,"column":27}},"loc":{"start":{"line":65,"column":30},"end":{"line":67,"column":null}},"line":65}},"branchMap":{"0":{"loc":{"start":{"line":5,"column":4},"end":{"line":14,"column":null}},"type":"if","locations":[{"start":{"line":5,"column":4},"end":{"line":14,"column":null}},{"start":{"line":12,"column":11},"end":{"line":14,"column":null}}],"line":5},"1":{"loc":{"start":{"line":18,"column":4},"end":{"line":18,"column":null}},"type":"if","locations":[{"start":{"line":18,"column":4},"end":{"line":18,"column":null}},{"start":{},"end":{}}],"line":18},"2":{"loc":{"start":{"line":21,"column":8},"end":{"line":23,"column":null}},"type":"if","locations":[{"start":{"line":21,"column":8},"end":{"line":23,"column":null}},{"start":{},"end":{}}],"line":21},"3":{"loc":{"start":{"line":30,"column":4},"end":{"line":30,"column":null}},"type":"if","locations":[{"start":{"line":30,"column":4},"end":{"line":30,"column":null}},{"start":{},"end":{}}],"line":30},"4":{"loc":{"start":{"line":39,"column":36},"end":{"line":39,"column":53}},"type":"default-arg","locations":[{"start":{"line":39,"column":51},"end":{"line":39,"column":53}}],"line":39},"5":{"loc":{"start":{"line":40,"column":4},"end":{"line":42,"column":null}},"type":"if","locations":[{"start":{"line":40,"column":4},"end":{"line":42,"column":null}},{"start":{},"end":{}}],"line":40},"6":{"loc":{"start":{"line":57,"column":8},"end":{"line":61,"column":null}},"type":"if","locations":[{"start":{"line":57,"column":8},"end":{"line":61,"column":null}},{"start":{"line":59,"column":15},"end":{"line":61,"column":null}}],"line":57},"7":{"loc":{"start":{"line":57,"column":12},"end":{"line":57,"column":65}},"type":"binary-expr","locations":[{"start":{"line":57,"column":12},"end":{"line":57,"column":24}},{"start":{"line":57,"column":28},"end":{"line":57,"column":42}},{"start":{"line":57,"column":46},"end":{"line":57,"column":65}}],"line":57}},"s":{"0":2,"1":2,"2":6,"3":4,"4":4,"5":4,"6":0,"7":2,"8":4,"9":0,"10":4,"11":4,"12":4,"13":4,"14":1,"15":3,"16":1,"17":2,"18":2,"19":2,"20":1,"21":7,"22":5,"23":2,"24":3,"25":3,"26":0,"27":1,"28":3,"29":1,"30":2,"31":2},"f":{"0":6,"1":4,"2":3,"3":7,"4":3,"5":0,"6":1,"7":2},"b":{"0":[4,2],"1":[0,4],"2":[4,0],"3":[1,2],"4":[7],"5":[5,2],"6":[1,2],"7":[3,3,2]},"meta":{"lastBranch":8,"lastFunction":8,"lastStatement":32,"seen":{"s:1:14:1:18":0,"s:2:15:2:17":1,"f:4:22:4:33":0,"b:5:4:14:Infinity:12:11:14:Infinity":0,"s:5:4:14:Infinity":2,"s:6:8:11:Infinity":3,"s:7:12:7:Infinity":4,"s:8:12:8:Infinity":5,"s:10:12:10:Infinity":6,"s:13:8:13:23":7,"f:17:15:17:27":1,"b:18:4:18:Infinity:undefined:undefined:undefined:undefined":1,"s:18:4:18:Infinity":8,"s:18:18:18:Infinity":9,"s:19:4:26:Infinity":10,"s:20:27:20:49":11,"b:21:8:23:Infinity:undefined:undefined:undefined:undefined":2,"s:21:8:23:Infinity":12,"s:22:12:22:Infinity":13,"s:25:8:25:Infinity":14,"f:29:22:29:34":2,"b:30:4:30:Infinity:undefined:undefined:undefined:undefined":3,"s:30:4:30:Infinity":15,"s:30:18:30:Infinity":16,"s:31:4:36:Infinity":17,"s:32:29:32:53":18,"s:33:8:33:Infinity":19,"s:35:8:35:Infinity":20,"f:39:16:39:30":3,"b:39:51:39:53":4,"b:40:4:42:Infinity:undefined:undefined:undefined:undefined":5,"s:40:4:42:Infinity":21,"s:41:8:41:Infinity":22,"s:43:4:43:Infinity":23,"f:46:22:46:36":4,"s:47:4:47:Infinity":24,"s:48:4:48:Infinity":25,"f:51:16:51:29":5,"s:52:4:52:Infinity":26,"f:55:16:55:32":6,"s:56:5:62:Infinity":27,"b:57:8:61:Infinity:59:15:61:Infinity":6,"s:57:8:61:Infinity":28,"b:57:12:57:24:57:28:57:42:57:46:57:65":7,"s:58:12:58:Infinity":29,"s:60:12:60:Infinity":30,"f:65:16:65:27":7,"s:66:4:66:Infinity":31}}}
,"/app/src/dns.js": {"path":"/app/src/dns.js","statementMap":{"0":{"start":{"line":1,"column":29},"end":{"line":10,"column":1}},"1":{"start":{"line":12,"column":18},"end":{"line":12,"column":21}},"2":{"start":{"line":15,"column":16},"end":{"line":15,"column":36}},"3":{"start":{"line":16,"column":4},"end":{"line":16,"column":null}},"4":{"start":{"line":16,"column":38},"end":{"line":16,"column":null}},"5":{"start":{"line":18,"column":18},"end":{"line":18,"column":42}},"6":{"start":{"line":19,"column":19},"end":{"line":19,"column":44}},"7":{"start":{"line":20,"column":4},"end":{"line":20,"column":null}},"8":{"start":{"line":20,"column":27},"end":{"line":20,"column":null}},"9":{"start":{"line":21,"column":4},"end":{"line":21,"column":null}},"10":{"start":{"line":21,"column":47},"end":{"line":21,"column":null}},"11":{"start":{"line":23,"column":15},"end":{"line":23,"column":19}},"12":{"start":{"line":24,"column":4},"end":{"line":31,"column":null}},"13":{"start":{"line":25,"column":8},"end":{"line":30,"column":null}},"14":{"start":{"line":26,"column":12},"end":{"line":26,"column":null}},"15":{"start":{"line":28,"column":12},"end":{"line":28,"column":null}},"16":{"start":{"line":29,"column":12},"end":{"line":29,"column":null}},"17":{"start":{"line":33,"column":20},"end":{"line":33,"column":29}},"18":{"start":{"line":34,"column":4},"end":{"line":38,"column":null}},"19":{"start":{"line":35,"column":8},"end":{"line":35,"column":null}},"20":{"start":{"line":36,"column":11},"end":{"line":38,"column":null}},"21":{"start":{"line":37,"column":8},"end":{"line":37,"column":null}},"22":{"start":{"line":40,"column":29},"end":{"line":40,"column":58}},"23":{"start":{"line":41,"column":4},"end":{"line":45,"column":null}},"24":{"start":{"line":47,"column":22},"end":{"line":47,"column":32}},"25":{"start":{"line":49,"column":4},"end":{"line":96,"column":null}},"26":{"start":{"line":50,"column":26},"end":{"line":50,"column":59}},"27":{"start":{"line":51,"column":24},"end":{"line":51,"column":52}},"28":{"start":{"line":52,"column":8},"end":{"line":53,"column":null}},"29":{"start":{"line":52,"column":20},"end":{"line":52,"column":null}},"30":{"start":{"line":53,"column":13},"end":{"line":53,"column":null}},"31":{"start":{"line":54,"column":8},"end":{"line":54,"column":null}},"32":{"start":{"line":56,"column":32},"end":{"line":61,"column":10}},"33":{"start":{"line":63,"column":25},"end":{"line":63,"column":53}},"34":{"start":{"line":65,"column":8},"end":{"line":70,"column":null}},"35":{"start":{"line":72,"column":8},"end":{"line":74,"column":null}},"36":{"start":{"line":73,"column":12},"end":{"line":73,"column":null}},"37":{"start":{"line":76,"column":32},"end":{"line":76,"column":61}},"38":{"start":{"line":77,"column":8},"end":{"line":77,"column":null}},"39":{"start":{"line":78,"column":8},"end":{"line":78,"column":null}},"40":{"start":{"line":79,"column":8},"end":{"line":79,"column":null}},"41":{"start":{"line":80,"column":8},"end":{"line":80,"column":null}},"42":{"start":{"line":82,"column":8},"end":{"line":86,"column":null}},"43":{"start":{"line":89,"column":8},"end":{"line":94,"column":null}},"44":{"start":{"line":95,"column":8},"end":{"line":95,"column":null}},"45":{"start":{"line":100,"column":4},"end":{"line":108,"column":null}},"46":{"start":{"line":112,"column":4},"end":{"line":112,"column":null}},"47":{"start":{"line":112,"column":46},"end":{"line":112,"column":null}},"48":{"start":{"line":113,"column":24},"end":{"line":113,"column":85}},"49":{"start":{"line":113,"column":60},"end":{"line":113,"column":81}},"50":{"start":{"line":114,"column":17},"end":{"line":114,"column":44}},"51":{"start":{"line":115,"column":4},"end":{"line":118,"column":null}},"52":{"start":{"line":116,"column":8},"end":{"line":116,"column":null}},"53":{"start":{"line":116,"column":38},"end":{"line":116,"column":null}},"54":{"start":{"line":117,"column":8},"end":{"line":117,"column":null}},"55":{"start":{"line":119,"column":4},"end":{"line":119,"column":null}},"56":{"start":{"line":123,"column":30},"end":{"line":123,"column":87}},"57":{"start":{"line":123,"column":56},"end":{"line":123,"column":86}},"58":{"start":{"line":124,"column":4},"end":{"line":124,"column":null}},"59":{"start":{"line":124,"column":33},"end":{"line":124,"column":52}},"60":{"start":{"line":126,"column":4},"end":{"line":172,"column":null}},"61":{"start":{"line":127,"column":8},"end":{"line":131,"column":null}},"62":{"start":{"line":133,"column":26},"end":{"line":133,"column":36}},"63":{"start":{"line":134,"column":8},"end":{"line":171,"column":null}},"64":{"start":{"line":135,"column":30},"end":{"line":135,"column":55}},"65":{"start":{"line":136,"column":28},"end":{"line":136,"column":56}},"66":{"start":{"line":137,"column":12},"end":{"line":138,"column":null}},"67":{"start":{"line":137,"column":43},"end":{"line":137,"column":null}},"68":{"start":{"line":138,"column":17},"end":{"line":138,"column":null}},"69":{"start":{"line":140,"column":36},"end":{"line":144,"column":14}},"70":{"start":{"line":146,"column":29},"end":{"line":146,"column":57}},"71":{"start":{"line":148,"column":12},"end":{"line":153,"column":null}},"72":{"start":{"line":155,"column":12},"end":{"line":162,"column":null}},"73":{"start":{"line":156,"column":40},"end":{"line":156,"column":69}},"74":{"start":{"line":157,"column":16},"end":{"line":157,"column":null}},"75":{"start":{"line":158,"column":16},"end":{"line":161,"column":null}},"76":{"start":{"line":164,"column":13},"end":{"line":169,"column":null}},"77":{"start":{"line":170,"column":12},"end":{"line":170,"column":null}},"78":{"start":{"line":174,"column":4},"end":{"line":174,"column":null}},"79":{"start":{"line":175,"column":4},"end":{"line":175,"column":null}}},"fnMap":{"0":{"name":"handleDoHRequest","decl":{"start":{"line":14,"column":22},"end":{"line":14,"column":38}},"loc":{"start":{"line":14,"column":58},"end":{"line":97,"column":null}},"line":14},"1":{"name":"handleCORS","decl":{"start":{"line":99,"column":9},"end":{"line":99,"column":19}},"loc":{"start":{"line":99,"column":22},"end":{"line":109,"column":null}},"line":99},"2":{"name":"selectProvider","decl":{"start":{"line":111,"column":16},"end":{"line":111,"column":30}},"loc":{"start":{"line":111,"column":42},"end":{"line":120,"column":null}},"line":111},"3":{"name":"(anonymous_3)","decl":{"start":{"line":113,"column":41},"end":{"line":113,"column":42}},"loc":{"start":{"line":113,"column":60},"end":{"line":113,"column":81}},"line":113},"4":{"name":"tryFallbackProviders","decl":{"start":{"line":122,"column":15},"end":{"line":122,"column":35}},"loc":{"start":{"line":122,"column":72},"end":{"line":176,"column":null}},"line":122},"5":{"name":"(anonymous_5)","decl":{"start":{"line":123,"column":51},"end":{"line":123,"column":52}},"loc":{"start":{"line":123,"column":56},"end":{"line":123,"column":86}},"line":123},"6":{"name":"(anonymous_6)","decl":{"start":{"line":124,"column":27},"end":{"line":124,"column":28}},"loc":{"start":{"line":124,"column":33},"end":{"line":124,"column":52}},"line":124}},"branchMap":{"0":{"loc":{"start":{"line":16,"column":4},"end":{"line":16,"column":null}},"type":"if","locations":[{"start":{"line":16,"column":4},"end":{"line":16,"column":null}},{"start":{},"end":{}}],"line":16},"1":{"loc":{"start":{"line":20,"column":4},"end":{"line":20,"column":null}},"type":"if","locations":[{"start":{"line":20,"column":4},"end":{"line":20,"column":null}},{"start":{},"end":{}}],"line":20},"2":{"loc":{"start":{"line":20,"column":8},"end":{"line":20,"column":25}},"type":"binary-expr","locations":[{"start":{"line":20,"column":8},"end":{"line":20,"column":14}},{"start":{"line":20,"column":18},"end":{"line":20,"column":25}}],"line":20},"3":{"loc":{"start":{"line":21,"column":4},"end":{"line":21,"column":null}},"type":"if","locations":[{"start":{"line":21,"column":4},"end":{"line":21,"column":null}},{"start":{},"end":{}}],"line":21},"4":{"loc":{"start":{"line":21,"column":8},"end":{"line":21,"column":45}},"type":"binary-expr","locations":[{"start":{"line":21,"column":8},"end":{"line":21,"column":13}},{"start":{"line":21,"column":17},"end":{"line":21,"column":45}}],"line":21},"5":{"loc":{"start":{"line":24,"column":4},"end":{"line":31,"column":null}},"type":"if","locations":[{"start":{"line":24,"column":4},"end":{"line":31,"column":null}},{"start":{},"end":{}}],"line":24},"6":{"loc":{"start":{"line":34,"column":4},"end":{"line":38,"column":null}},"type":"if","locations":[{"start":{"line":34,"column":4},"end":{"line":38,"column":null}},{"start":{"line":36,"column":11},"end":{"line":38,"column":null}}],"line":34},"7":{"loc":{"start":{"line":36,"column":11},"end":{"line":38,"column":null}},"type":"if","locations":[{"start":{"line":36,"column":11},"end":{"line":38,"column":null}},{"start":{},"end":{}}],"line":36},"8":{"loc":{"start":{"line":52,"column":8},"end":{"line":53,"column":null}},"type":"if","locations":[{"start":{"line":52,"column":8},"end":{"line":53,"column":null}},{"start":{"line":53,"column":13},"end":{"line":53,"column":null}}],"line":52},"9":{"loc":{"start":{"line":72,"column":8},"end":{"line":74,"column":null}},"type":"if","locations":[{"start":{"line":72,"column":8},"end":{"line":74,"column":null}},{"start":{},"end":{}}],"line":72},"10":{"loc":{"start":{"line":112,"column":4},"end":{"line":112,"column":null}},"type":"if","locations":[{"start":{"line":112,"column":4},"end":{"line":112,"column":null}},{"start":{},"end":{}}],"line":112},"11":{"loc":{"start":{"line":112,"column":8},"end":{"line":112,"column":44}},"type":"binary-expr","locations":[{"start":{"line":112,"column":8},"end":{"line":112,"column":18}},{"start":{"line":112,"column":22},"end":{"line":112,"column":44}}],"line":112},"12":{"loc":{"start":{"line":116,"column":8},"end":{"line":116,"column":null}},"type":"if","locations":[{"start":{"line":116,"column":8},"end":{"line":116,"column":null}},{"start":{},"end":{}}],"line":116},"13":{"loc":{"start":{"line":137,"column":12},"end":{"line":138,"column":null}},"type":"if","locations":[{"start":{"line":137,"column":12},"end":{"line":138,"column":null}},{"start":{"line":138,"column":17},"end":{"line":138,"column":null}}],"line":137},"14":{"loc":{"start":{"line":155,"column":12},"end":{"line":162,"column":null}},"type":"if","locations":[{"start":{"line":155,"column":12},"end":{"line":162,"column":null}},{"start":{},"end":{}}],"line":155}},"s":{"0":1,"1":1,"2":6,"3":6,"4":1,"5":5,"6":5,"7":5,"8":1,"9":4,"10":1,"11":3,"12":3,"13":2,"14":2,"15":0,"16":0,"17":3,"18":3,"19":1,"20":2,"21":2,"22":3,"23":3,"24":3,"25":3,"26":3,"27":3,"28":3,"29":2,"30":1,"31":3,"32":3,"33":3,"34":1,"35":1,"36":0,"37":1,"38":1,"39":1,"40":1,"41":1,"42":1,"43":2,"44":2,"45":1,"46":6,"47":1,"48":5,"49":33,"50":5,"51":5,"52":16,"53":5,"54":11,"55":0,"56":2,"57":16,"58":2,"59":23,"60":2,"61":3,"62":3,"63":3,"64":3,"65":3,"66":3,"67":1,"68":2,"69":3,"70":3,"71":1,"72":1,"73":1,"74":1,"75":1,"76":2,"77":2,"78":1,"79":1},"f":{"0":6,"1":1,"2":6,"3":33,"4":2,"5":16,"6":23},"b":{"0":[1,5],"1":[1,4],"2":[5,3],"3":[1,3],"4":[4,2],"5":[2,1],"6":[1,2],"7":[2,0],"8":[2,1],"9":[0,1],"10":[1,5],"11":[6,6],"12":[5,11],"13":[1,2],"14":[1,0]},"meta":{"lastBranch":15,"lastFunction":7,"lastStatement":80,"seen":{"s:1:29:10:1":0,"s:12:18:12:21":1,"f:14:22:14:38":0,"s:15:16:15:36":2,"b:16:4:16:Infinity:undefined:undefined:undefined:undefined":0,"s:16:4:16:Infinity":3,"s:16:38:16:Infinity":4,"s:18:18:18:42":5,"s:19:19:19:44":6,"b:20:4:20:Infinity:undefined:undefined:undefined:undefined":1,"s:20:4:20:Infinity":7,"b:20:8:20:14:20:18:20:25":2,"s:20:27:20:Infinity":8,"b:21:4:21:Infinity:undefined:undefined:undefined:undefined":3,"s:21:4:21:Infinity":9,"b:21:8:21:13:21:17:21:45":4,"s:21:47:21:Infinity":10,"s:23:15:23:19":11,"b:24:4:31:Infinity:undefined:undefined:undefined:undefined":5,"s:24:4:31:Infinity":12,"s:25:8:30:Infinity":13,"s:26:12:26:Infinity":14,"s:28:12:28:Infinity":15,"s:29:12:29:Infinity":16,"s:33:20:33:29":17,"b:34:4:38:Infinity:36:11:38:Infinity":6,"s:34:4:38:Infinity":18,"s:35:8:35:Infinity":19,"b:36:11:38:Infinity:undefined:undefined:undefined:undefined":7,"s:36:11:38:Infinity":20,"s:37:8:37:Infinity":21,"s:40:29:40:58":22,"s:41:4:45:Infinity":23,"s:47:22:47:32":24,"s:49:4:96:Infinity":25,"s:50:26:50:59":26,"s:51:24:51:52":27,"b:52:8:53:Infinity:53:13:53:Infinity":8,"s:52:8:53:Infinity":28,"s:52:20:52:Infinity":29,"s:53:13:53:Infinity":30,"s:54:8:54:Infinity":31,"s:56:32:61:10":32,"s:63:25:63:53":33,"s:65:8:70:Infinity":34,"b:72:8:74:Infinity:undefined:undefined:undefined:undefined":9,"s:72:8:74:Infinity":35,"s:73:12:73:Infinity":36,"s:76:32:76:61":37,"s:77:8:77:Infinity":38,"s:78:8:78:Infinity":39,"s:79:8:79:Infinity":40,"s:80:8:80:Infinity":41,"s:82:8:86:Infinity":42,"s:89:8:94:Infinity":43,"s:95:8:95:Infinity":44,"f:99:9:99:19":1,"s:100:4:108:Infinity":45,"f:111:16:111:30":2,"b:112:4:112:Infinity:undefined:undefined:undefined:undefined":10,"s:112:4:112:Infinity":46,"b:112:8:112:18:112:22:112:44":11,"s:112:46:112:Infinity":47,"s:113:24:113:85":48,"f:113:41:113:42":3,"s:113:60:113:81":49,"s:114:17:114:44":50,"s:115:4:118:Infinity":51,"b:116:8:116:Infinity:undefined:undefined:undefined:undefined":12,"s:116:8:116:Infinity":52,"s:116:38:116:Infinity":53,"s:117:8:117:Infinity":54,"s:119:4:119:Infinity":55,"f:122:15:122:35":4,"s:123:30:123:87":56,"f:123:51:123:52":5,"s:123:56:123:86":57,"s:124:4:124:Infinity":58,"f:124:27:124:28":6,"s:124:33:124:52":59,"s:126:4:172:Infinity":60,"s:127:8:131:Infinity":61,"s:133:26:133:36":62,"s:134:8:171:Infinity":63,"s:135:30:135:55":64,"s:136:28:136:56":65,"b:137:12:138:Infinity:138:17:138:Infinity":13,"s:137:12:138:Infinity":66,"s:137:43:137:Infinity":67,"s:138:17:138:Infinity":68,"s:140:36:144:14":69,"s:146:29:146:57":70,"s:148:12:153:Infinity":71,"b:155:12:162:Infinity:undefined:undefined:undefined:undefined":14,"s:155:12:162:Infinity":72,"s:156:40:156:69":73,"s:157:16:157:Infinity":74,"s:158:16:161:Infinity":75,"s:164:13:169:Infinity":76,"s:170:12:170:Infinity":77,"s:174:4:174:Infinity":78,"s:175:4:175:Infinity":79}}}
,"/app/src/handler.js": {"path":"/app/src/handler.js","statementMap":{"0":{"start":{"line":8,"column":16},"end":{"line":8,"column":36}},"1":{"start":{"line":9,"column":4},"end":{"line":9,"column":null}},"2":{"start":{"line":9,"column":44},"end":{"line":9,"column":null}},"3":{"start":{"line":10,"column":23},"end":{"line":10,"column":59}},"4":{"start":{"line":11,"column":4},"end":{"line":11,"column":null}},"5":{"start":{"line":11,"column":49},"end":{"line":11,"column":null}},"6":{"start":{"line":12,"column":4},"end":{"line":12,"column":null}},"7":{"start":{"line":16,"column":22},"end":{"line":16,"column":32}},"8":{"start":{"line":17,"column":16},"end":{"line":17,"column":36}},"9":{"start":{"line":18,"column":19},"end":{"line":18,"column":33}},"10":{"start":{"line":21,"column":4},"end":{"line":27,"column":null}},"11":{"start":{"line":30,"column":4},"end":{"line":115,"column":null}},"12":{"start":{"line":31,"column":8},"end":{"line":31,"column":null}},"13":{"start":{"line":34,"column":19},"end":{"line":34,"column":55}},"14":{"start":{"line":35,"column":8},"end":{"line":101,"column":null}},"15":{"start":{"line":36,"column":13},"end":{"line":36,"column":null}},"16":{"start":{"line":37,"column":13},"end":{"line":37,"column":null}},"17":{"start":{"line":40,"column":12},"end":{"line":100,"column":null}},"18":{"start":{"line":41,"column":16},"end":{"line":41,"column":null}},"19":{"start":{"line":42,"column":19},"end":{"line":100,"column":null}},"20":{"start":{"line":43,"column":16},"end":{"line":43,"column":null}},"21":{"start":{"line":44,"column":19},"end":{"line":100,"column":null}},"22":{"start":{"line":45,"column":17},"end":{"line":52,"column":null}},"23":{"start":{"line":46,"column":21},"end":{"line":49,"column":null}},"24":{"start":{"line":51,"column":21},"end":{"line":51,"column":null}},"25":{"start":{"line":53,"column":19},"end":{"line":100,"column":null}},"26":{"start":{"line":55,"column":37},"end":{"line":55,"column":72}},"27":{"start":{"line":56,"column":27},"end":{"line":56,"column":31}},"28":{"start":{"line":57,"column":16},"end":{"line":58,"column":null}},"29":{"start":{"line":57,"column":67},"end":{"line":57,"column":null}},"30":{"start":{"line":58,"column":21},"end":{"line":58,"column":null}},"31":{"start":{"line":58,"column":72},"end":{"line":58,"column":null}},"32":{"start":{"line":60,"column":32},"end":{"line":60,"column":45}},"33":{"start":{"line":61,"column":33},"end":{"line":61,"column":88}},"34":{"start":{"line":63,"column":16},"end":{"line":65,"column":null}},"35":{"start":{"line":67,"column":34},"end":{"line":67,"column":72}},"36":{"start":{"line":67,"column":70},"end":{"line":67,"column":71}},"37":{"start":{"line":68,"column":29},"end":{"line":68,"column":31}},"38":{"start":{"line":69,"column":33},"end":{"line":69,"column":60}},"39":{"start":{"line":71,"column":16},"end":{"line":99,"column":null}},"40":{"start":{"line":72,"column":36},"end":{"line":72,"column":48}},"41":{"start":{"line":73,"column":20},"end":{"line":96,"column":null}},"42":{"start":{"line":75,"column":45},"end":{"line":75,"column":80}},"43":{"start":{"line":76,"column":35},"end":{"line":76,"column":39}},"44":{"start":{"line":77,"column":24},"end":{"line":78,"column":null}},"45":{"start":{"line":77,"column":75},"end":{"line":77,"column":null}},"46":{"start":{"line":78,"column":29},"end":{"line":78,"column":null}},"47":{"start":{"line":78,"column":80},"end":{"line":78,"column":null}},"48":{"start":{"line":79,"column":40},"end":{"line":79,"column":53}},"49":{"start":{"line":80,"column":41},"end":{"line":80,"column":96}},"50":{"start":{"line":82,"column":24},"end":{"line":84,"column":null}},"51":{"start":{"line":85,"column":27},"end":{"line":96,"column":null}},"52":{"start":{"line":87,"column":24},"end":{"line":87,"column":null}},"53":{"start":{"line":88,"column":27},"end":{"line":96,"column":null}},"54":{"start":{"line":90,"column":40},"end":{"line":90,"column":69}},"55":{"start":{"line":91,"column":25},"end":{"line":93,"column":null}},"56":{"start":{"line":95,"column":25},"end":{"line":95,"column":null}},"57":{"start":{"line":98,"column":20},"end":{"line":98,"column":null}},"58":{"start":{"line":104,"column":8},"end":{"line":104,"column":null}},"59":{"start":{"line":105,"column":8},"end":{"line":105,"column":null}},"60":{"start":{"line":107,"column":25},"end":{"line":107,"column":47}},"61":{"start":{"line":108,"column":8},"end":{"line":114,"column":null}},"62":{"start":{"line":117,"column":4},"end":{"line":117,"column":null}},"63":{"start":{"line":121,"column":4},"end":{"line":138,"column":null}},"64":{"start":{"line":122,"column":22},"end":{"line":122,"column":38}},"65":{"start":{"line":123,"column":8},"end":{"line":125,"column":null}},"66":{"start":{"line":126,"column":11},"end":{"line":138,"column":null}},"67":{"start":{"line":127,"column":8},"end":{"line":137,"column":null}},"68":{"start":{"line":128,"column":30},"end":{"line":128,"column":50}},"69":{"start":{"line":129,"column":11},"end":{"line":129,"column":null}},"70":{"start":{"line":130,"column":12},"end":{"line":130,"column":70}},"71":{"start":{"line":131,"column":12},"end":{"line":133,"column":null}},"72":{"start":{"line":135,"column":12},"end":{"line":135,"column":null}},"73":{"start":{"line":136,"column":12},"end":{"line":136,"column":null}},"74":{"start":{"line":139,"column":4},"end":{"line":139,"column":null}},"75":{"start":{"line":143,"column":16},"end":{"line":143,"column":36}},"76":{"start":{"line":144,"column":25},"end":{"line":144,"column":37}},"77":{"start":{"line":147,"column":24},"end":{"line":147,"column":51}},"78":{"start":{"line":149,"column":15},"end":{"line":149,"column":17}},"79":{"start":{"line":150,"column":4},"end":{"line":154,"column":null}},"80":{"start":{"line":151,"column":9},"end":{"line":153,"column":null}},"81":{"start":{"line":152,"column":13},"end":{"line":152,"column":null}},"82":{"start":{"line":152,"column":28},"end":{"line":152,"column":null}},"83":{"start":{"line":157,"column":4},"end":{"line":159,"column":null}},"84":{"start":{"line":158,"column":8},"end":{"line":158,"column":null}},"85":{"start":{"line":162,"column":16},"end":{"line":162,"column":18}},"86":{"start":{"line":165,"column":4},"end":{"line":165,"column":null}},"87":{"start":{"line":168,"column":4},"end":{"line":168,"column":null}},"88":{"start":{"line":171,"column":4},"end":{"line":171,"column":null}},"89":{"start":{"line":174,"column":4},"end":{"line":174,"column":null}},"90":{"start":{"line":176,"column":17},"end":{"line":176,"column":33}},"91":{"start":{"line":177,"column":4},"end":{"line":179,"column":null}}},"fnMap":{"0":{"name":"checkAuth","decl":{"start":{"line":7,"column":9},"end":{"line":7,"column":18}},"loc":{"start":{"line":7,"column":34},"end":{"line":13,"column":null}},"line":7},"1":{"name":"handleRequest","decl":{"start":{"line":15,"column":22},"end":{"line":15,"column":35}},"loc":{"start":{"line":15,"column":55},"end":{"line":118,"column":null}},"line":15},"2":{"name":"(anonymous_2)","decl":{"start":{"line":67,"column":65},"end":{"line":67,"column":66}},"loc":{"start":{"line":67,"column":70},"end":{"line":67,"column":71}},"line":67},"3":{"name":"handleConfigAPI","decl":{"start":{"line":120,"column":15},"end":{"line":120,"column":30}},"loc":{"start":{"line":120,"column":45},"end":{"line":140,"column":null}},"line":120},"4":{"name":"handleSubscription","decl":{"start":{"line":142,"column":15},"end":{"line":142,"column":33}},"loc":{"start":{"line":142,"column":54},"end":{"line":180,"column":null}},"line":142},"5":{"name":"(anonymous_5)","decl":{"start":{"line":151,"column":41},"end":{"line":151,"column":43}},"loc":{"start":{"line":151,"column":47},"end":{"line":153,"column":10}},"line":151}},"branchMap":{"0":{"loc":{"start":{"line":9,"column":4},"end":{"line":9,"column":null}},"type":"if","locations":[{"start":{"line":9,"column":4},"end":{"line":9,"column":null}},{"start":{},"end":{}}],"line":9},"1":{"loc":{"start":{"line":11,"column":4},"end":{"line":11,"column":null}},"type":"if","locations":[{"start":{"line":11,"column":4},"end":{"line":11,"column":null}},{"start":{},"end":{}}],"line":11},"2":{"loc":{"start":{"line":11,"column":8},"end":{"line":11,"column":47}},"type":"binary-expr","locations":[{"start":{"line":11,"column":8},"end":{"line":11,"column":18}},{"start":{"line":11,"column":22},"end":{"line":11,"column":47}}],"line":11},"3":{"loc":{"start":{"line":25,"column":12},"end":{"line":25,"column":64}},"type":"binary-expr","locations":[{"start":{"line":25,"column":12},"end":{"line":25,"column":51}},{"start":{"line":25,"column":55},"end":{"line":25,"column":64}}],"line":25},"4":{"loc":{"start":{"line":26,"column":16},"end":{"line":26,"column":null}},"type":"binary-expr","locations":[{"start":{"line":26,"column":16},"end":{"line":26,"column":32}},{"start":{"line":26,"column":36},"end":{"line":26,"column":null}}],"line":26},"5":{"loc":{"start":{"line":34,"column":20},"end":{"line":34,"column":40}},"type":"binary-expr","locations":[{"start":{"line":34,"column":20},"end":{"line":34,"column":25}},{"start":{"line":34,"column":29},"end":{"line":34,"column":34}},{"start":{"line":34,"column":38},"end":{"line":34,"column":40}}],"line":34},"6":{"loc":{"start":{"line":35,"column":8},"end":{"line":101,"column":null}},"type":"if","locations":[{"start":{"line":35,"column":8},"end":{"line":101,"column":null}},{"start":{"line":38,"column":15},"end":{"line":101,"column":null}}],"line":35},"7":{"loc":{"start":{"line":40,"column":12},"end":{"line":100,"column":null}},"type":"if","locations":[{"start":{"line":40,"column":12},"end":{"line":100,"column":null}},{"start":{"line":42,"column":19},"end":{"line":100,"column":null}}],"line":40},"8":{"loc":{"start":{"line":42,"column":19},"end":{"line":100,"column":null}},"type":"if","locations":[{"start":{"line":42,"column":19},"end":{"line":100,"column":null}},{"start":{"line":44,"column":19},"end":{"line":100,"column":null}}],"line":42},"9":{"loc":{"start":{"line":44,"column":19},"end":{"line":100,"column":null}},"type":"if","locations":[{"start":{"line":44,"column":19},"end":{"line":100,"column":null}},{"start":{"line":53,"column":19},"end":{"line":100,"column":null}}],"line":44},"10":{"loc":{"start":{"line":45,"column":17},"end":{"line":52,"column":null}},"type":"if","locations":[{"start":{"line":45,"column":17},"end":{"line":52,"column":null}},{"start":{"line":50,"column":24},"end":{"line":52,"column":null}}],"line":45},"11":{"loc":{"start":{"line":53,"column":19},"end":{"line":100,"column":null}},"type":"if","locations":[{"start":{"line":53,"column":19},"end":{"line":100,"column":null}},{"start":{"line":66,"column":19},"end":{"line":100,"column":null}}],"line":53},"12":{"loc":{"start":{"line":55,"column":37},"end":{"line":55,"column":72}},"type":"binary-expr","locations":[{"start":{"line":55,"column":37},"end":{"line":55,"column":66}},{"start":{"line":55,"column":70},"end":{"line":55,"column":72}}],"line":55},"13":{"loc":{"start":{"line":57,"column":16},"end":{"line":58,"column":null}},"type":"if","locations":[{"start":{"line":57,"column":16},"end":{"line":58,"column":null}},{"start":{"line":58,"column":21},"end":{"line":58,"column":null}}],"line":57},"14":{"loc":{"start":{"line":58,"column":21},"end":{"line":58,"column":null}},"type":"if","locations":[{"start":{"line":58,"column":21},"end":{"line":58,"column":null}},{"start":{},"end":{}}],"line":58},"15":{"loc":{"start":{"line":61,"column":33},"end":{"line":61,"column":88}},"type":"cond-expr","locations":[{"start":{"line":61,"column":43},"end":{"line":61,"column":50}},{"start":{"line":61,"column":54},"end":{"line":61,"column":87}}],"line":61},"16":{"loc":{"start":{"line":61,"column":54},"end":{"line":61,"column":87}},"type":"cond-expr","locations":[{"start":{"line":61,"column":70},"end":{"line":61,"column":77}},{"start":{"line":61,"column":80},"end":{"line":61,"column":87}}],"line":61},"17":{"loc":{"start":{"line":71,"column":16},"end":{"line":99,"column":null}},"type":"if","locations":[{"start":{"line":71,"column":16},"end":{"line":99,"column":null}},{"start":{"line":97,"column":23},"end":{"line":99,"column":null}}],"line":71},"18":{"loc":{"start":{"line":73,"column":20},"end":{"line":96,"column":null}},"type":"if","locations":[{"start":{"line":73,"column":20},"end":{"line":96,"column":null}},{"start":{"line":85,"column":27},"end":{"line":96,"column":null}}],"line":73},"19":{"loc":{"start":{"line":75,"column":45},"end":{"line":75,"column":80}},"type":"binary-expr","locations":[{"start":{"line":75,"column":45},"end":{"line":75,"column":74}},{"start":{"line":75,"column":78},"end":{"line":75,"column":80}}],"line":75},"20":{"loc":{"start":{"line":77,"column":24},"end":{"line":78,"column":null}},"type":"if","locations":[{"start":{"line":77,"column":24},"end":{"line":78,"column":null}},{"start":{"line":78,"column":29},"end":{"line":78,"column":null}}],"line":77},"21":{"loc":{"start":{"line":78,"column":29},"end":{"line":78,"column":null}},"type":"if","locations":[{"start":{"line":78,"column":29},"end":{"line":78,"column":null}},{"start":{},"end":{}}],"line":78},"22":{"loc":{"start":{"line":80,"column":41},"end":{"line":80,"column":96}},"type":"cond-expr","locations":[{"start":{"line":80,"column":51},"end":{"line":80,"column":58}},{"start":{"line":80,"column":62},"end":{"line":80,"column":95}}],"line":80},"23":{"loc":{"start":{"line":80,"column":62},"end":{"line":80,"column":95}},"type":"cond-expr","locations":[{"start":{"line":80,"column":78},"end":{"line":80,"column":85}},{"start":{"line":80,"column":88},"end":{"line":80,"column":95}}],"line":80},"24":{"loc":{"start":{"line":85,"column":27},"end":{"line":96,"column":null}},"type":"if","locations":[{"start":{"line":85,"column":27},"end":{"line":96,"column":null}},{"start":{"line":88,"column":27},"end":{"line":96,"column":null}}],"line":85},"25":{"loc":{"start":{"line":88,"column":27},"end":{"line":96,"column":null}},"type":"if","locations":[{"start":{"line":88,"column":27},"end":{"line":96,"column":null}},{"start":{"line":94,"column":27},"end":{"line":96,"column":null}}],"line":88},"26":{"loc":{"start":{"line":90,"column":40},"end":{"line":90,"column":69}},"type":"binary-expr","locations":[{"start":{"line":90,"column":40},"end":{"line":90,"column":56}},{"start":{"line":90,"column":60},"end":{"line":90,"column":69}}],"line":90},"27":{"loc":{"start":{"line":104,"column":46},"end":{"line":104,"column":62}},"type":"binary-expr","locations":[{"start":{"line":104,"column":46},"end":{"line":104,"column":55}},{"start":{"line":104,"column":59},"end":{"line":104,"column":62}}],"line":104},"28":{"loc":{"start":{"line":112,"column":20},"end":{"line":112,"column":52}},"type":"cond-expr","locations":[{"start":{"line":112,"column":31},"end":{"line":112,"column":46}},{"start":{"line":112,"column":49},"end":{"line":112,"column":52}}],"line":112},"29":{"loc":{"start":{"line":121,"column":4},"end":{"line":138,"column":null}},"type":"if","locations":[{"start":{"line":121,"column":4},"end":{"line":138,"column":null}},{"start":{"line":126,"column":11},"end":{"line":138,"column":null}}],"line":121},"30":{"loc":{"start":{"line":126,"column":11},"end":{"line":138,"column":null}},"type":"if","locations":[{"start":{"line":126,"column":11},"end":{"line":138,"column":null}},{"start":{},"end":{}}],"line":126},"31":{"loc":{"start":{"line":136,"column":74},"end":{"line":136,"column":109}},"type":"binary-expr","locations":[{"start":{"line":136,"column":74},"end":{"line":136,"column":83}},{"start":{"line":136,"column":87},"end":{"line":136,"column":109}}],"line":136},"32":{"loc":{"start":{"line":147,"column":24},"end":{"line":147,"column":51}},"type":"binary-expr","locations":[{"start":{"line":147,"column":24},"end":{"line":147,"column":45}},{"start":{"line":147,"column":49},"end":{"line":147,"column":51}}],"line":147},"33":{"loc":{"start":{"line":150,"column":4},"end":{"line":154,"column":null}},"type":"if","locations":[{"start":{"line":150,"column":4},"end":{"line":154,"column":null}},{"start":{},"end":{}}],"line":150},"34":{"loc":{"start":{"line":152,"column":13},"end":{"line":152,"column":null}},"type":"if","locations":[{"start":{"line":152,"column":13},"end":{"line":152,"column":null}},{"start":{},"end":{}}],"line":152},"35":{"loc":{"start":{"line":157,"column":4},"end":{"line":159,"column":null}},"type":"if","locations":[{"start":{"line":157,"column":4},"end":{"line":159,"column":null}},{"start":{},"end":{}}],"line":157}},"s":{"0":4,"1":4,"2":2,"3":2,"4":2,"5":1,"6":1,"7":11,"8":11,"9":11,"10":11,"11":11,"12":11,"13":11,"14":11,"15":1,"16":1,"17":10,"18":1,"19":9,"20":0,"21":9,"22":4,"23":1,"24":3,"25":5,"26":2,"27":2,"28":2,"29":0,"30":2,"31":0,"32":2,"33":2,"34":2,"35":3,"36":8,"37":3,"38":3,"39":3,"40":3,"41":3,"42":1,"43":1,"44":1,"45":0,"46":1,"47":0,"48":1,"49":1,"50":1,"51":2,"52":2,"53":0,"54":0,"55":0,"56":0,"57":0,"58":0,"59":0,"60":11,"61":11,"62":11,"63":3,"64":2,"65":2,"66":1,"67":1,"68":1,"69":1,"70":1,"71":1,"72":0,"73":0,"74":0,"75":2,"76":2,"77":2,"78":2,"79":2,"80":0,"81":0,"82":0,"83":2,"84":2,"85":2,"86":2,"87":2,"88":2,"89":2,"90":2,"91":2},"f":{"0":4,"1":11,"2":8,"3":3,"4":2,"5":0},"b":{"0":[2,2],"1":[1,1],"2":[2,1],"3":[11,11],"4":[11,11],"5":[11,1,1],"6":[1,10],"7":[1,9],"8":[0,9],"9":[4,5],"10":[1,3],"11":[2,3],"12":[2,2],"13":[0,2],"14":[0,2],"15":[0,2],"16":[0,2],"17":[3,0],"18":[1,2],"19":[1,1],"20":[0,1],"21":[0,1],"22":[0,1],"23":[0,1],"24":[2,0],"25":[0,0],"26":[0,0],"27":[0,0],"28":[11,0],"29":[2,1],"30":[1,0],"31":[0,0],"32":[2,2],"33":[0,2],"34":[0,0],"35":[2,0]},"meta":{"lastBranch":36,"lastFunction":6,"lastStatement":92,"seen":{"f:7:9:7:18":0,"s:8:16:8:36":0,"b:9:4:9:Infinity:undefined:undefined:undefined:undefined":0,"s:9:4:9:Infinity":1,"s:9:44:9:Infinity":2,"s:10:23:10:59":3,"b:11:4:11:Infinity:undefined:undefined:undefined:undefined":1,"s:11:4:11:Infinity":4,"b:11:8:11:18:11:22:11:47":2,"s:11:49:11:Infinity":5,"s:12:4:12:Infinity":6,"f:15:22:15:35":1,"s:16:22:16:32":7,"s:17:16:17:36":8,"s:18:19:18:33":9,"s:21:4:27:Infinity":10,"b:25:12:25:51:25:55:25:64":3,"b:26:16:26:32:26:36:26:Infinity":4,"s:30:4:115:Infinity":11,"s:31:8:31:Infinity":12,"s:34:19:34:55":13,"b:34:20:34:25:34:29:34:34:34:38:34:40":5,"b:35:8:101:Infinity:38:15:101:Infinity":6,"s:35:8:101:Infinity":14,"s:36:13:36:Infinity":15,"s:37:13:37:Infinity":16,"b:40:12:100:Infinity:42:19:100:Infinity":7,"s:40:12:100:Infinity":17,"s:41:16:41:Infinity":18,"b:42:19:100:Infinity:44:19:100:Infinity":8,"s:42:19:100:Infinity":19,"s:43:16:43:Infinity":20,"b:44:19:100:Infinity:53:19:100:Infinity":9,"s:44:19:100:Infinity":21,"b:45:17:52:Infinity:50:24:52:Infinity":10,"s:45:17:52:Infinity":22,"s:46:21:49:Infinity":23,"s:51:21:51:Infinity":24,"b:53:19:100:Infinity:66:19:100:Infinity":11,"s:53:19:100:Infinity":25,"s:55:37:55:72":26,"b:55:37:55:66:55:70:55:72":12,"s:56:27:56:31":27,"b:57:16:58:Infinity:58:21:58:Infinity":13,"s:57:16:58:Infinity":28,"s:57:67:57:Infinity":29,"b:58:21:58:Infinity:undefined:undefined:undefined:undefined":14,"s:58:21:58:Infinity":30,"s:58:72:58:Infinity":31,"s:60:32:60:45":32,"s:61:33:61:88":33,"b:61:43:61:50:61:54:61:87":15,"b:61:70:61:77:61:80:61:87":16,"s:63:16:65:Infinity":34,"s:67:34:67:72":35,"f:67:65:67:66":2,"s:67:70:67:71":36,"s:68:29:68:31":37,"s:69:33:69:60":38,"b:71:16:99:Infinity:97:23:99:Infinity":17,"s:71:16:99:Infinity":39,"s:72:36:72:48":40,"b:73:20:96:Infinity:85:27:96:Infinity":18,"s:73:20:96:Infinity":41,"s:75:45:75:80":42,"b:75:45:75:74:75:78:75:80":19,"s:76:35:76:39":43,"b:77:24:78:Infinity:78:29:78:Infinity":20,"s:77:24:78:Infinity":44,"s:77:75:77:Infinity":45,"b:78:29:78:Infinity:undefined:undefined:undefined:undefined":21,"s:78:29:78:Infinity":46,"s:78:80:78:Infinity":47,"s:79:40:79:53":48,"s:80:41:80:96":49,"b:80:51:80:58:80:62:80:95":22,"b:80:78:80:85:80:88:80:95":23,"s:82:24:84:Infinity":50,"b:85:27:96:Infinity:88:27:96:Infinity":24,"s:85:27:96:Infinity":51,"s:87:24:87:Infinity":52,"b:88:27:96:Infinity:94:27:96:Infinity":25,"s:88:27:96:Infinity":53,"s:90:40:90:69":54,"b:90:40:90:56:90:60:90:69":26,"s:91:25:93:Infinity":55,"s:95:25:95:Infinity":56,"s:98:20:98:Infinity":57,"s:104:8:104:Infinity":58,"b:104:46:104:55:104:59:104:62":27,"s:105:8:105:Infinity":59,"s:107:25:107:47":60,"s:108:8:114:Infinity":61,"b:112:31:112:46:112:49:112:52":28,"s:117:4:117:Infinity":62,"f:120:15:120:30":3,"b:121:4:138:Infinity:126:11:138:Infinity":29,"s:121:4:138:Infinity":63,"s:122:22:122:38":64,"s:123:8:125:Infinity":65,"b:126:11:138:Infinity:undefined:undefined:undefined:undefined":30,"s:126:11:138:Infinity":66,"s:127:8:137:Infinity":67,"s:128:30:128:50":68,"s:129:11:129:Infinity":69,"s:130:12:130:70":70,"s:131:12:133:Infinity":71,"s:135:12:135:Infinity":72,"s:136:12:136:Infinity":73,"b:136:74:136:83:136:87:136:109":31,"s:139:4:139:Infinity":74,"f:142:15:142:33":4,"s:143:16:143:36":75,"s:144:25:144:37":76,"s:147:24:147:51":77,"b:147:24:147:45:147:49:147:51":32,"s:149:15:149:17":78,"b:150:4:154:Infinity:undefined:undefined:undefined:undefined":33,"s:150:4:154:Infinity":79,"s:151:9:153:Infinity":80,"f:151:41:151:43":5,"b:152:13:152:Infinity:undefined:undefined:undefined:undefined":34,"s:152:13:152:Infinity":81,"s:152:28:152:Infinity":82,"b:157:4:159:Infinity:undefined:undefined:undefined:undefined":35,"s:157:4:159:Infinity":83,"s:158:8:158:Infinity":84,"s:162:16:162:18":85,"s:165:4:165:Infinity":86,"s:168:4:168:Infinity":87,"s:171:4:171:Infinity":88,"s:174:4:174:Infinity":89,"s:176:17:176:33":90,"s:177:4:179:Infinity":91}}}
,"/app/src/html.js": {"path":"/app/src/html.js","statementMap":{"0":{"start":{"line":1,"column":21},"end":{"line":116,"column":1}},"1":{"start":{"line":119,"column":23},"end":{"line":119,"column":35}},"2":{"start":{"line":120,"column":15},"end":{"line":120,"column":58}},"3":{"start":{"line":123,"column":4},"end":{"line":175,"column":null}},"4":{"start":{"line":179,"column":23},"end":{"line":179,"column":35}},"5":{"start":{"line":180,"column":15},"end":{"line":180,"column":58}},"6":{"start":{"line":182,"column":4},"end":{"line":311,"column":null}},"7":{"start":{"line":315,"column":4},"end":{"line":324,"column":null}}},"fnMap":{"0":{"name":"getTerminalHtml","decl":{"start":{"line":118,"column":16},"end":{"line":118,"column":31}},"loc":{"start":{"line":118,"column":64},"end":{"line":176,"column":null}},"line":118},"1":{"name":"getSubscriptionPageHtml","decl":{"start":{"line":178,"column":16},"end":{"line":178,"column":39}},"loc":{"start":{"line":178,"column":82},"end":{"line":312,"column":null}},"line":178},"2":{"name":"serveDNSEncodingExplanation","decl":{"start":{"line":314,"column":16},"end":{"line":314,"column":43}},"loc":{"start":{"line":314,"column":46},"end":{"line":325,"column":null}},"line":314}},"branchMap":{"0":{"loc":{"start":{"line":119,"column":23},"end":{"line":119,"column":35}},"type":"binary-expr","locations":[{"start":{"line":119,"column":23},"end":{"line":119,"column":27}},{"start":{"line":119,"column":31},"end":{"line":119,"column":35}}],"line":119},"1":{"loc":{"start":{"line":120,"column":15},"end":{"line":120,"column":58}},"type":"binary-expr","locations":[{"start":{"line":120,"column":15},"end":{"line":120,"column":39}},{"start":{"line":120,"column":43},"end":{"line":120,"column":58}}],"line":120},"2":{"loc":{"start":{"line":124,"column":32},"end":{"line":124,"column":55}},"type":"cond-expr","locations":[{"start":{"line":124,"column":42},"end":{"line":124,"column":47}},{"start":{"line":124,"column":50},"end":{"line":124,"column":55}}],"line":124},"3":{"loc":{"start":{"line":179,"column":23},"end":{"line":179,"column":35}},"type":"binary-expr","locations":[{"start":{"line":179,"column":23},"end":{"line":179,"column":27}},{"start":{"line":179,"column":31},"end":{"line":179,"column":35}}],"line":179},"4":{"loc":{"start":{"line":180,"column":15},"end":{"line":180,"column":58}},"type":"binary-expr","locations":[{"start":{"line":180,"column":15},"end":{"line":180,"column":39}},{"start":{"line":180,"column":43},"end":{"line":180,"column":58}}],"line":180},"5":{"loc":{"start":{"line":183,"column":32},"end":{"line":183,"column":55}},"type":"cond-expr","locations":[{"start":{"line":183,"column":42},"end":{"line":183,"column":47}},{"start":{"line":183,"column":50},"end":{"line":183,"column":55}}],"line":183}},"s":{"0":1,"1":6,"2":6,"3":6,"4":8,"5":8,"6":8,"7":1},"f":{"0":6,"1":8,"2":1},"b":{"0":[6,1],"1":[6,1],"2":[1,5],"3":[8,1],"4":[8,1],"5":[1,7]},"meta":{"lastBranch":6,"lastFunction":3,"lastStatement":8,"seen":{"s:1:21:116:1":0,"f:118:16:118:31":0,"s:119:23:119:35":1,"b:119:23:119:27:119:31:119:35":0,"s:120:15:120:58":2,"b:120:15:120:39:120:43:120:58":1,"s:123:4:175:Infinity":3,"b:124:42:124:47:124:50:124:55":2,"f:178:16:178:39":1,"s:179:23:179:35":4,"b:179:23:179:27:179:31:179:35":3,"s:180:15:180:58":5,"b:180:15:180:39:180:43:180:58":4,"s:182:4:311:Infinity":6,"b:183:42:183:47:183:50:183:55":5,"f:314:16:314:43":2,"s:315:4:324:Infinity":7}}}
,"/app/src/protocols.js": {"path":"/app/src/protocols.js","statementMap":{"0":{"start":{"line":4,"column":22},"end":{"line":4,"column":62}},"1":{"start":{"line":5,"column":23},"end":{"line":5,"column":58}},"2":{"start":{"line":10,"column":68},"end":{"line":10,"column":75}},"3":{"start":{"line":11,"column":18},"end":{"line":11,"column":20}},"4":{"start":{"line":12,"column":19},"end":{"line":12,"column":30}},"5":{"start":{"line":13,"column":18},"end":{"line":13,"column":34}},"6":{"start":{"line":15,"column":4},"end":{"line":67,"column":null}},"7":{"start":{"line":16,"column":27},"end":{"line":16,"column":55}},"8":{"start":{"line":17,"column":8},"end":{"line":19,"column":null}},"9":{"start":{"line":18,"column":12},"end":{"line":18,"column":null}},"10":{"start":{"line":20,"column":23},"end":{"line":20,"column":71}},"11":{"start":{"line":22,"column":30},"end":{"line":22,"column":32}},"12":{"start":{"line":24,"column":8},"end":{"line":49,"column":null}},"13":{"start":{"line":25,"column":12},"end":{"line":27,"column":null}},"14":{"start":{"line":26,"column":16},"end":{"line":26,"column":null}},"15":{"start":{"line":28,"column":12},"end":{"line":32,"column":null}},"16":{"start":{"line":29,"column":16},"end":{"line":31,"column":null}},"17":{"start":{"line":30,"column":20},"end":{"line":30,"column":null}},"18":{"start":{"line":34,"column":12},"end":{"line":48,"column":null}},"19":{"start":{"line":35,"column":29},"end":{"line":35,"column":48}},"20":{"start":{"line":36,"column":16},"end":{"line":44,"column":null}},"21":{"start":{"line":37,"column":20},"end":{"line":37,"column":null}},"22":{"start":{"line":38,"column":23},"end":{"line":44,"column":null}},"23":{"start":{"line":39,"column":21},"end":{"line":41,"column":null}},"24":{"start":{"line":40,"column":24},"end":{"line":40,"column":null}},"25":{"start":{"line":43,"column":21},"end":{"line":43,"column":null}},"26":{"start":{"line":46,"column":17},"end":{"line":46,"column":null}},"27":{"start":{"line":47,"column":17},"end":{"line":47,"column":null}},"28":{"start":{"line":47,"column":37},"end":{"line":47,"column":null}},"29":{"start":{"line":51,"column":8},"end":{"line":66,"column":null}},"30":{"start":{"line":52,"column":35},"end":{"line":52,"column":36}},"31":{"start":{"line":53,"column":28},"end":{"line":53,"column":45}},"32":{"start":{"line":54,"column":32},"end":{"line":54,"column":66}},"33":{"start":{"line":55,"column":24},"end":{"line":55,"column":175}},"34":{"start":{"line":57,"column":13},"end":{"line":62,"column":null}},"35":{"start":{"line":58,"column":17},"end":{"line":58,"column":null}},"36":{"start":{"line":59,"column":17},"end":{"line":61,"column":null}},"37":{"start":{"line":60,"column":21},"end":{"line":60,"column":null}},"38":{"start":{"line":64,"column":13},"end":{"line":64,"column":null}},"39":{"start":{"line":65,"column":13},"end":{"line":65,"column":null}},"40":{"start":{"line":69,"column":4},"end":{"line":69,"column":null}},"41":{"start":{"line":73,"column":39},"end":{"line":73,"column":46}},"42":{"start":{"line":74,"column":19},"end":{"line":74,"column":21}},"43":{"start":{"line":75,"column":20},"end":{"line":75,"column":33}},"44":{"start":{"line":77,"column":5},"end":{"line":103,"column":null}},"45":{"start":{"line":78,"column":24},"end":{"line":78,"column":52}},"46":{"start":{"line":79,"column":9},"end":{"line":79,"column":null}},"47":{"start":{"line":79,"column":44},"end":{"line":79,"column":null}},"48":{"start":{"line":80,"column":22},"end":{"line":80,"column":48}},"49":{"start":{"line":81,"column":23},"end":{"line":81,"column":52}},"50":{"start":{"line":83,"column":9},"end":{"line":83,"column":null}},"51":{"start":{"line":83,"column":38},"end":{"line":83,"column":null}},"52":{"start":{"line":85,"column":29},"end":{"line":100,"column":10}},"53":{"start":{"line":101,"column":21},"end":{"line":101,"column":54}},"54":{"start":{"line":102,"column":9},"end":{"line":102,"column":null}},"55":{"start":{"line":104,"column":5},"end":{"line":104,"column":null}},"56":{"start":{"line":108,"column":38},"end":{"line":108,"column":45}},"57":{"start":{"line":109,"column":18},"end":{"line":109,"column":20}},"58":{"start":{"line":110,"column":19},"end":{"line":110,"column":43}},"59":{"start":{"line":111,"column":21},"end":{"line":111,"column":25}},"60":{"start":{"line":112,"column":19},"end":{"line":112,"column":32}},"61":{"start":{"line":114,"column":4},"end":{"line":127,"column":null}},"62":{"start":{"line":115,"column":23},"end":{"line":115,"column":51}},"63":{"start":{"line":116,"column":8},"end":{"line":116,"column":null}},"64":{"start":{"line":116,"column":43},"end":{"line":116,"column":null}},"65":{"start":{"line":117,"column":21},"end":{"line":117,"column":47}},"66":{"start":{"line":118,"column":22},"end":{"line":118,"column":51}},"67":{"start":{"line":120,"column":8},"end":{"line":120,"column":null}},"68":{"start":{"line":120,"column":37},"end":{"line":120,"column":null}},"69":{"start":{"line":122,"column":25},"end":{"line":122,"column":54}},"70":{"start":{"line":123,"column":26},"end":{"line":123,"column":111}},"71":{"start":{"line":124,"column":8},"end":{"line":124,"column":null}},"72":{"start":{"line":124,"column":19},"end":{"line":124,"column":null}},"73":{"start":{"line":126,"column":8},"end":{"line":126,"column":null}},"74":{"start":{"line":128,"column":4},"end":{"line":128,"column":null}},"75":{"start":{"line":132,"column":38},"end":{"line":132,"column":45}},"76":{"start":{"line":133,"column":18},"end":{"line":133,"column":20}},"77":{"start":{"line":134,"column":25},"end":{"line":134,"column":47}},"78":{"start":{"line":135,"column":19},"end":{"line":135,"column":32}},"79":{"start":{"line":137,"column":4},"end":{"line":159,"column":null}},"80":{"start":{"line":138,"column":23},"end":{"line":138,"column":51}},"81":{"start":{"line":139,"column":8},"end":{"line":139,"column":null}},"82":{"start":{"line":139,"column":43},"end":{"line":139,"column":null}},"83":{"start":{"line":140,"column":21},"end":{"line":140,"column":47}},"84":{"start":{"line":143,"column":22},"end":{"line":143,"column":67}},"85":{"start":{"line":145,"column":8},"end":{"line":145,"column":null}},"86":{"start":{"line":145,"column":37},"end":{"line":145,"column":null}},"87":{"start":{"line":147,"column":23},"end":{"line":147,"column":71}},"88":{"start":{"line":149,"column":19},"end":{"line":149,"column":160}},"89":{"start":{"line":151,"column":8},"end":{"line":155,"column":null}},"90":{"start":{"line":152,"column":13},"end":{"line":152,"column":null}},"91":{"start":{"line":154,"column":13},"end":{"line":154,"column":null}},"92":{"start":{"line":157,"column":8},"end":{"line":157,"column":null}},"93":{"start":{"line":158,"column":8},"end":{"line":158,"column":null}},"94":{"start":{"line":160,"column":4},"end":{"line":160,"column":null}}},"fnMap":{"0":{"name":"generateLinksFromSource","decl":{"start":{"line":9,"column":16},"end":{"line":9,"column":39}},"loc":{"start":{"line":9,"column":98},"end":{"line":70,"column":null}},"line":9},"1":{"name":"(anonymous_1)","decl":{"start":{"line":15,"column":17},"end":{"line":15,"column":21}},"loc":{"start":{"line":15,"column":25},"end":{"line":67,"column":5}},"line":15},"2":{"name":"(anonymous_2)","decl":{"start":{"line":25,"column":35},"end":{"line":25,"column":39}},"loc":{"start":{"line":25,"column":43},"end":{"line":27,"column":13}},"line":25},"3":{"name":"(anonymous_3)","decl":{"start":{"line":29,"column":38},"end":{"line":29,"column":42}},"loc":{"start":{"line":29,"column":46},"end":{"line":31,"column":17}},"line":29},"4":{"name":"(anonymous_4)","decl":{"start":{"line":51,"column":32},"end":{"line":51,"column":33}},"loc":{"start":{"line":51,"column":37},"end":{"line":66,"column":9}},"line":51},"5":{"name":"generateVMessLinksFromSource","decl":{"start":{"line":72,"column":16},"end":{"line":72,"column":44}},"loc":{"start":{"line":72,"column":85},"end":{"line":105,"column":null}},"line":72},"6":{"name":"(anonymous_6)","decl":{"start":{"line":77,"column":18},"end":{"line":77,"column":22}},"loc":{"start":{"line":77,"column":26},"end":{"line":103,"column":6}},"line":77},"7":{"name":"generateShadowsocksLinksFromSource","decl":{"start":{"line":107,"column":16},"end":{"line":107,"column":50}},"loc":{"start":{"line":107,"column":91},"end":{"line":129,"column":null}},"line":107},"8":{"name":"(anonymous_8)","decl":{"start":{"line":114,"column":17},"end":{"line":114,"column":21}},"loc":{"start":{"line":114,"column":25},"end":{"line":127,"column":5}},"line":114},"9":{"name":"generateTrojanLinksFromSource","decl":{"start":{"line":131,"column":22},"end":{"line":131,"column":51}},"loc":{"start":{"line":131,"column":110},"end":{"line":161,"column":null}},"line":131}},"branchMap":{"0":{"loc":{"start":{"line":9,"column":66},"end":{"line":9,"column":82}},"type":"default-arg","locations":[{"start":{"line":9,"column":78},"end":{"line":9,"column":82}}],"line":9},"1":{"loc":{"start":{"line":9,"column":84},"end":{"line":9,"column":96}},"type":"default-arg","locations":[{"start":{"line":9,"column":94},"end":{"line":9,"column":96}}],"line":9},"2":{"loc":{"start":{"line":10,"column":12},"end":{"line":10,"column":33}},"type":"default-arg","locations":[{"start":{"line":10,"column":28},"end":{"line":10,"column":33}}],"line":10},"3":{"loc":{"start":{"line":10,"column":35},"end":{"line":10,"column":63}},"type":"default-arg","locations":[{"start":{"line":10,"column":58},"end":{"line":10,"column":63}}],"line":10},"4":{"loc":{"start":{"line":17,"column":8},"end":{"line":19,"column":null}},"type":"if","locations":[{"start":{"line":17,"column":8},"end":{"line":19,"column":null}},{"start":{},"end":{}}],"line":17},"5":{"loc":{"start":{"line":17,"column":12},"end":{"line":17,"column":41}},"type":"binary-expr","locations":[{"start":{"line":17,"column":12},"end":{"line":17,"column":21}},{"start":{"line":17,"column":25},"end":{"line":17,"column":41}}],"line":17},"6":{"loc":{"start":{"line":20,"column":23},"end":{"line":20,"column":71}},"type":"cond-expr","locations":[{"start":{"line":20,"column":47},"end":{"line":20,"column":61}},{"start":{"line":20,"column":64},"end":{"line":20,"column":71}}],"line":20},"7":{"loc":{"start":{"line":24,"column":8},"end":{"line":49,"column":null}},"type":"if","locations":[{"start":{"line":24,"column":8},"end":{"line":49,"column":null}},{"start":{"line":33,"column":15},"end":{"line":49,"column":null}}],"line":24},"8":{"loc":{"start":{"line":28,"column":12},"end":{"line":32,"column":null}},"type":"if","locations":[{"start":{"line":28,"column":12},"end":{"line":32,"column":null}},{"start":{},"end":{}}],"line":28},"9":{"loc":{"start":{"line":34,"column":12},"end":{"line":48,"column":null}},"type":"if","locations":[{"start":{"line":34,"column":12},"end":{"line":48,"column":null}},{"start":{"line":45,"column":19},"end":{"line":48,"column":null}}],"line":34},"10":{"loc":{"start":{"line":36,"column":16},"end":{"line":44,"column":null}},"type":"if","locations":[{"start":{"line":36,"column":16},"end":{"line":44,"column":null}},{"start":{"line":38,"column":23},"end":{"line":44,"column":null}}],"line":36},"11":{"loc":{"start":{"line":38,"column":23},"end":{"line":44,"column":null}},"type":"if","locations":[{"start":{"line":38,"column":23},"end":{"line":44,"column":null}},{"start":{"line":42,"column":23},"end":{"line":44,"column":null}}],"line":38},"12":{"loc":{"start":{"line":39,"column":21},"end":{"line":41,"column":null}},"type":"if","locations":[{"start":{"line":39,"column":21},"end":{"line":41,"column":null}},{"start":{},"end":{}}],"line":39},"13":{"loc":{"start":{"line":47,"column":17},"end":{"line":47,"column":null}},"type":"if","locations":[{"start":{"line":47,"column":17},"end":{"line":47,"column":null}},{"start":{},"end":{}}],"line":47},"14":{"loc":{"start":{"line":53,"column":28},"end":{"line":53,"column":45}},"type":"cond-expr","locations":[{"start":{"line":53,"column":34},"end":{"line":53,"column":40}},{"start":{"line":53,"column":43},"end":{"line":53,"column":45}}],"line":53},"15":{"loc":{"start":{"line":55,"column":89},"end":{"line":55,"column":109}},"type":"cond-expr","locations":[{"start":{"line":55,"column":95},"end":{"line":55,"column":100}},{"start":{"line":55,"column":103},"end":{"line":55,"column":109}}],"line":55},"16":{"loc":{"start":{"line":57,"column":13},"end":{"line":62,"column":null}},"type":"if","locations":[{"start":{"line":57,"column":13},"end":{"line":62,"column":null}},{"start":{},"end":{}}],"line":57},"17":{"loc":{"start":{"line":59,"column":17},"end":{"line":61,"column":null}},"type":"if","locations":[{"start":{"line":59,"column":17},"end":{"line":61,"column":null}},{"start":{},"end":{}}],"line":59},"18":{"loc":{"start":{"line":72,"column":71},"end":{"line":72,"column":83}},"type":"default-arg","locations":[{"start":{"line":72,"column":81},"end":{"line":72,"column":83}}],"line":72},"19":{"loc":{"start":{"line":73,"column":13},"end":{"line":73,"column":34}},"type":"default-arg","locations":[{"start":{"line":73,"column":29},"end":{"line":73,"column":34}}],"line":73},"20":{"loc":{"start":{"line":79,"column":9},"end":{"line":79,"column":null}},"type":"if","locations":[{"start":{"line":79,"column":9},"end":{"line":79,"column":null}},{"start":{},"end":{}}],"line":79},"21":{"loc":{"start":{"line":79,"column":13},"end":{"line":79,"column":42}},"type":"binary-expr","locations":[{"start":{"line":79,"column":13},"end":{"line":79,"column":22}},{"start":{"line":79,"column":26},"end":{"line":79,"column":42}}],"line":79},"22":{"loc":{"start":{"line":80,"column":31},"end":{"line":80,"column":47}},"type":"binary-expr","locations":[{"start":{"line":80,"column":31},"end":{"line":80,"column":40}},{"start":{"line":80,"column":44},"end":{"line":80,"column":47}}],"line":80},"23":{"loc":{"start":{"line":83,"column":9},"end":{"line":83,"column":null}},"type":"if","locations":[{"start":{"line":83,"column":9},"end":{"line":83,"column":null}},{"start":{},"end":{}}],"line":83},"24":{"loc":{"start":{"line":83,"column":13},"end":{"line":83,"column":36}},"type":"binary-expr","locations":[{"start":{"line":83,"column":13},"end":{"line":83,"column":19}},{"start":{"line":83,"column":23},"end":{"line":83,"column":36}}],"line":83},"25":{"loc":{"start":{"line":97,"column":18},"end":{"line":97,"column":36}},"type":"cond-expr","locations":[{"start":{"line":97,"column":26},"end":{"line":97,"column":31}},{"start":{"line":97,"column":34},"end":{"line":97,"column":36}}],"line":97},"26":{"loc":{"start":{"line":98,"column":18},"end":{"line":98,"column":43}},"type":"cond-expr","locations":[{"start":{"line":98,"column":26},"end":{"line":98,"column":38}},{"start":{"line":98,"column":41},"end":{"line":98,"column":43}}],"line":98},"27":{"loc":{"start":{"line":99,"column":19},"end":{"line":99,"column":null}},"type":"cond-expr","locations":[{"start":{"line":99,"column":27},"end":{"line":99,"column":40}},{"start":{"line":99,"column":43},"end":{"line":99,"column":null}}],"line":99},"28":{"loc":{"start":{"line":107,"column":77},"end":{"line":107,"column":89}},"type":"default-arg","locations":[{"start":{"line":107,"column":87},"end":{"line":107,"column":89}}],"line":107},"29":{"loc":{"start":{"line":108,"column":12},"end":{"line":108,"column":33}},"type":"default-arg","locations":[{"start":{"line":108,"column":28},"end":{"line":108,"column":33}}],"line":108},"30":{"loc":{"start":{"line":116,"column":8},"end":{"line":116,"column":null}},"type":"if","locations":[{"start":{"line":116,"column":8},"end":{"line":116,"column":null}},{"start":{},"end":{}}],"line":116},"31":{"loc":{"start":{"line":116,"column":12},"end":{"line":116,"column":41}},"type":"binary-expr","locations":[{"start":{"line":116,"column":12},"end":{"line":116,"column":21}},{"start":{"line":116,"column":25},"end":{"line":116,"column":41}}],"line":116},"32":{"loc":{"start":{"line":117,"column":30},"end":{"line":117,"column":46}},"type":"binary-expr","locations":[{"start":{"line":117,"column":30},"end":{"line":117,"column":39}},{"start":{"line":117,"column":43},"end":{"line":117,"column":46}}],"line":117},"33":{"loc":{"start":{"line":120,"column":8},"end":{"line":120,"column":null}},"type":"if","locations":[{"start":{"line":120,"column":8},"end":{"line":120,"column":null}},{"start":{},"end":{}}],"line":120},"34":{"loc":{"start":{"line":120,"column":12},"end":{"line":120,"column":35}},"type":"binary-expr","locations":[{"start":{"line":120,"column":12},"end":{"line":120,"column":18}},{"start":{"line":120,"column":22},"end":{"line":120,"column":35}}],"line":120},"35":{"loc":{"start":{"line":124,"column":8},"end":{"line":124,"column":null}},"type":"if","locations":[{"start":{"line":124,"column":8},"end":{"line":124,"column":null}},{"start":{},"end":{}}],"line":124},"36":{"loc":{"start":{"line":131,"column":78},"end":{"line":131,"column":94}},"type":"default-arg","locations":[{"start":{"line":131,"column":90},"end":{"line":131,"column":94}}],"line":131},"37":{"loc":{"start":{"line":131,"column":96},"end":{"line":131,"column":108}},"type":"default-arg","locations":[{"start":{"line":131,"column":106},"end":{"line":131,"column":108}}],"line":131},"38":{"loc":{"start":{"line":132,"column":12},"end":{"line":132,"column":33}},"type":"default-arg","locations":[{"start":{"line":132,"column":28},"end":{"line":132,"column":33}}],"line":132},"39":{"loc":{"start":{"line":139,"column":8},"end":{"line":139,"column":null}},"type":"if","locations":[{"start":{"line":139,"column":8},"end":{"line":139,"column":null}},{"start":{},"end":{}}],"line":139},"40":{"loc":{"start":{"line":139,"column":12},"end":{"line":139,"column":41}},"type":"binary-expr","locations":[{"start":{"line":139,"column":12},"end":{"line":139,"column":21}},{"start":{"line":139,"column":25},"end":{"line":139,"column":41}}],"line":139},"41":{"loc":{"start":{"line":140,"column":30},"end":{"line":140,"column":46}},"type":"binary-expr","locations":[{"start":{"line":140,"column":30},"end":{"line":140,"column":39}},{"start":{"line":140,"column":43},"end":{"line":140,"column":46}}],"line":140},"42":{"loc":{"start":{"line":143,"column":22},"end":{"line":143,"column":67}},"type":"binary-expr","locations":[{"start":{"line":143,"column":22},"end":{"line":143,"column":34}},{"start":{"line":143,"column":38},"end":{"line":143,"column":67}}],"line":143},"43":{"loc":{"start":{"line":145,"column":8},"end":{"line":145,"column":null}},"type":"if","locations":[{"start":{"line":145,"column":8},"end":{"line":145,"column":null}},{"start":{},"end":{}}],"line":145},"44":{"loc":{"start":{"line":145,"column":12},"end":{"line":145,"column":35}},"type":"binary-expr","locations":[{"start":{"line":145,"column":12},"end":{"line":145,"column":18}},{"start":{"line":145,"column":22},"end":{"line":145,"column":35}}],"line":145},"45":{"loc":{"start":{"line":147,"column":23},"end":{"line":147,"column":71}},"type":"cond-expr","locations":[{"start":{"line":147,"column":47},"end":{"line":147,"column":61}},{"start":{"line":147,"column":64},"end":{"line":147,"column":71}}],"line":147},"46":{"loc":{"start":{"line":151,"column":8},"end":{"line":155,"column":null}},"type":"if","locations":[{"start":{"line":151,"column":8},"end":{"line":155,"column":null}},{"start":{"line":153,"column":15},"end":{"line":155,"column":null}}],"line":151}},"s":{"0":1,"1":1,"2":3,"3":3,"4":3,"5":3,"6":3,"7":3,"8":3,"9":2,"10":3,"11":3,"12":3,"13":1,"14":6,"15":1,"16":1,"17":7,"18":2,"19":2,"20":2,"21":1,"22":1,"23":1,"24":0,"25":0,"26":0,"27":0,"28":0,"29":3,"30":14,"31":14,"32":14,"33":14,"34":14,"35":7,"36":7,"37":0,"38":14,"39":14,"40":3,"41":1,"42":1,"43":1,"44":1,"45":1,"46":1,"47":1,"48":1,"49":1,"50":1,"51":0,"52":1,"53":1,"54":1,"55":1,"56":1,"57":1,"58":1,"59":1,"60":1,"61":1,"62":1,"63":1,"64":1,"65":1,"66":1,"67":1,"68":0,"69":1,"70":1,"71":1,"72":1,"73":1,"74":1,"75":3,"76":3,"77":3,"78":3,"79":3,"80":3,"81":3,"82":2,"83":3,"84":3,"85":3,"86":1,"87":2,"88":3,"89":3,"90":1,"91":1,"92":2,"93":2,"94":3},"f":{"0":3,"1":3,"2":6,"3":7,"4":14,"5":1,"6":1,"7":1,"8":1,"9":3},"b":{"0":[3],"1":[3],"2":[3],"3":[3],"4":[2,1],"5":[3,2],"6":[0,3],"7":[1,2],"8":[1,0],"9":[2,0],"10":[1,1],"11":[1,0],"12":[0,1],"13":[0,0],"14":[7,7],"15":[7,7],"16":[7,7],"17":[0,7],"18":[1],"19":[1],"20":[1,0],"21":[1,1],"22":[1,0],"23":[0,1],"24":[1,0],"25":[1,0],"26":[1,0],"27":[1,0],"28":[1],"29":[1],"30":[1,0],"31":[1,1],"32":[1,0],"33":[0,1],"34":[1,0],"35":[1,0],"36":[3],"37":[3],"38":[3],"39":[2,1],"40":[3,2],"41":[3,0],"42":[3,1],"43":[1,2],"44":[3,1],"45":[0,2],"46":[1,1]},"meta":{"lastBranch":47,"lastFunction":10,"lastStatement":95,"seen":{"s:4:22:4:62":0,"s:5:23:5:58":1,"f:9:16:9:39":0,"b:9:78:9:82":0,"b:9:94:9:96":1,"s:10:68:10:75":2,"b:10:28:10:33":2,"b:10:58:10:63":3,"s:11:18:11:20":3,"s:12:19:12:30":4,"s:13:18:13:34":5,"s:15:4:67:Infinity":6,"f:15:17:15:21":1,"s:16:27:16:55":7,"b:17:8:19:Infinity:undefined:undefined:undefined:undefined":4,"s:17:8:19:Infinity":8,"b:17:12:17:21:17:25:17:41":5,"s:18:12:18:Infinity":9,"s:20:23:20:71":10,"b:20:47:20:61:20:64:20:71":6,"s:22:30:22:32":11,"b:24:8:49:Infinity:33:15:49:Infinity":7,"s:24:8:49:Infinity":12,"s:25:12:27:Infinity":13,"f:25:35:25:39":2,"s:26:16:26:Infinity":14,"b:28:12:32:Infinity:undefined:undefined:undefined:undefined":8,"s:28:12:32:Infinity":15,"s:29:16:31:Infinity":16,"f:29:38:29:42":3,"s:30:20:30:Infinity":17,"b:34:12:48:Infinity:45:19:48:Infinity":9,"s:34:12:48:Infinity":18,"s:35:29:35:48":19,"b:36:16:44:Infinity:38:23:44:Infinity":10,"s:36:16:44:Infinity":20,"s:37:20:37:Infinity":21,"b:38:23:44:Infinity:42:23:44:Infinity":11,"s:38:23:44:Infinity":22,"b:39:21:41:Infinity:undefined:undefined:undefined:undefined":12,"s:39:21:41:Infinity":23,"s:40:24:40:Infinity":24,"s:43:21:43:Infinity":25,"s:46:17:46:Infinity":26,"b:47:17:47:Infinity:undefined:undefined:undefined:undefined":13,"s:47:17:47:Infinity":27,"s:47:37:47:Infinity":28,"s:51:8:66:Infinity":29,"f:51:32:51:33":4,"s:52:35:52:36":30,"s:53:28:53:45":31,"b:53:34:53:40:53:43:53:45":14,"s:54:32:54:66":32,"s:55:24:55:175":33,"b:55:95:55:100:55:103:55:109":15,"b:57:13:62:Infinity:undefined:undefined:undefined:undefined":16,"s:57:13:62:Infinity":34,"s:58:17:58:Infinity":35,"b:59:17:61:Infinity:undefined:undefined:undefined:undefined":17,"s:59:17:61:Infinity":36,"s:60:21:60:Infinity":37,"s:64:13:64:Infinity":38,"s:65:13:65:Infinity":39,"s:69:4:69:Infinity":40,"f:72:16:72:44":5,"b:72:81:72:83":18,"s:73:39:73:46":41,"b:73:29:73:34":19,"s:74:19:74:21":42,"s:75:20:75:33":43,"s:77:5:103:Infinity":44,"f:77:18:77:22":6,"s:78:24:78:52":45,"b:79:9:79:Infinity:undefined:undefined:undefined:undefined":20,"s:79:9:79:Infinity":46,"b:79:13:79:22:79:26:79:42":21,"s:79:44:79:Infinity":47,"s:80:22:80:48":48,"b:80:31:80:40:80:44:80:47":22,"s:81:23:81:52":49,"b:83:9:83:Infinity:undefined:undefined:undefined:undefined":23,"s:83:9:83:Infinity":50,"b:83:13:83:19:83:23:83:36":24,"s:83:38:83:Infinity":51,"s:85:29:100:10":52,"b:97:26:97:31:97:34:97:36":25,"b:98:26:98:38:98:41:98:43":26,"b:99:27:99:40:99:43:99:Infinity":27,"s:101:21:101:54":53,"s:102:9:102:Infinity":54,"s:104:5:104:Infinity":55,"f:107:16:107:50":7,"b:107:87:107:89":28,"s:108:38:108:45":56,"b:108:28:108:33":29,"s:109:18:109:20":57,"s:110:19:110:43":58,"s:111:21:111:25":59,"s:112:19:112:32":60,"s:114:4:127:Infinity":61,"f:114:17:114:21":8,"s:115:23:115:51":62,"b:116:8:116:Infinity:undefined:undefined:undefined:undefined":30,"s:116:8:116:Infinity":63,"b:116:12:116:21:116:25:116:41":31,"s:116:43:116:Infinity":64,"s:117:21:117:47":65,"b:117:30:117:39:117:43:117:46":32,"s:118:22:118:51":66,"b:120:8:120:Infinity:undefined:undefined:undefined:undefined":33,"s:120:8:120:Infinity":67,"b:120:12:120:18:120:22:120:35":34,"s:120:37:120:Infinity":68,"s:122:25:122:54":69,"s:123:26:123:111":70,"b:124:8:124:Infinity:undefined:undefined:undefined:undefined":35,"s:124:8:124:Infinity":71,"s:124:19:124:Infinity":72,"s:126:8:126:Infinity":73,"s:128:4:128:Infinity":74,"f:131:22:131:51":9,"b:131:90:131:94":36,"b:131:106:131:108":37,"s:132:38:132:45":75,"b:132:28:132:33":38,"s:133:18:133:20":76,"s:134:25:134:47":77,"s:135:19:135:32":78,"s:137:4:159:Infinity":79,"s:138:23:138:51":80,"b:139:8:139:Infinity:undefined:undefined:undefined:undefined":39,"s:139:8:139:Infinity":81,"b:139:12:139:21:139:25:139:41":40,"s:139:43:139:Infinity":82,"s:140:21:140:47":83,"b:140:30:140:39:140:43:140:46":41,"s:143:22:143:67":84,"b:143:22:143:34:143:38:143:67":42,"b:145:8:145:Infinity:undefined:undefined:undefined:undefined":43,"s:145:8:145:Infinity":85,"b:145:12:145:18:145:22:145:35":44,"s:145:37:145:Infinity":86,"s:147:23:147:71":87,"b:147:47:147:61:147:64:147:71":45,"s:149:19:149:160":88,"b:151:8:155:Infinity:153:15:155:Infinity":46,"s:151:8:155:Infinity":89,"s:152:13:152:Infinity":90,"s:154:13:154:Infinity":91,"s:157:8:157:Infinity":92,"s:158:8:158:Infinity":93,"s:160:4:160:Infinity":94}}}
,"/app/src/utils.js": {"path":"/app/src/utils.js","statementMap":{"0":{"start":{"line":2,"column":30},"end":{"line":2,"column":54}},"1":{"start":{"line":3,"column":30},"end":{"line":3,"column":54}},"2":{"start":{"line":4,"column":33},"end":{"line":4,"column":73}},"3":{"start":{"line":5,"column":30},"end":{"line":5,"column":102}},"4":{"start":{"line":6,"column":35},"end":{"line":6,"column":71}},"5":{"start":{"line":7,"column":28},"end":{"line":7,"column":64}},"6":{"start":{"line":8,"column":29},"end":{"line":8,"column":81}},"7":{"start":{"line":9,"column":32},"end":{"line":9,"column":84}},"8":{"start":{"line":10,"column":36},"end":{"line":10,"column":84}},"9":{"start":{"line":11,"column":33},"end":{"line":11,"column":69}},"10":{"start":{"line":12,"column":35},"end":{"line":12,"column":75}},"11":{"start":{"line":13,"column":33},"end":{"line":13,"column":73}},"12":{"start":{"line":14,"column":33},"end":{"line":14,"column":81}},"13":{"start":{"line":16,"column":33},"end":{"line":16,"column":34}},"14":{"start":{"line":17,"column":32},"end":{"line":17,"column":33}},"15":{"start":{"line":18,"column":33},"end":{"line":18,"column":34}},"16":{"start":{"line":21,"column":22},"end":{"line":21,"column":87}},"17":{"start":{"line":22,"column":4},"end":{"line":22,"column":null}},"18":{"start":{"line":26,"column":22},"end":{"line":26,"column":115}},"19":{"start":{"line":27,"column":4},"end":{"line":27,"column":null}},"20":{"start":{"line":27,"column":28},"end":{"line":27,"column":null}},"21":{"start":{"line":29,"column":22},"end":{"line":29,"column":66}},"22":{"start":{"line":30,"column":4},"end":{"line":30,"column":null}},"23":{"start":{"line":30,"column":28},"end":{"line":30,"column":null}},"24":{"start":{"line":32,"column":27},"end":{"line":32,"column":104}},"25":{"start":{"line":33,"column":4},"end":{"line":33,"column":null}},"26":{"start":{"line":33,"column":33},"end":{"line":33,"column":null}},"27":{"start":{"line":35,"column":4},"end":{"line":35,"column":null}},"28":{"start":{"line":39,"column":4},"end":{"line":47,"column":null}},"29":{"start":{"line":40,"column":22},"end":{"line":40,"column":62}},"30":{"start":{"line":41,"column":8},"end":{"line":46,"column":null}},"31":{"start":{"line":42,"column":12},"end":{"line":45,"column":null}},"32":{"start":{"line":49,"column":27},"end":{"line":49,"column":49}},"33":{"start":{"line":50,"column":4},"end":{"line":61,"column":null}},"34":{"start":{"line":51,"column":24},"end":{"line":51,"column":59}},"35":{"start":{"line":52,"column":21},"end":{"line":52,"column":42}},"36":{"start":{"line":54,"column":8},"end":{"line":60,"column":null}},"37":{"start":{"line":55,"column":29},"end":{"line":55,"column":63}},"38":{"start":{"line":56,"column":12},"end":{"line":56,"column":null}},"39":{"start":{"line":59,"column":13},"end":{"line":59,"column":null}},"40":{"start":{"line":63,"column":4},"end":{"line":63,"column":null}},"41":{"start":{"line":67,"column":20},"end":{"line":67,"column":44}},"42":{"start":{"line":68,"column":4},"end":{"line":72,"column":null}},"43":{"start":{"line":69,"column":55},"end":{"line":69,"column":83}},"44":{"start":{"line":70,"column":8},"end":{"line":70,"column":null}},"45":{"start":{"line":70,"column":24},"end":{"line":70,"column":null}},"46":{"start":{"line":71,"column":8},"end":{"line":71,"column":null}},"47":{"start":{"line":74,"column":17},"end":{"line":74,"column":46}},"48":{"start":{"line":75,"column":21},"end":{"line":75,"column":51}},"49":{"start":{"line":76,"column":51},"end":{"line":76,"column":80}},"50":{"start":{"line":78,"column":4},"end":{"line":78,"column":null}},"51":{"start":{"line":78,"column":20},"end":{"line":78,"column":null}},"52":{"start":{"line":80,"column":19},"end":{"line":80,"column":21}},"53":{"start":{"line":80,"column":34},"end":{"line":80,"column":36}},"54":{"start":{"line":81,"column":23},"end":{"line":81,"column":40}},"55":{"start":{"line":82,"column":4},"end":{"line":87,"column":null}},"56":{"start":{"line":83,"column":8},"end":{"line":83,"column":null}},"57":{"start":{"line":84,"column":8},"end":{"line":84,"column":null}},"58":{"start":{"line":86,"column":8},"end":{"line":86,"column":null}},"59":{"start":{"line":89,"column":4},"end":{"line":89,"column":null}},"60":{"start":{"line":93,"column":20},"end":{"line":93,"column":37}},"61":{"start":{"line":94,"column":17},"end":{"line":94,"column":37}},"62":{"start":{"line":96,"column":14},"end":{"line":105,"column":5}},"63":{"start":{"line":107,"column":12},"end":{"line":110,"column":5}},"64":{"start":{"line":112,"column":19},"end":{"line":112,"column":30}},"65":{"start":{"line":113,"column":19},"end":{"line":113,"column":29}},"66":{"start":{"line":114,"column":22},"end":{"line":114,"column":55}},"67":{"start":{"line":115,"column":19},"end":{"line":115,"column":44}},"68":{"start":{"line":116,"column":4},"end":{"line":116,"column":null}},"69":{"start":{"line":117,"column":4},"end":{"line":117,"column":null}},"70":{"start":{"line":119,"column":17},"end":{"line":119,"column":44}},"71":{"start":{"line":120,"column":4},"end":{"line":120,"column":null}},"72":{"start":{"line":122,"column":4},"end":{"line":163,"column":null}},"73":{"start":{"line":122,"column":21},"end":{"line":122,"column":22}},"74":{"start":{"line":123,"column":18},"end":{"line":123,"column":37}},"75":{"start":{"line":125,"column":8},"end":{"line":127,"column":null}},"76":{"start":{"line":125,"column":21},"end":{"line":125,"column":22}},"77":{"start":{"line":126,"column":12},"end":{"line":126,"column":null}},"78":{"start":{"line":129,"column":8},"end":{"line":133,"column":null}},"79":{"start":{"line":129,"column":21},"end":{"line":129,"column":23}},"80":{"start":{"line":130,"column":23},"end":{"line":130,"column":97}},"81":{"start":{"line":131,"column":23},"end":{"line":131,"column":96}},"82":{"start":{"line":132,"column":12},"end":{"line":132,"column":null}},"83":{"start":{"line":135,"column":39},"end":{"line":135,"column":40}},"84":{"start":{"line":137,"column":8},"end":{"line":153,"column":null}},"85":{"start":{"line":137,"column":21},"end":{"line":137,"column":22}},"86":{"start":{"line":138,"column":23},"end":{"line":138,"column":82}},"87":{"start":{"line":139,"column":23},"end":{"line":139,"column":41}},"88":{"start":{"line":140,"column":26},"end":{"line":140,"column":59}},"89":{"start":{"line":141,"column":23},"end":{"line":141,"column":82}},"90":{"start":{"line":142,"column":24},"end":{"line":142,"column":51}},"91":{"start":{"line":143,"column":26},"end":{"line":143,"column":42}},"92":{"start":{"line":145,"column":12},"end":{"line":145,"column":null}},"93":{"start":{"line":146,"column":12},"end":{"line":146,"column":null}},"94":{"start":{"line":147,"column":12},"end":{"line":147,"column":null}},"95":{"start":{"line":148,"column":12},"end":{"line":148,"column":null}},"96":{"start":{"line":149,"column":12},"end":{"line":149,"column":null}},"97":{"start":{"line":150,"column":12},"end":{"line":150,"column":null}},"98":{"start":{"line":151,"column":12},"end":{"line":151,"column":null}},"99":{"start":{"line":152,"column":12},"end":{"line":152,"column":null}},"100":{"start":{"line":155,"column":8},"end":{"line":155,"column":null}},"101":{"start":{"line":156,"column":8},"end":{"line":156,"column":null}},"102":{"start":{"line":157,"column":8},"end":{"line":157,"column":null}},"103":{"start":{"line":158,"column":8},"end":{"line":158,"column":null}},"104":{"start":{"line":159,"column":8},"end":{"line":159,"column":null}},"105":{"start":{"line":160,"column":8},"end":{"line":160,"column":null}},"106":{"start":{"line":161,"column":8},"end":{"line":161,"column":null}},"107":{"start":{"line":162,"column":8},"end":{"line":162,"column":null}},"108":{"start":{"line":165,"column":19},"end":{"line":165,"column":21}},"109":{"start":{"line":166,"column":4},"end":{"line":173,"column":null}},"110":{"start":{"line":166,"column":17},"end":{"line":166,"column":18}},"111":{"start":{"line":167,"column":8},"end":{"line":172,"column":null}},"112":{"start":{"line":175,"column":4},"end":{"line":175,"column":null}},"113":{"start":{"line":179,"column":4},"end":{"line":179,"column":null}},"114":{"start":{"line":183,"column":4},"end":{"line":183,"column":null}},"115":{"start":{"line":183,"column":17},"end":{"line":183,"column":null}},"116":{"start":{"line":184,"column":4},"end":{"line":185,"column":null}},"117":{"start":{"line":184,"column":10},"end":{"line":184,"column":64}},"118":{"start":{"line":184,"column":65},"end":{"line":184,"column":161}},"119":{"start":{"line":184,"column":122},"end":{"line":184,"column":137}},"120":{"start":{"line":185,"column":20},"end":{"line":185,"column":37}},"121":{"start":{"line":188,"column":17},"end":{"line":188,"column":87}},"122":{"start":{"line":188,"column":55},"end":{"line":188,"column":86}},"123":{"start":{"line":190,"column":15},"end":{"line":190,"column":434}},"124":{"start":{"line":191,"column":4},"end":{"line":191,"column":null}},"125":{"start":{"line":191,"column":28},"end":{"line":191,"column":null}},"126":{"start":{"line":192,"column":4},"end":{"line":192,"column":null}},"127":{"start":{"line":196,"column":24},"end":{"line":196,"column":92}},"128":{"start":{"line":197,"column":4},"end":{"line":197,"column":null}}},"fnMap":{"0":{"name":"isValidFormat","decl":{"start":{"line":20,"column":16},"end":{"line":20,"column":29}},"loc":{"start":{"line":20,"column":35},"end":{"line":23,"column":null}},"line":20},"1":{"name":"isValidIP","decl":{"start":{"line":25,"column":16},"end":{"line":25,"column":25}},"loc":{"start":{"line":25,"column":30},"end":{"line":36,"column":null}},"line":25},"2":{"name":"parseAddressAndPort","decl":{"start":{"line":38,"column":16},"end":{"line":38,"column":35}},"loc":{"start":{"line":38,"column":43},"end":{"line":64,"column":null}},"line":38},"3":{"name":"parseSocksConfig","decl":{"start":{"line":66,"column":16},"end":{"line":66,"column":32}},"loc":{"start":{"line":66,"column":42},"end":{"line":90,"column":null}},"line":66},"4":{"name":"sha224Hash","decl":{"start":{"line":92,"column":22},"end":{"line":92,"column":32}},"loc":{"start":{"line":92,"column":39},"end":{"line":176,"column":null}},"line":92},"5":{"name":"rightRotate","decl":{"start":{"line":178,"column":9},"end":{"line":178,"column":20}},"loc":{"start":{"line":178,"column":36},"end":{"line":180,"column":null}},"line":178},"6":{"name":"base64ToArray","decl":{"start":{"line":182,"column":16},"end":{"line":182,"column":29}},"loc":{"start":{"line":182,"column":38},"end":{"line":186,"column":null}},"line":182},"7":{"name":"(anonymous_7)","decl":{"start":{"line":184,"column":115},"end":{"line":184,"column":116}},"loc":{"start":{"line":184,"column":122},"end":{"line":184,"column":137}},"line":184},"8":{"name":"(anonymous_8)","decl":{"start":{"line":188,"column":45},"end":{"line":188,"column":46}},"loc":{"start":{"line":188,"column":55},"end":{"line":188,"column":86}},"line":188},"9":{"name":"formatIdentifier","decl":{"start":{"line":189,"column":16},"end":{"line":189,"column":32}},"loc":{"start":{"line":189,"column":50},"end":{"line":193,"column":null}},"line":189},"10":{"name":"isValidDomain","decl":{"start":{"line":195,"column":16},"end":{"line":195,"column":29}},"loc":{"start":{"line":195,"column":38},"end":{"line":198,"column":null}},"line":195}},"branchMap":{"0":{"loc":{"start":{"line":27,"column":4},"end":{"line":27,"column":null}},"type":"if","locations":[{"start":{"line":27,"column":4},"end":{"line":27,"column":null}},{"start":{},"end":{}}],"line":27},"1":{"loc":{"start":{"line":30,"column":4},"end":{"line":30,"column":null}},"type":"if","locations":[{"start":{"line":30,"column":4},"end":{"line":30,"column":null}},{"start":{},"end":{}}],"line":30},"2":{"loc":{"start":{"line":33,"column":4},"end":{"line":33,"column":null}},"type":"if","locations":[{"start":{"line":33,"column":4},"end":{"line":33,"column":null}},{"start":{},"end":{}}],"line":33},"3":{"loc":{"start":{"line":39,"column":4},"end":{"line":47,"column":null}},"type":"if","locations":[{"start":{"line":39,"column":4},"end":{"line":47,"column":null}},{"start":{},"end":{}}],"line":39},"4":{"loc":{"start":{"line":39,"column":8},"end":{"line":39,"column":50}},"type":"binary-expr","locations":[{"start":{"line":39,"column":8},"end":{"line":39,"column":27}},{"start":{"line":39,"column":31},"end":{"line":39,"column":50}}],"line":39},"5":{"loc":{"start":{"line":41,"column":8},"end":{"line":46,"column":null}},"type":"if","locations":[{"start":{"line":41,"column":8},"end":{"line":46,"column":null}},{"start":{},"end":{}}],"line":41},"6":{"loc":{"start":{"line":44,"column":22},"end":{"line":44,"column":null}},"type":"cond-expr","locations":[{"start":{"line":44,"column":33},"end":{"line":44,"column":55}},{"start":{"line":44,"column":58},"end":{"line":44,"column":null}}],"line":44},"7":{"loc":{"start":{"line":50,"column":4},"end":{"line":61,"column":null}},"type":"if","locations":[{"start":{"line":50,"column":4},"end":{"line":61,"column":null}},{"start":{},"end":{}}],"line":50},"8":{"loc":{"start":{"line":54,"column":8},"end":{"line":60,"column":null}},"type":"if","locations":[{"start":{"line":54,"column":8},"end":{"line":60,"column":null}},{"start":{"line":57,"column":15},"end":{"line":60,"column":null}}],"line":54},"9":{"loc":{"start":{"line":54,"column":12},"end":{"line":54,"column":53}},"type":"binary-expr","locations":[{"start":{"line":54,"column":12},"end":{"line":54,"column":24}},{"start":{"line":54,"column":28},"end":{"line":54,"column":36}},{"start":{"line":54,"column":40},"end":{"line":54,"column":53}}],"line":54},"10":{"loc":{"start":{"line":68,"column":4},"end":{"line":72,"column":null}},"type":"if","locations":[{"start":{"line":68,"column":4},"end":{"line":72,"column":null}},{"start":{},"end":{}}],"line":68},"11":{"loc":{"start":{"line":70,"column":8},"end":{"line":70,"column":null}},"type":"if","locations":[{"start":{"line":70,"column":8},"end":{"line":70,"column":null}},{"start":{},"end":{}}],"line":70},"12":{"loc":{"start":{"line":78,"column":4},"end":{"line":78,"column":null}},"type":"if","locations":[{"start":{"line":78,"column":4},"end":{"line":78,"column":null}},{"start":{},"end":{}}],"line":78},"13":{"loc":{"start":{"line":82,"column":4},"end":{"line":87,"column":null}},"type":"if","locations":[{"start":{"line":82,"column":4},"end":{"line":87,"column":null}},{"start":{"line":85,"column":11},"end":{"line":87,"column":null}}],"line":82},"14":{"loc":{"start":{"line":183,"column":4},"end":{"line":183,"column":null}},"type":"if","locations":[{"start":{"line":183,"column":4},"end":{"line":183,"column":null}},{"start":{},"end":{}}],"line":183},"15":{"loc":{"start":{"line":189,"column":38},"end":{"line":189,"column":48}},"type":"default-arg","locations":[{"start":{"line":189,"column":47},"end":{"line":189,"column":48}}],"line":189},"16":{"loc":{"start":{"line":191,"column":4},"end":{"line":191,"column":null}},"type":"if","locations":[{"start":{"line":191,"column":4},"end":{"line":191,"column":null}},{"start":{},"end":{}}],"line":191}},"s":{"0":3,"1":3,"2":3,"3":3,"4":3,"5":3,"6":3,"7":3,"8":3,"9":3,"10":3,"11":3,"12":3,"13":3,"14":3,"15":3,"16":5,"17":5,"18":5,"19":5,"20":1,"21":4,"22":4,"23":1,"24":3,"25":3,"26":1,"27":2,"28":9,"29":1,"30":1,"31":1,"32":8,"33":8,"34":4,"35":4,"36":4,"37":3,"38":3,"39":1,"40":4,"41":4,"42":4,"43":2,"44":2,"45":2,"46":0,"47":2,"48":2,"49":2,"50":2,"51":1,"52":1,"53":1,"54":1,"55":1,"56":1,"57":1,"58":0,"59":1,"60":4,"61":4,"62":4,"63":4,"64":4,"65":4,"66":4,"67":4,"68":4,"69":4,"70":4,"71":4,"72":4,"73":4,"74":4,"75":4,"76":4,"77":64,"78":4,"79":4,"80":192,"81":192,"82":192,"83":4,"84":4,"85":4,"86":256,"87":256,"88":256,"89":256,"90":256,"91":256,"92":256,"93":256,"94":256,"95":256,"96":256,"97":256,"98":256,"99":256,"100":4,"101":4,"102":4,"103":4,"104":4,"105":4,"106":4,"107":4,"108":4,"109":4,"110":4,"111":28,"112":4,"113":2304,"114":3,"115":1,"116":2,"117":2,"118":2,"119":4,"120":1,"121":3,"122":768,"123":2,"124":2,"125":1,"126":1,"127":3,"128":3},"f":{"0":5,"1":5,"2":9,"3":4,"4":4,"5":2304,"6":3,"7":4,"8":768,"9":2,"10":3},"b":{"0":[1,4],"1":[1,3],"2":[1,2],"3":[1,8],"4":[9,1],"5":[1,0],"6":[1,0],"7":[4,4],"8":[3,1],"9":[4,4,4],"10":[2,2],"11":[2,0],"12":[1,1],"13":[1,0],"14":[1,2],"15":[2],"16":[1,1]},"meta":{"lastBranch":17,"lastFunction":11,"lastStatement":129,"seen":{"s:2:30:2:54":0,"s:3:30:3:54":1,"s:4:33:4:73":2,"s:5:30:5:102":3,"s:6:35:6:71":4,"s:7:28:7:64":5,"s:8:29:8:81":6,"s:9:32:9:84":7,"s:10:36:10:84":8,"s:11:33:11:69":9,"s:12:35:12:75":10,"s:13:33:13:73":11,"s:14:33:14:81":12,"s:16:33:16:34":13,"s:17:32:17:33":14,"s:18:33:18:34":15,"f:20:16:20:29":0,"s:21:22:21:87":16,"s:22:4:22:Infinity":17,"f:25:16:25:25":1,"s:26:22:26:115":18,"b:27:4:27:Infinity:undefined:undefined:undefined:undefined":0,"s:27:4:27:Infinity":19,"s:27:28:27:Infinity":20,"s:29:22:29:66":21,"b:30:4:30:Infinity:undefined:undefined:undefined:undefined":1,"s:30:4:30:Infinity":22,"s:30:28:30:Infinity":23,"s:32:27:32:104":24,"b:33:4:33:Infinity:undefined:undefined:undefined:undefined":2,"s:33:4:33:Infinity":25,"s:33:33:33:Infinity":26,"s:35:4:35:Infinity":27,"f:38:16:38:35":2,"b:39:4:47:Infinity:undefined:undefined:undefined:undefined":3,"s:39:4:47:Infinity":28,"b:39:8:39:27:39:31:39:50":4,"s:40:22:40:62":29,"b:41:8:46:Infinity:undefined:undefined:undefined:undefined":5,"s:41:8:46:Infinity":30,"s:42:12:45:Infinity":31,"b:44:33:44:55:44:58:44:Infinity":6,"s:49:27:49:49":32,"b:50:4:61:Infinity:undefined:undefined:undefined:undefined":7,"s:50:4:61:Infinity":33,"s:51:24:51:59":34,"s:52:21:52:42":35,"b:54:8:60:Infinity:57:15:60:Infinity":8,"s:54:8:60:Infinity":36,"b:54:12:54:24:54:28:54:36:54:40:54:53":9,"s:55:29:55:63":37,"s:56:12:56:Infinity":38,"s:59:13:59:Infinity":39,"s:63:4:63:Infinity":40,"f:66:16:66:32":3,"s:67:20:67:44":41,"b:68:4:72:Infinity:undefined:undefined:undefined:undefined":10,"s:68:4:72:Infinity":42,"s:69:55:69:83":43,"b:70:8:70:Infinity:undefined:undefined:undefined:undefined":11,"s:70:8:70:Infinity":44,"s:70:24:70:Infinity":45,"s:71:8:71:Infinity":46,"s:74:17:74:46":47,"s:75:21:75:51":48,"s:76:51:76:80":49,"b:78:4:78:Infinity:undefined:undefined:undefined:undefined":12,"s:78:4:78:Infinity":50,"s:78:20:78:Infinity":51,"s:80:19:80:21":52,"s:80:34:80:36":53,"s:81:23:81:40":54,"b:82:4:87:Infinity:85:11:87:Infinity":13,"s:82:4:87:Infinity":55,"s:83:8:83:Infinity":56,"s:84:8:84:Infinity":57,"s:86:8:86:Infinity":58,"s:89:4:89:Infinity":59,"f:92:22:92:32":4,"s:93:20:93:37":60,"s:94:17:94:37":61,"s:96:14:105:5":62,"s:107:12:110:5":63,"s:112:19:112:30":64,"s:113:19:113:29":65,"s:114:22:114:55":66,"s:115:19:115:44":67,"s:116:4:116:Infinity":68,"s:117:4:117:Infinity":69,"s:119:17:119:44":70,"s:120:4:120:Infinity":71,"s:122:4:163:Infinity":72,"s:122:21:122:22":73,"s:123:18:123:37":74,"s:125:8:127:Infinity":75,"s:125:21:125:22":76,"s:126:12:126:Infinity":77,"s:129:8:133:Infinity":78,"s:129:21:129:23":79,"s:130:23:130:97":80,"s:131:23:131:96":81,"s:132:12:132:Infinity":82,"s:135:39:135:40":83,"s:137:8:153:Infinity":84,"s:137:21:137:22":85,"s:138:23:138:82":86,"s:139:23:139:41":87,"s:140:26:140:59":88,"s:141:23:141:82":89,"s:142:24:142:51":90,"s:143:26:143:42":91,"s:145:12:145:Infinity":92,"s:146:12:146:Infinity":93,"s:147:12:147:Infinity":94,"s:148:12:148:Infinity":95,"s:149:12:149:Infinity":96,"s:150:12:150:Infinity":97,"s:151:12:151:Infinity":98,"s:152:12:152:Infinity":99,"s:155:8:155:Infinity":100,"s:156:8:156:Infinity":101,"s:157:8:157:Infinity":102,"s:158:8:158:Infinity":103,"s:159:8:159:Infinity":104,"s:160:8:160:Infinity":105,"s:161:8:161:Infinity":106,"s:162:8:162:Infinity":107,"s:165:19:165:21":108,"s:166:4:173:Infinity":109,"s:166:17:166:18":110,"s:167:8:172:Infinity":111,"s:175:4:175:Infinity":112,"f:178:9:178:20":5,"s:179:4:179:Infinity":113,"f:182:16:182:29":6,"b:183:4:183:Infinity:undefined:undefined:undefined:undefined":14,"s:183:4:183:Infinity":114,"s:183:17:183:Infinity":115,"s:184:4:185:Infinity":116,"s:184:10:184:64":117,"s:184:65:184:161":118,"f:184:115:184:116":7,"s:184:122:184:137":119,"s:185:20:185:37":120,"s:188:17:188:87":121,"f:188:45:188:46":8,"s:188:55:188:86":122,"f:189:16:189:32":9,"b:189:47:189:48":15,"s:190:15:190:434":123,"b:191:4:191:Infinity:undefined:undefined:undefined:undefined":16,"s:191:4:191:Infinity":124,"s:191:28:191:Infinity":125,"s:192:4:192:Infinity":126,"f:195:16:195:29":10,"s:196:24:196:92":127,"s:197:4:197:Infinity":128}}}
}
