{"/app/src/config.js": {"path":"/app/src/config.js","statementMap":{"0":{"start":{"line":1,"column":14},"end":{"line":1,"column":18}},"1":{"start":{"line":2,"column":15},"end":{"line":2,"column":17}},"2":{"start":{"line":5,"column":4},"end":{"line":14,"column":null}},"3":{"start":{"line":6,"column":8},"end":{"line":11,"column":null}},"4":{"start":{"line":7,"column":12},"end":{"line":7,"column":null}},"5":{"start":{"line":8,"column":12},"end":{"line":8,"column":null}},"6":{"start":{"line":10,"column":12},"end":{"line":10,"column":null}},"7":{"start":{"line":13,"column":8},"end":{"line":13,"column":23}},"8":{"start":{"line":18,"column":4},"end":{"line":18,"column":null}},"9":{"start":{"line":18,"column":18},"end":{"line":18,"column":null}},"10":{"start":{"line":19,"column":4},"end":{"line":26,"column":null}},"11":{"start":{"line":20,"column":27},"end":{"line":20,"column":49}},"12":{"start":{"line":21,"column":8},"end":{"line":23,"column":null}},"13":{"start":{"line":22,"column":12},"end":{"line":22,"column":null}},"14":{"start":{"line":25,"column":8},"end":{"line":25,"column":null}},"15":{"start":{"line":30,"column":4},"end":{"line":30,"column":null}},"16":{"start":{"line":30,"column":18},"end":{"line":30,"column":null}},"17":{"start":{"line":31,"column":4},"end":{"line":36,"column":null}},"18":{"start":{"line":32,"column":29},"end":{"line":32,"column":53}},"19":{"start":{"line":33,"column":8},"end":{"line":33,"column":null}},"20":{"start":{"line":35,"column":8},"end":{"line":35,"column":null}},"21":{"start":{"line":40,"column":4},"end":{"line":42,"column":null}},"22":{"start":{"line":41,"column":8},"end":{"line":41,"column":null}},"23":{"start":{"line":43,"column":4},"end":{"line":43,"column":null}},"24":{"start":{"line":47,"column":4},"end":{"line":47,"column":null}},"25":{"start":{"line":48,"column":4},"end":{"line":48,"column":null}},"26":{"start":{"line":52,"column":4},"end":{"line":52,"column":null}},"27":{"start":{"line":56,"column":5},"end":{"line":62,"column":null}},"28":{"start":{"line":57,"column":8},"end":{"line":61,"column":null}},"29":{"start":{"line":58,"column":12},"end":{"line":58,"column":null}},"30":{"start":{"line":60,"column":12},"end":{"line":60,"column":null}},"31":{"start":{"line":66,"column":4},"end":{"line":66,"column":null}}},"fnMap":{"0":{"name":"initKVStore","decl":{"start":{"line":4,"column":22},"end":{"line":4,"column":33}},"loc":{"start":{"line":4,"column":39},"end":{"line":15,"column":null}},"line":4},"1":{"name":"loadKVConfig","decl":{"start":{"line":17,"column":15},"end":{"line":17,"column":27}},"loc":{"start":{"line":17,"column":30},"end":{"line":27,"column":null}},"line":17},"2":{"name":"saveKVConfig","decl":{"start":{"line":29,"column":22},"end":{"line":29,"column":34}},"loc":{"start":{"line":29,"column":37},"end":{"line":37,"column":null}},"line":29},"3":{"name":"getConfigValue","decl":{"start":{"line":39,"column":16},"end":{"line":39,"column":30}},"loc":{"start":{"line":39,"column":55},"end":{"line":44,"column":null}},"line":39},"4":{"name":"setConfigValue","decl":{"start":{"line":46,"column":22},"end":{"line":46,"column":36}},"loc":{"start":{"line":46,"column":49},"end":{"line":49,"column":null}},"line":46},"5":{"name":"getFullConfig","decl":{"start":{"line":51,"column":16},"end":{"line":51,"column":29}},"loc":{"start":{"line":51,"column":32},"end":{"line":53,"column":null}},"line":51},"6":{"name":"updateFullConfig","decl":{"start":{"line":55,"column":16},"end":{"line":55,"column":32}},"loc":{"start":{"line":55,"column":44},"end":{"line":63,"column":null}},"line":55},"7":{"name":"isKVEnabled","decl":{"start":{"line":65,"column":16},"end":{"line":65,"column":27}},"loc":{"start":{"line":65,"column":30},"end":{"line":67,"column":null}},"line":65}},"branchMap":{"0":{"loc":{"start":{"line":5,"column":4},"end":{"line":14,"column":null}},"type":"if","locations":[{"start":{"line":5,"column":4},"end":{"line":14,"column":null}},{"start":{"line":12,"column":11},"end":{"line":14,"column":null}}],"line":5},"1":{"loc":{"start":{"line":18,"column":4},"end":{"line":18,"column":null}},"type":"if","locations":[{"start":{"line":18,"column":4},"end":{"line":18,"column":null}},{"start":{},"end":{}}],"line":18},"2":{"loc":{"start":{"line":21,"column":8},"end":{"line":23,"column":null}},"type":"if","locations":[{"start":{"line":21,"column":8},"end":{"line":23,"column":null}},{"start":{},"end":{}}],"line":21},"3":{"loc":{"start":{"line":30,"column":4},"end":{"line":30,"column":null}},"type":"if","locations":[{"start":{"line":30,"column":4},"end":{"line":30,"column":null}},{"start":{},"end":{}}],"line":30},"4":{"loc":{"start":{"line":39,"column":36},"end":{"line":39,"column":53}},"type":"default-arg","locations":[{"start":{"line":39,"column":51},"end":{"line":39,"column":53}}],"line":39},"5":{"loc":{"start":{"line":40,"column":4},"end":{"line":42,"column":null}},"type":"if","locations":[{"start":{"line":40,"column":4},"end":{"line":42,"column":null}},{"start":{},"end":{}}],"line":40},"6":{"loc":{"start":{"line":57,"column":8},"end":{"line":61,"column":null}},"type":"if","locations":[{"start":{"line":57,"column":8},"end":{"line":61,"column":null}},{"start":{"line":59,"column":15},"end":{"line":61,"column":null}}],"line":57},"7":{"loc":{"start":{"line":57,"column":12},"end":{"line":57,"column":65}},"type":"binary-expr","locations":[{"start":{"line":57,"column":12},"end":{"line":57,"column":24}},{"start":{"line":57,"column":28},"end":{"line":57,"column":42}},{"start":{"line":57,"column":46},"end":{"line":57,"column":65}}],"line":57}},"s":{"0":2,"1":2,"2":6,"3":4,"4":4,"5":4,"6":0,"7":2,"8":4,"9":0,"10":4,"11":4,"12":4,"13":4,"14":1,"15":3,"16":1,"17":2,"18":2,"19":2,"20":1,"21":7,"22":5,"23":2,"24":3,"25":3,"26":0,"27":1,"28":3,"29":1,"30":2,"31":2},"f":{"0":6,"1":4,"2":3,"3":7,"4":3,"5":0,"6":1,"7":2},"b":{"0":[4,2],"1":[0,4],"2":[4,0],"3":[1,2],"4":[7],"5":[5,2],"6":[1,2],"7":[3,3,2]},"meta":{"lastBranch":8,"lastFunction":8,"lastStatement":32,"seen":{"s:1:14:1:18":0,"s:2:15:2:17":1,"f:4:22:4:33":0,"b:5:4:14:Infinity:12:11:14:Infinity":0,"s:5:4:14:Infinity":2,"s:6:8:11:Infinity":3,"s:7:12:7:Infinity":4,"s:8:12:8:Infinity":5,"s:10:12:10:Infinity":6,"s:13:8:13:23":7,"f:17:15:17:27":1,"b:18:4:18:Infinity:undefined:undefined:undefined:undefined":1,"s:18:4:18:Infinity":8,"s:18:18:18:Infinity":9,"s:19:4:26:Infinity":10,"s:20:27:20:49":11,"b:21:8:23:Infinity:undefined:undefined:undefined:undefined":2,"s:21:8:23:Infinity":12,"s:22:12:22:Infinity":13,"s:25:8:25:Infinity":14,"f:29:22:29:34":2,"b:30:4:30:Infinity:undefined:undefined:undefined:undefined":3,"s:30:4:30:Infinity":15,"s:30:18:30:Infinity":16,"s:31:4:36:Infinity":17,"s:32:29:32:53":18,"s:33:8:33:Infinity":19,"s:35:8:35:Infinity":20,"f:39:16:39:30":3,"b:39:51:39:53":4,"b:40:4:42:Infinity:undefined:undefined:undefined:undefined":5,"s:40:4:42:Infinity":21,"s:41:8:41:Infinity":22,"s:43:4:43:Infinity":23,"f:46:22:46:36":4,"s:47:4:47:Infinity":24,"s:48:4:48:Infinity":25,"f:51:16:51:29":5,"s:52:4:52:Infinity":26,"f:55:16:55:32":6,"s:56:5:62:Infinity":27,"b:57:8:61:Infinity:59:15:61:Infinity":6,"s:57:8:61:Infinity":28,"b:57:12:57:24:57:28:57:42:57:46:57:65":7,"s:58:12:58:Infinity":29,"s:60:12:60:Infinity":30,"f:65:16:65:27":7,"s:66:4:66:Infinity":31}}}
,"/app/src/dns.js": {"path":"/app/src/dns.js","statementMap":{"0":{"start":{"line":1,"column":22},"end":{"line":10,"column":1}},"1":{"start":{"line":11,"column":18},"end":{"line":11,"column":21}},"2":{"start":{"line":14,"column":16},"end":{"line":14,"column":36}},"3":{"start":{"line":15,"column":4},"end":{"line":15,"column":null}},"4":{"start":{"line":15,"column":38},"end":{"line":15,"column":null}},"5":{"start":{"line":17,"column":18},"end":{"line":17,"column":42}},"6":{"start":{"line":18,"column":19},"end":{"line":18,"column":44}},"7":{"start":{"line":19,"column":4},"end":{"line":19,"column":null}},"8":{"start":{"line":19,"column":27},"end":{"line":19,"column":null}},"9":{"start":{"line":20,"column":4},"end":{"line":20,"column":null}},"10":{"start":{"line":20,"column":47},"end":{"line":20,"column":null}},"11":{"start":{"line":23,"column":15},"end":{"line":23,"column":19}},"12":{"start":{"line":24,"column":4},"end":{"line":31,"column":null}},"13":{"start":{"line":25,"column":8},"end":{"line":30,"column":null}},"14":{"start":{"line":26,"column":12},"end":{"line":26,"column":null}},"15":{"start":{"line":28,"column":12},"end":{"line":28,"column":null}},"16":{"start":{"line":29,"column":12},"end":{"line":29,"column":null}},"17":{"start":{"line":34,"column":20},"end":{"line":34,"column":29}},"18":{"start":{"line":35,"column":4},"end":{"line":39,"column":null}},"19":{"start":{"line":36,"column":8},"end":{"line":36,"column":null}},"20":{"start":{"line":37,"column":11},"end":{"line":39,"column":null}},"21":{"start":{"line":38,"column":8},"end":{"line":38,"column":null}},"22":{"start":{"line":41,"column":29},"end":{"line":41,"column":58}},"23":{"start":{"line":42,"column":4},"end":{"line":46,"column":null}},"24":{"start":{"line":48,"column":22},"end":{"line":48,"column":32}},"25":{"start":{"line":50,"column":4},"end":{"line":97,"column":null}},"26":{"start":{"line":51,"column":26},"end":{"line":51,"column":59}},"27":{"start":{"line":52,"column":24},"end":{"line":52,"column":52}},"28":{"start":{"line":53,"column":8},"end":{"line":54,"column":null}},"29":{"start":{"line":53,"column":20},"end":{"line":53,"column":null}},"30":{"start":{"line":54,"column":13},"end":{"line":54,"column":null}},"31":{"start":{"line":55,"column":8},"end":{"line":55,"column":null}},"32":{"start":{"line":57,"column":32},"end":{"line":62,"column":10}},"33":{"start":{"line":64,"column":25},"end":{"line":64,"column":53}},"34":{"start":{"line":66,"column":8},"end":{"line":71,"column":null}},"35":{"start":{"line":73,"column":8},"end":{"line":75,"column":null}},"36":{"start":{"line":74,"column":12},"end":{"line":74,"column":null}},"37":{"start":{"line":77,"column":32},"end":{"line":77,"column":61}},"38":{"start":{"line":78,"column":8},"end":{"line":78,"column":null}},"39":{"start":{"line":79,"column":8},"end":{"line":79,"column":null}},"40":{"start":{"line":80,"column":8},"end":{"line":80,"column":null}},"41":{"start":{"line":81,"column":8},"end":{"line":81,"column":null}},"42":{"start":{"line":83,"column":8},"end":{"line":87,"column":null}},"43":{"start":{"line":90,"column":8},"end":{"line":95,"column":null}},"44":{"start":{"line":96,"column":8},"end":{"line":96,"column":null}},"45":{"start":{"line":101,"column":4},"end":{"line":109,"column":null}},"46":{"start":{"line":113,"column":24},"end":{"line":113,"column":85}},"47":{"start":{"line":113,"column":60},"end":{"line":113,"column":81}},"48":{"start":{"line":114,"column":17},"end":{"line":114,"column":44}},"49":{"start":{"line":115,"column":4},"end":{"line":118,"column":null}},"50":{"start":{"line":116,"column":8},"end":{"line":116,"column":null}},"51":{"start":{"line":116,"column":38},"end":{"line":116,"column":null}},"52":{"start":{"line":117,"column":8},"end":{"line":117,"column":null}},"53":{"start":{"line":119,"column":4},"end":{"line":119,"column":null}},"54":{"start":{"line":123,"column":30},"end":{"line":123,"column":87}},"55":{"start":{"line":123,"column":56},"end":{"line":123,"column":86}},"56":{"start":{"line":125,"column":4},"end":{"line":125,"column":null}},"57":{"start":{"line":125,"column":33},"end":{"line":125,"column":52}},"58":{"start":{"line":127,"column":4},"end":{"line":173,"column":null}},"59":{"start":{"line":128,"column":8},"end":{"line":132,"column":null}},"60":{"start":{"line":134,"column":26},"end":{"line":134,"column":36}},"61":{"start":{"line":135,"column":8},"end":{"line":172,"column":null}},"62":{"start":{"line":136,"column":30},"end":{"line":136,"column":55}},"63":{"start":{"line":137,"column":28},"end":{"line":137,"column":56}},"64":{"start":{"line":138,"column":12},"end":{"line":139,"column":null}},"65":{"start":{"line":138,"column":43},"end":{"line":138,"column":null}},"66":{"start":{"line":139,"column":17},"end":{"line":139,"column":null}},"67":{"start":{"line":141,"column":36},"end":{"line":145,"column":14}},"68":{"start":{"line":147,"column":29},"end":{"line":147,"column":57}},"69":{"start":{"line":149,"column":12},"end":{"line":154,"column":null}},"70":{"start":{"line":156,"column":12},"end":{"line":163,"column":null}},"71":{"start":{"line":157,"column":40},"end":{"line":157,"column":69}},"72":{"start":{"line":158,"column":16},"end":{"line":158,"column":null}},"73":{"start":{"line":159,"column":16},"end":{"line":162,"column":null}},"74":{"start":{"line":165,"column":13},"end":{"line":170,"column":null}},"75":{"start":{"line":171,"column":12},"end":{"line":171,"column":null}},"76":{"start":{"line":175,"column":4},"end":{"line":175,"column":null}},"77":{"start":{"line":176,"column":4},"end":{"line":176,"column":null}}},"fnMap":{"0":{"name":"handleDoHRequest","decl":{"start":{"line":13,"column":22},"end":{"line":13,"column":38}},"loc":{"start":{"line":13,"column":58},"end":{"line":98,"column":null}},"line":13},"1":{"name":"handleCORS","decl":{"start":{"line":100,"column":9},"end":{"line":100,"column":19}},"loc":{"start":{"line":100,"column":22},"end":{"line":110,"column":null}},"line":100},"2":{"name":"selectProvider","decl":{"start":{"line":112,"column":9},"end":{"line":112,"column":23}},"loc":{"start":{"line":112,"column":35},"end":{"line":120,"column":null}},"line":112},"3":{"name":"(anonymous_3)","decl":{"start":{"line":113,"column":41},"end":{"line":113,"column":42}},"loc":{"start":{"line":113,"column":60},"end":{"line":113,"column":81}},"line":113},"4":{"name":"tryFallbackProviders","decl":{"start":{"line":122,"column":15},"end":{"line":122,"column":35}},"loc":{"start":{"line":122,"column":72},"end":{"line":177,"column":null}},"line":122},"5":{"name":"(anonymous_5)","decl":{"start":{"line":123,"column":51},"end":{"line":123,"column":52}},"loc":{"start":{"line":123,"column":56},"end":{"line":123,"column":86}},"line":123},"6":{"name":"(anonymous_6)","decl":{"start":{"line":125,"column":27},"end":{"line":125,"column":28}},"loc":{"start":{"line":125,"column":33},"end":{"line":125,"column":52}},"line":125}},"branchMap":{"0":{"loc":{"start":{"line":15,"column":4},"end":{"line":15,"column":null}},"type":"if","locations":[{"start":{"line":15,"column":4},"end":{"line":15,"column":null}},{"start":{},"end":{}}],"line":15},"1":{"loc":{"start":{"line":19,"column":4},"end":{"line":19,"column":null}},"type":"if","locations":[{"start":{"line":19,"column":4},"end":{"line":19,"column":null}},{"start":{},"end":{}}],"line":19},"2":{"loc":{"start":{"line":19,"column":8},"end":{"line":19,"column":25}},"type":"binary-expr","locations":[{"start":{"line":19,"column":8},"end":{"line":19,"column":14}},{"start":{"line":19,"column":18},"end":{"line":19,"column":25}}],"line":19},"3":{"loc":{"start":{"line":20,"column":4},"end":{"line":20,"column":null}},"type":"if","locations":[{"start":{"line":20,"column":4},"end":{"line":20,"column":null}},{"start":{},"end":{}}],"line":20},"4":{"loc":{"start":{"line":20,"column":8},"end":{"line":20,"column":45}},"type":"binary-expr","locations":[{"start":{"line":20,"column":8},"end":{"line":20,"column":13}},{"start":{"line":20,"column":17},"end":{"line":20,"column":45}}],"line":20},"5":{"loc":{"start":{"line":24,"column":4},"end":{"line":31,"column":null}},"type":"if","locations":[{"start":{"line":24,"column":4},"end":{"line":31,"column":null}},{"start":{},"end":{}}],"line":24},"6":{"loc":{"start":{"line":35,"column":4},"end":{"line":39,"column":null}},"type":"if","locations":[{"start":{"line":35,"column":4},"end":{"line":39,"column":null}},{"start":{"line":37,"column":11},"end":{"line":39,"column":null}}],"line":35},"7":{"loc":{"start":{"line":37,"column":11},"end":{"line":39,"column":null}},"type":"if","locations":[{"start":{"line":37,"column":11},"end":{"line":39,"column":null}},{"start":{},"end":{}}],"line":37},"8":{"loc":{"start":{"line":53,"column":8},"end":{"line":54,"column":null}},"type":"if","locations":[{"start":{"line":53,"column":8},"end":{"line":54,"column":null}},{"start":{"line":54,"column":13},"end":{"line":54,"column":null}}],"line":53},"9":{"loc":{"start":{"line":73,"column":8},"end":{"line":75,"column":null}},"type":"if","locations":[{"start":{"line":73,"column":8},"end":{"line":75,"column":null}},{"start":{},"end":{}}],"line":73},"10":{"loc":{"start":{"line":116,"column":8},"end":{"line":116,"column":null}},"type":"if","locations":[{"start":{"line":116,"column":8},"end":{"line":116,"column":null}},{"start":{},"end":{}}],"line":116},"11":{"loc":{"start":{"line":138,"column":12},"end":{"line":139,"column":null}},"type":"if","locations":[{"start":{"line":138,"column":12},"end":{"line":139,"column":null}},{"start":{"line":139,"column":17},"end":{"line":139,"column":null}}],"line":138},"12":{"loc":{"start":{"line":156,"column":12},"end":{"line":163,"column":null}},"type":"if","locations":[{"start":{"line":156,"column":12},"end":{"line":163,"column":null}},{"start":{},"end":{}}],"line":156}},"s":{"0":1,"1":1,"2":4,"3":4,"4":0,"5":4,"6":4,"7":4,"8":0,"9":4,"10":1,"11":3,"12":3,"13":2,"14":2,"15":0,"16":0,"17":3,"18":3,"19":1,"20":2,"21":2,"22":3,"23":3,"24":3,"25":3,"26":3,"27":3,"28":3,"29":2,"30":1,"31":3,"32":3,"33":3,"34":1,"35":1,"36":0,"37":1,"38":1,"39":1,"40":1,"41":1,"42":1,"43":2,"44":2,"45":0,"46":3,"47":24,"48":3,"49":3,"50":10,"51":3,"52":7,"53":0,"54":2,"55":16,"56":2,"57":27,"58":2,"59":3,"60":3,"61":3,"62":3,"63":3,"64":3,"65":1,"66":2,"67":3,"68":3,"69":1,"70":1,"71":1,"72":1,"73":1,"74":2,"75":2,"76":1,"77":1},"f":{"0":4,"1":0,"2":3,"3":24,"4":2,"5":16,"6":27},"b":{"0":[0,4],"1":[0,4],"2":[4,2],"3":[1,3],"4":[4,2],"5":[2,1],"6":[1,2],"7":[2,0],"8":[2,1],"9":[0,1],"10":[3,7],"11":[1,2],"12":[1,0]},"meta":{"lastBranch":13,"lastFunction":7,"lastStatement":78,"seen":{"s:1:22:10:1":0,"s:11:18:11:21":1,"f:13:22:13:38":0,"s:14:16:14:36":2,"b:15:4:15:Infinity:undefined:undefined:undefined:undefined":0,"s:15:4:15:Infinity":3,"s:15:38:15:Infinity":4,"s:17:18:17:42":5,"s:18:19:18:44":6,"b:19:4:19:Infinity:undefined:undefined:undefined:undefined":1,"s:19:4:19:Infinity":7,"b:19:8:19:14:19:18:19:25":2,"s:19:27:19:Infinity":8,"b:20:4:20:Infinity:undefined:undefined:undefined:undefined":3,"s:20:4:20:Infinity":9,"b:20:8:20:13:20:17:20:45":4,"s:20:47:20:Infinity":10,"s:23:15:23:19":11,"b:24:4:31:Infinity:undefined:undefined:undefined:undefined":5,"s:24:4:31:Infinity":12,"s:25:8:30:Infinity":13,"s:26:12:26:Infinity":14,"s:28:12:28:Infinity":15,"s:29:12:29:Infinity":16,"s:34:20:34:29":17,"b:35:4:39:Infinity:37:11:39:Infinity":6,"s:35:4:39:Infinity":18,"s:36:8:36:Infinity":19,"b:37:11:39:Infinity:undefined:undefined:undefined:undefined":7,"s:37:11:39:Infinity":20,"s:38:8:38:Infinity":21,"s:41:29:41:58":22,"s:42:4:46:Infinity":23,"s:48:22:48:32":24,"s:50:4:97:Infinity":25,"s:51:26:51:59":26,"s:52:24:52:52":27,"b:53:8:54:Infinity:54:13:54:Infinity":8,"s:53:8:54:Infinity":28,"s:53:20:53:Infinity":29,"s:54:13:54:Infinity":30,"s:55:8:55:Infinity":31,"s:57:32:62:10":32,"s:64:25:64:53":33,"s:66:8:71:Infinity":34,"b:73:8:75:Infinity:undefined:undefined:undefined:undefined":9,"s:73:8:75:Infinity":35,"s:74:12:74:Infinity":36,"s:77:32:77:61":37,"s:78:8:78:Infinity":38,"s:79:8:79:Infinity":39,"s:80:8:80:Infinity":40,"s:81:8:81:Infinity":41,"s:83:8:87:Infinity":42,"s:90:8:95:Infinity":43,"s:96:8:96:Infinity":44,"f:100:9:100:19":1,"s:101:4:109:Infinity":45,"f:112:9:112:23":2,"s:113:24:113:85":46,"f:113:41:113:42":3,"s:113:60:113:81":47,"s:114:17:114:44":48,"s:115:4:118:Infinity":49,"b:116:8:116:Infinity:undefined:undefined:undefined:undefined":10,"s:116:8:116:Infinity":50,"s:116:38:116:Infinity":51,"s:117:8:117:Infinity":52,"s:119:4:119:Infinity":53,"f:122:15:122:35":4,"s:123:30:123:87":54,"f:123:51:123:52":5,"s:123:56:123:86":55,"s:125:4:125:Infinity":56,"f:125:27:125:28":6,"s:125:33:125:52":57,"s:127:4:173:Infinity":58,"s:128:8:132:Infinity":59,"s:134:26:134:36":60,"s:135:8:172:Infinity":61,"s:136:30:136:55":62,"s:137:28:137:56":63,"b:138:12:139:Infinity:139:17:139:Infinity":11,"s:138:12:139:Infinity":64,"s:138:43:138:Infinity":65,"s:139:17:139:Infinity":66,"s:141:36:145:14":67,"s:147:29:147:57":68,"s:149:12:154:Infinity":69,"b:156:12:163:Infinity:undefined:undefined:undefined:undefined":12,"s:156:12:163:Infinity":70,"s:157:40:157:69":71,"s:158:16:158:Infinity":72,"s:159:16:162:Infinity":73,"s:165:13:170:Infinity":74,"s:171:12:171:Infinity":75,"s:175:4:175:Infinity":76,"s:176:4:176:Infinity":77}}}
,"/app/src/handler.js": {"path":"/app/src/handler.js","statementMap":{"0":{"start":{"line":8,"column":22},"end":{"line":8,"column":32}},"1":{"start":{"line":9,"column":16},"end":{"line":9,"column":36}},"2":{"start":{"line":10,"column":19},"end":{"line":10,"column":33}},"3":{"start":{"line":13,"column":4},"end":{"line":19,"column":null}},"4":{"start":{"line":22,"column":4},"end":{"line":100,"column":null}},"5":{"start":{"line":23,"column":8},"end":{"line":23,"column":null}},"6":{"start":{"line":26,"column":19},"end":{"line":26,"column":55}},"7":{"start":{"line":27,"column":8},"end":{"line":86,"column":null}},"8":{"start":{"line":28,"column":13},"end":{"line":28,"column":null}},"9":{"start":{"line":29,"column":13},"end":{"line":29,"column":null}},"10":{"start":{"line":32,"column":12},"end":{"line":85,"column":null}},"11":{"start":{"line":33,"column":16},"end":{"line":33,"column":null}},"12":{"start":{"line":34,"column":19},"end":{"line":85,"column":null}},"13":{"start":{"line":35,"column":16},"end":{"line":35,"column":null}},"14":{"start":{"line":36,"column":19},"end":{"line":85,"column":null}},"15":{"start":{"line":37,"column":17},"end":{"line":37,"column":null}},"16":{"start":{"line":38,"column":19},"end":{"line":85,"column":null}},"17":{"start":{"line":40,"column":37},"end":{"line":40,"column":72}},"18":{"start":{"line":41,"column":27},"end":{"line":41,"column":31}},"19":{"start":{"line":42,"column":16},"end":{"line":43,"column":null}},"20":{"start":{"line":42,"column":67},"end":{"line":42,"column":null}},"21":{"start":{"line":43,"column":21},"end":{"line":43,"column":null}},"22":{"start":{"line":43,"column":72},"end":{"line":43,"column":null}},"23":{"start":{"line":45,"column":32},"end":{"line":45,"column":45}},"24":{"start":{"line":46,"column":33},"end":{"line":46,"column":88}},"25":{"start":{"line":48,"column":16},"end":{"line":50,"column":null}},"26":{"start":{"line":52,"column":34},"end":{"line":52,"column":72}},"27":{"start":{"line":52,"column":70},"end":{"line":52,"column":71}},"28":{"start":{"line":53,"column":29},"end":{"line":53,"column":31}},"29":{"start":{"line":54,"column":33},"end":{"line":54,"column":60}},"30":{"start":{"line":56,"column":16},"end":{"line":84,"column":null}},"31":{"start":{"line":57,"column":36},"end":{"line":57,"column":48}},"32":{"start":{"line":58,"column":20},"end":{"line":81,"column":null}},"33":{"start":{"line":60,"column":45},"end":{"line":60,"column":80}},"34":{"start":{"line":61,"column":35},"end":{"line":61,"column":39}},"35":{"start":{"line":62,"column":24},"end":{"line":63,"column":null}},"36":{"start":{"line":62,"column":75},"end":{"line":62,"column":null}},"37":{"start":{"line":63,"column":29},"end":{"line":63,"column":null}},"38":{"start":{"line":63,"column":80},"end":{"line":63,"column":null}},"39":{"start":{"line":64,"column":40},"end":{"line":64,"column":53}},"40":{"start":{"line":65,"column":41},"end":{"line":65,"column":96}},"41":{"start":{"line":67,"column":24},"end":{"line":69,"column":null}},"42":{"start":{"line":70,"column":27},"end":{"line":81,"column":null}},"43":{"start":{"line":72,"column":24},"end":{"line":72,"column":null}},"44":{"start":{"line":73,"column":27},"end":{"line":81,"column":null}},"45":{"start":{"line":75,"column":40},"end":{"line":75,"column":69}},"46":{"start":{"line":76,"column":25},"end":{"line":78,"column":null}},"47":{"start":{"line":80,"column":25},"end":{"line":80,"column":null}},"48":{"start":{"line":83,"column":20},"end":{"line":83,"column":null}},"49":{"start":{"line":89,"column":8},"end":{"line":89,"column":null}},"50":{"start":{"line":90,"column":8},"end":{"line":90,"column":null}},"51":{"start":{"line":92,"column":25},"end":{"line":92,"column":47}},"52":{"start":{"line":93,"column":8},"end":{"line":99,"column":null}},"53":{"start":{"line":102,"column":4},"end":{"line":102,"column":null}},"54":{"start":{"line":106,"column":4},"end":{"line":123,"column":null}},"55":{"start":{"line":107,"column":22},"end":{"line":107,"column":38}},"56":{"start":{"line":108,"column":8},"end":{"line":110,"column":null}},"57":{"start":{"line":111,"column":11},"end":{"line":123,"column":null}},"58":{"start":{"line":112,"column":8},"end":{"line":122,"column":null}},"59":{"start":{"line":113,"column":30},"end":{"line":113,"column":50}},"60":{"start":{"line":114,"column":11},"end":{"line":114,"column":null}},"61":{"start":{"line":115,"column":12},"end":{"line":115,"column":70}},"62":{"start":{"line":116,"column":12},"end":{"line":118,"column":null}},"63":{"start":{"line":120,"column":12},"end":{"line":120,"column":null}},"64":{"start":{"line":121,"column":12},"end":{"line":121,"column":null}},"65":{"start":{"line":124,"column":4},"end":{"line":124,"column":null}},"66":{"start":{"line":128,"column":16},"end":{"line":128,"column":36}},"67":{"start":{"line":129,"column":22},"end":{"line":129,"column":61}},"68":{"start":{"line":130,"column":25},"end":{"line":130,"column":37}},"69":{"start":{"line":138,"column":24},"end":{"line":138,"column":51}},"70":{"start":{"line":140,"column":15},"end":{"line":140,"column":17}},"71":{"start":{"line":141,"column":4},"end":{"line":145,"column":null}},"72":{"start":{"line":142,"column":9},"end":{"line":144,"column":null}},"73":{"start":{"line":143,"column":13},"end":{"line":143,"column":null}},"74":{"start":{"line":143,"column":28},"end":{"line":143,"column":null}},"75":{"start":{"line":148,"column":4},"end":{"line":154,"column":null}},"76":{"start":{"line":153,"column":8},"end":{"line":153,"column":null}},"77":{"start":{"line":157,"column":16},"end":{"line":157,"column":18}},"78":{"start":{"line":160,"column":4},"end":{"line":160,"column":null}},"79":{"start":{"line":163,"column":4},"end":{"line":163,"column":null}},"80":{"start":{"line":166,"column":4},"end":{"line":166,"column":null}},"81":{"start":{"line":169,"column":4},"end":{"line":169,"column":null}},"82":{"start":{"line":171,"column":17},"end":{"line":171,"column":33}},"83":{"start":{"line":172,"column":4},"end":{"line":174,"column":null}}},"fnMap":{"0":{"name":"handleRequest","decl":{"start":{"line":7,"column":22},"end":{"line":7,"column":35}},"loc":{"start":{"line":7,"column":55},"end":{"line":103,"column":null}},"line":7},"1":{"name":"(anonymous_1)","decl":{"start":{"line":52,"column":65},"end":{"line":52,"column":66}},"loc":{"start":{"line":52,"column":70},"end":{"line":52,"column":71}},"line":52},"2":{"name":"handleConfigAPI","decl":{"start":{"line":105,"column":15},"end":{"line":105,"column":30}},"loc":{"start":{"line":105,"column":45},"end":{"line":125,"column":null}},"line":105},"3":{"name":"handleSubscription","decl":{"start":{"line":127,"column":15},"end":{"line":127,"column":33}},"loc":{"start":{"line":127,"column":54},"end":{"line":175,"column":null}},"line":127},"4":{"name":"(anonymous_4)","decl":{"start":{"line":142,"column":41},"end":{"line":142,"column":43}},"loc":{"start":{"line":142,"column":47},"end":{"line":144,"column":10}},"line":142}},"branchMap":{"0":{"loc":{"start":{"line":17,"column":12},"end":{"line":17,"column":64}},"type":"binary-expr","locations":[{"start":{"line":17,"column":12},"end":{"line":17,"column":51}},{"start":{"line":17,"column":55},"end":{"line":17,"column":64}}],"line":17},"1":{"loc":{"start":{"line":18,"column":16},"end":{"line":18,"column":null}},"type":"binary-expr","locations":[{"start":{"line":18,"column":16},"end":{"line":18,"column":32}},{"start":{"line":18,"column":36},"end":{"line":18,"column":null}}],"line":18},"2":{"loc":{"start":{"line":26,"column":20},"end":{"line":26,"column":40}},"type":"binary-expr","locations":[{"start":{"line":26,"column":20},"end":{"line":26,"column":25}},{"start":{"line":26,"column":29},"end":{"line":26,"column":34}},{"start":{"line":26,"column":38},"end":{"line":26,"column":40}}],"line":26},"3":{"loc":{"start":{"line":27,"column":8},"end":{"line":86,"column":null}},"type":"if","locations":[{"start":{"line":27,"column":8},"end":{"line":86,"column":null}},{"start":{"line":30,"column":15},"end":{"line":86,"column":null}}],"line":27},"4":{"loc":{"start":{"line":32,"column":12},"end":{"line":85,"column":null}},"type":"if","locations":[{"start":{"line":32,"column":12},"end":{"line":85,"column":null}},{"start":{"line":34,"column":19},"end":{"line":85,"column":null}}],"line":32},"5":{"loc":{"start":{"line":34,"column":19},"end":{"line":85,"column":null}},"type":"if","locations":[{"start":{"line":34,"column":19},"end":{"line":85,"column":null}},{"start":{"line":36,"column":19},"end":{"line":85,"column":null}}],"line":34},"6":{"loc":{"start":{"line":36,"column":19},"end":{"line":85,"column":null}},"type":"if","locations":[{"start":{"line":36,"column":19},"end":{"line":85,"column":null}},{"start":{"line":38,"column":19},"end":{"line":85,"column":null}}],"line":36},"7":{"loc":{"start":{"line":38,"column":19},"end":{"line":85,"column":null}},"type":"if","locations":[{"start":{"line":38,"column":19},"end":{"line":85,"column":null}},{"start":{"line":51,"column":19},"end":{"line":85,"column":null}}],"line":38},"8":{"loc":{"start":{"line":40,"column":37},"end":{"line":40,"column":72}},"type":"binary-expr","locations":[{"start":{"line":40,"column":37},"end":{"line":40,"column":66}},{"start":{"line":40,"column":70},"end":{"line":40,"column":72}}],"line":40},"9":{"loc":{"start":{"line":42,"column":16},"end":{"line":43,"column":null}},"type":"if","locations":[{"start":{"line":42,"column":16},"end":{"line":43,"column":null}},{"start":{"line":43,"column":21},"end":{"line":43,"column":null}}],"line":42},"10":{"loc":{"start":{"line":43,"column":21},"end":{"line":43,"column":null}},"type":"if","locations":[{"start":{"line":43,"column":21},"end":{"line":43,"column":null}},{"start":{},"end":{}}],"line":43},"11":{"loc":{"start":{"line":46,"column":33},"end":{"line":46,"column":88}},"type":"cond-expr","locations":[{"start":{"line":46,"column":43},"end":{"line":46,"column":50}},{"start":{"line":46,"column":54},"end":{"line":46,"column":87}}],"line":46},"12":{"loc":{"start":{"line":46,"column":54},"end":{"line":46,"column":87}},"type":"cond-expr","locations":[{"start":{"line":46,"column":70},"end":{"line":46,"column":77}},{"start":{"line":46,"column":80},"end":{"line":46,"column":87}}],"line":46},"13":{"loc":{"start":{"line":56,"column":16},"end":{"line":84,"column":null}},"type":"if","locations":[{"start":{"line":56,"column":16},"end":{"line":84,"column":null}},{"start":{"line":82,"column":23},"end":{"line":84,"column":null}}],"line":56},"14":{"loc":{"start":{"line":58,"column":20},"end":{"line":81,"column":null}},"type":"if","locations":[{"start":{"line":58,"column":20},"end":{"line":81,"column":null}},{"start":{"line":70,"column":27},"end":{"line":81,"column":null}}],"line":58},"15":{"loc":{"start":{"line":60,"column":45},"end":{"line":60,"column":80}},"type":"binary-expr","locations":[{"start":{"line":60,"column":45},"end":{"line":60,"column":74}},{"start":{"line":60,"column":78},"end":{"line":60,"column":80}}],"line":60},"16":{"loc":{"start":{"line":62,"column":24},"end":{"line":63,"column":null}},"type":"if","locations":[{"start":{"line":62,"column":24},"end":{"line":63,"column":null}},{"start":{"line":63,"column":29},"end":{"line":63,"column":null}}],"line":62},"17":{"loc":{"start":{"line":63,"column":29},"end":{"line":63,"column":null}},"type":"if","locations":[{"start":{"line":63,"column":29},"end":{"line":63,"column":null}},{"start":{},"end":{}}],"line":63},"18":{"loc":{"start":{"line":65,"column":41},"end":{"line":65,"column":96}},"type":"cond-expr","locations":[{"start":{"line":65,"column":51},"end":{"line":65,"column":58}},{"start":{"line":65,"column":62},"end":{"line":65,"column":95}}],"line":65},"19":{"loc":{"start":{"line":65,"column":62},"end":{"line":65,"column":95}},"type":"cond-expr","locations":[{"start":{"line":65,"column":78},"end":{"line":65,"column":85}},{"start":{"line":65,"column":88},"end":{"line":65,"column":95}}],"line":65},"20":{"loc":{"start":{"line":70,"column":27},"end":{"line":81,"column":null}},"type":"if","locations":[{"start":{"line":70,"column":27},"end":{"line":81,"column":null}},{"start":{"line":73,"column":27},"end":{"line":81,"column":null}}],"line":70},"21":{"loc":{"start":{"line":73,"column":27},"end":{"line":81,"column":null}},"type":"if","locations":[{"start":{"line":73,"column":27},"end":{"line":81,"column":null}},{"start":{"line":79,"column":27},"end":{"line":81,"column":null}}],"line":73},"22":{"loc":{"start":{"line":75,"column":40},"end":{"line":75,"column":69}},"type":"binary-expr","locations":[{"start":{"line":75,"column":40},"end":{"line":75,"column":56}},{"start":{"line":75,"column":60},"end":{"line":75,"column":69}}],"line":75},"23":{"loc":{"start":{"line":89,"column":46},"end":{"line":89,"column":62}},"type":"binary-expr","locations":[{"start":{"line":89,"column":46},"end":{"line":89,"column":55}},{"start":{"line":89,"column":59},"end":{"line":89,"column":62}}],"line":89},"24":{"loc":{"start":{"line":97,"column":20},"end":{"line":97,"column":52}},"type":"cond-expr","locations":[{"start":{"line":97,"column":31},"end":{"line":97,"column":46}},{"start":{"line":97,"column":49},"end":{"line":97,"column":52}}],"line":97},"25":{"loc":{"start":{"line":106,"column":4},"end":{"line":123,"column":null}},"type":"if","locations":[{"start":{"line":106,"column":4},"end":{"line":123,"column":null}},{"start":{"line":111,"column":11},"end":{"line":123,"column":null}}],"line":106},"26":{"loc":{"start":{"line":111,"column":11},"end":{"line":123,"column":null}},"type":"if","locations":[{"start":{"line":111,"column":11},"end":{"line":123,"column":null}},{"start":{},"end":{}}],"line":111},"27":{"loc":{"start":{"line":129,"column":22},"end":{"line":129,"column":61}},"type":"binary-expr","locations":[{"start":{"line":129,"column":22},"end":{"line":129,"column":55}},{"start":{"line":129,"column":59},"end":{"line":129,"column":61}}],"line":129},"28":{"loc":{"start":{"line":138,"column":24},"end":{"line":138,"column":51}},"type":"binary-expr","locations":[{"start":{"line":138,"column":24},"end":{"line":138,"column":45}},{"start":{"line":138,"column":49},"end":{"line":138,"column":51}}],"line":138},"29":{"loc":{"start":{"line":141,"column":4},"end":{"line":145,"column":null}},"type":"if","locations":[{"start":{"line":141,"column":4},"end":{"line":145,"column":null}},{"start":{},"end":{}}],"line":141},"30":{"loc":{"start":{"line":143,"column":13},"end":{"line":143,"column":null}},"type":"if","locations":[{"start":{"line":143,"column":13},"end":{"line":143,"column":null}},{"start":{},"end":{}}],"line":143},"31":{"loc":{"start":{"line":148,"column":4},"end":{"line":154,"column":null}},"type":"if","locations":[{"start":{"line":148,"column":4},"end":{"line":154,"column":null}},{"start":{},"end":{}}],"line":148}},"s":{"0":20,"1":20,"2":20,"3":20,"4":20,"5":20,"6":19,"7":20,"8":1,"9":1,"10":18,"11":1,"12":17,"13":1,"14":16,"15":4,"16":12,"17":4,"18":4,"19":4,"20":1,"21":3,"22":1,"23":4,"24":4,"25":4,"26":8,"27":20,"28":8,"29":8,"30":8,"31":7,"32":7,"33":3,"34":3,"35":3,"36":1,"37":2,"38":1,"39":3,"40":3,"41":3,"42":4,"43":2,"44":2,"45":1,"46":1,"47":1,"48":1,"49":1,"50":1,"51":20,"52":20,"53":20,"54":4,"55":1,"56":1,"57":3,"58":2,"59":2,"60":2,"61":2,"62":1,"63":1,"64":1,"65":1,"66":2,"67":2,"68":2,"69":2,"70":2,"71":2,"72":1,"73":2,"74":2,"75":2,"76":1,"77":2,"78":2,"79":2,"80":2,"81":2,"82":2,"83":2},"f":{"0":20,"1":20,"2":4,"3":2,"4":2},"b":{"0":[20,20],"1":[20,19],"2":[19,1,1],"3":[1,18],"4":[1,17],"5":[1,16],"6":[4,12],"7":[4,8],"8":[4,2],"9":[1,3],"10":[1,2],"11":[1,3],"12":[1,2],"13":[7,1],"14":[3,4],"15":[3,1],"16":[1,2],"17":[1,1],"18":[1,2],"19":[1,1],"20":[2,2],"21":[1,1],"22":[1,0],"23":[1,0],"24":[20,0],"25":[1,3],"26":[2,1],"27":[2,2],"28":[2,1],"29":[1,1],"30":[2,0],"31":[1,1]},"meta":{"lastBranch":32,"lastFunction":5,"lastStatement":84,"seen":{"f:7:22:7:35":0,"s:8:22:8:32":0,"s:9:16:9:36":1,"s:10:19:10:33":2,"s:13:4:19:Infinity":3,"b:17:12:17:51:17:55:17:64":0,"b:18:16:18:32:18:36:18:Infinity":1,"s:22:4:100:Infinity":4,"s:23:8:23:Infinity":5,"s:26:19:26:55":6,"b:26:20:26:25:26:29:26:34:26:38:26:40":2,"b:27:8:86:Infinity:30:15:86:Infinity":3,"s:27:8:86:Infinity":7,"s:28:13:28:Infinity":8,"s:29:13:29:Infinity":9,"b:32:12:85:Infinity:34:19:85:Infinity":4,"s:32:12:85:Infinity":10,"s:33:16:33:Infinity":11,"b:34:19:85:Infinity:36:19:85:Infinity":5,"s:34:19:85:Infinity":12,"s:35:16:35:Infinity":13,"b:36:19:85:Infinity:38:19:85:Infinity":6,"s:36:19:85:Infinity":14,"s:37:17:37:Infinity":15,"b:38:19:85:Infinity:51:19:85:Infinity":7,"s:38:19:85:Infinity":16,"s:40:37:40:72":17,"b:40:37:40:66:40:70:40:72":8,"s:41:27:41:31":18,"b:42:16:43:Infinity:43:21:43:Infinity":9,"s:42:16:43:Infinity":19,"s:42:67:42:Infinity":20,"b:43:21:43:Infinity:undefined:undefined:undefined:undefined":10,"s:43:21:43:Infinity":21,"s:43:72:43:Infinity":22,"s:45:32:45:45":23,"s:46:33:46:88":24,"b:46:43:46:50:46:54:46:87":11,"b:46:70:46:77:46:80:46:87":12,"s:48:16:50:Infinity":25,"s:52:34:52:72":26,"f:52:65:52:66":1,"s:52:70:52:71":27,"s:53:29:53:31":28,"s:54:33:54:60":29,"b:56:16:84:Infinity:82:23:84:Infinity":13,"s:56:16:84:Infinity":30,"s:57:36:57:48":31,"b:58:20:81:Infinity:70:27:81:Infinity":14,"s:58:20:81:Infinity":32,"s:60:45:60:80":33,"b:60:45:60:74:60:78:60:80":15,"s:61:35:61:39":34,"b:62:24:63:Infinity:63:29:63:Infinity":16,"s:62:24:63:Infinity":35,"s:62:75:62:Infinity":36,"b:63:29:63:Infinity:undefined:undefined:undefined:undefined":17,"s:63:29:63:Infinity":37,"s:63:80:63:Infinity":38,"s:64:40:64:53":39,"s:65:41:65:96":40,"b:65:51:65:58:65:62:65:95":18,"b:65:78:65:85:65:88:65:95":19,"s:67:24:69:Infinity":41,"b:70:27:81:Infinity:73:27:81:Infinity":20,"s:70:27:81:Infinity":42,"s:72:24:72:Infinity":43,"b:73:27:81:Infinity:79:27:81:Infinity":21,"s:73:27:81:Infinity":44,"s:75:40:75:69":45,"b:75:40:75:56:75:60:75:69":22,"s:76:25:78:Infinity":46,"s:80:25:80:Infinity":47,"s:83:20:83:Infinity":48,"s:89:8:89:Infinity":49,"b:89:46:89:55:89:59:89:62":23,"s:90:8:90:Infinity":50,"s:92:25:92:47":51,"s:93:8:99:Infinity":52,"b:97:31:97:46:97:49:97:52":24,"s:102:4:102:Infinity":53,"f:105:15:105:30":2,"b:106:4:123:Infinity:111:11:123:Infinity":25,"s:106:4:123:Infinity":54,"s:107:22:107:38":55,"s:108:8:110:Infinity":56,"b:111:11:123:Infinity:undefined:undefined:undefined:undefined":26,"s:111:11:123:Infinity":57,"s:112:8:122:Infinity":58,"s:113:30:113:50":59,"s:114:11:114:Infinity":60,"s:115:12:115:70":61,"s:116:12:118:Infinity":62,"s:120:12:120:Infinity":63,"s:121:12:121:Infinity":64,"s:124:4:124:Infinity":65,"f:127:15:127:33":3,"s:128:16:128:36":66,"s:129:22:129:61":67,"b:129:22:129:55:129:59:129:61":27,"s:130:25:130:37":68,"s:138:24:138:51":69,"b:138:24:138:45:138:49:138:51":28,"s:140:15:140:17":70,"b:141:4:145:Infinity:undefined:undefined:undefined:undefined":29,"s:141:4:145:Infinity":71,"s:142:9:144:Infinity":72,"f:142:41:142:43":4,"b:143:13:143:Infinity:undefined:undefined:undefined:undefined":30,"s:143:13:143:Infinity":73,"s:143:28:143:Infinity":74,"b:148:4:154:Infinity:undefined:undefined:undefined:undefined":31,"s:148:4:154:Infinity":75,"s:153:8:153:Infinity":76,"s:157:16:157:18":77,"s:160:4:160:Infinity":78,"s:163:4:163:Infinity":79,"s:166:4:166:Infinity":80,"s:169:4:169:Infinity":81,"s:171:17:171:33":82,"s:172:4:174:Infinity":83}}}
,"/app/src/html.js": {"path":"/app/src/html.js","statementMap":{"0":{"start":{"line":2,"column":4},"end":{"line":2,"column":null}},"1":{"start":{"line":5,"column":21},"end":{"line":121,"column":1}},"2":{"start":{"line":124,"column":23},"end":{"line":124,"column":35}},"3":{"start":{"line":125,"column":15},"end":{"line":125,"column":58}},"4":{"start":{"line":128,"column":4},"end":{"line":180,"column":null}},"5":{"start":{"line":184,"column":23},"end":{"line":184,"column":35}},"6":{"start":{"line":185,"column":15},"end":{"line":185,"column":58}},"7":{"start":{"line":187,"column":4},"end":{"line":275,"column":null}}},"fnMap":{"0":{"name":"serveDNSEncodingExplanation","decl":{"start":{"line":1,"column":16},"end":{"line":1,"column":43}},"loc":{"start":{"line":1,"column":46},"end":{"line":3,"column":null}},"line":1},"1":{"name":"getTerminalHtml","decl":{"start":{"line":123,"column":16},"end":{"line":123,"column":31}},"loc":{"start":{"line":123,"column":64},"end":{"line":181,"column":null}},"line":123},"2":{"name":"getSubscriptionPageHtml","decl":{"start":{"line":183,"column":16},"end":{"line":183,"column":39}},"loc":{"start":{"line":183,"column":82},"end":{"line":276,"column":null}},"line":183}},"branchMap":{"0":{"loc":{"start":{"line":124,"column":23},"end":{"line":124,"column":35}},"type":"binary-expr","locations":[{"start":{"line":124,"column":23},"end":{"line":124,"column":27}},{"start":{"line":124,"column":31},"end":{"line":124,"column":35}}],"line":124},"1":{"loc":{"start":{"line":125,"column":15},"end":{"line":125,"column":58}},"type":"binary-expr","locations":[{"start":{"line":125,"column":15},"end":{"line":125,"column":39}},{"start":{"line":125,"column":43},"end":{"line":125,"column":58}}],"line":125},"2":{"loc":{"start":{"line":129,"column":32},"end":{"line":129,"column":55}},"type":"cond-expr","locations":[{"start":{"line":129,"column":42},"end":{"line":129,"column":47}},{"start":{"line":129,"column":50},"end":{"line":129,"column":55}}],"line":129},"3":{"loc":{"start":{"line":184,"column":23},"end":{"line":184,"column":35}},"type":"binary-expr","locations":[{"start":{"line":184,"column":23},"end":{"line":184,"column":27}},{"start":{"line":184,"column":31},"end":{"line":184,"column":35}}],"line":184},"4":{"loc":{"start":{"line":185,"column":15},"end":{"line":185,"column":58}},"type":"binary-expr","locations":[{"start":{"line":185,"column":15},"end":{"line":185,"column":39}},{"start":{"line":185,"column":43},"end":{"line":185,"column":58}}],"line":185},"5":{"loc":{"start":{"line":188,"column":32},"end":{"line":188,"column":55}},"type":"cond-expr","locations":[{"start":{"line":188,"column":42},"end":{"line":188,"column":47}},{"start":{"line":188,"column":50},"end":{"line":188,"column":55}}],"line":188}},"s":{"0":1,"1":1,"2":6,"3":6,"4":6,"5":8,"6":8,"7":8},"f":{"0":1,"1":6,"2":8},"b":{"0":[6,1],"1":[6,1],"2":[1,5],"3":[8,1],"4":[8,1],"5":[1,7]},"meta":{"lastBranch":6,"lastFunction":3,"lastStatement":8,"seen":{"f:1:16:1:43":0,"s:2:4:2:Infinity":0,"s:5:21:121:1":1,"f:123:16:123:31":1,"s:124:23:124:35":2,"b:124:23:124:27:124:31:124:35":0,"s:125:15:125:58":3,"b:125:15:125:39:125:43:125:58":1,"s:128:4:180:Infinity":4,"b:129:42:129:47:129:50:129:55":2,"f:183:16:183:39":2,"s:184:23:184:35":5,"b:184:23:184:27:184:31:184:35":3,"s:185:15:185:58":6,"b:185:15:185:39:185:43:185:58":4,"s:187:4:275:Infinity":7,"b:188:42:188:47:188:50:188:55":5}}}
,"/app/src/protocols.js": {"path":"/app/src/protocols.js","statementMap":{"0":{"start":{"line":3,"column":22},"end":{"line":3,"column":62}},"1":{"start":{"line":4,"column":23},"end":{"line":4,"column":58}},"2":{"start":{"line":14,"column":4},"end":{"line":14,"column":17}},"3":{"start":{"line":18,"column":68},"end":{"line":18,"column":75}},"4":{"start":{"line":19,"column":18},"end":{"line":19,"column":20}},"5":{"start":{"line":20,"column":19},"end":{"line":20,"column":30}},"6":{"start":{"line":21,"column":18},"end":{"line":21,"column":34}},"7":{"start":{"line":23,"column":4},"end":{"line":77,"column":null}},"8":{"start":{"line":24,"column":27},"end":{"line":24,"column":55}},"9":{"start":{"line":25,"column":8},"end":{"line":27,"column":null}},"10":{"start":{"line":26,"column":12},"end":{"line":26,"column":null}},"11":{"start":{"line":28,"column":23},"end":{"line":28,"column":71}},"12":{"start":{"line":30,"column":30},"end":{"line":30,"column":32}},"13":{"start":{"line":32,"column":8},"end":{"line":59,"column":null}},"14":{"start":{"line":33,"column":12},"end":{"line":35,"column":null}},"15":{"start":{"line":34,"column":16},"end":{"line":34,"column":null}},"16":{"start":{"line":36,"column":12},"end":{"line":40,"column":null}},"17":{"start":{"line":37,"column":16},"end":{"line":39,"column":null}},"18":{"start":{"line":38,"column":20},"end":{"line":38,"column":null}},"19":{"start":{"line":42,"column":12},"end":{"line":58,"column":null}},"20":{"start":{"line":43,"column":29},"end":{"line":43,"column":48}},"21":{"start":{"line":44,"column":16},"end":{"line":54,"column":null}},"22":{"start":{"line":45,"column":20},"end":{"line":45,"column":null}},"23":{"start":{"line":46,"column":23},"end":{"line":54,"column":null}},"24":{"start":{"line":47,"column":21},"end":{"line":49,"column":null}},"25":{"start":{"line":48,"column":24},"end":{"line":48,"column":null}},"26":{"start":{"line":53,"column":21},"end":{"line":53,"column":null}},"27":{"start":{"line":56,"column":17},"end":{"line":56,"column":null}},"28":{"start":{"line":57,"column":17},"end":{"line":57,"column":null}},"29":{"start":{"line":57,"column":37},"end":{"line":57,"column":null}},"30":{"start":{"line":61,"column":8},"end":{"line":76,"column":null}},"31":{"start":{"line":62,"column":35},"end":{"line":62,"column":36}},"32":{"start":{"line":63,"column":28},"end":{"line":63,"column":45}},"33":{"start":{"line":64,"column":32},"end":{"line":64,"column":66}},"34":{"start":{"line":65,"column":24},"end":{"line":65,"column":175}},"35":{"start":{"line":67,"column":13},"end":{"line":72,"column":null}},"36":{"start":{"line":68,"column":17},"end":{"line":68,"column":null}},"37":{"start":{"line":69,"column":17},"end":{"line":71,"column":null}},"38":{"start":{"line":70,"column":21},"end":{"line":70,"column":null}},"39":{"start":{"line":74,"column":13},"end":{"line":74,"column":null}},"40":{"start":{"line":75,"column":13},"end":{"line":75,"column":null}},"41":{"start":{"line":79,"column":4},"end":{"line":79,"column":null}},"42":{"start":{"line":83,"column":39},"end":{"line":83,"column":46}},"43":{"start":{"line":84,"column":19},"end":{"line":84,"column":21}},"44":{"start":{"line":85,"column":20},"end":{"line":85,"column":33}},"45":{"start":{"line":87,"column":5},"end":{"line":113,"column":null}},"46":{"start":{"line":88,"column":24},"end":{"line":88,"column":52}},"47":{"start":{"line":89,"column":9},"end":{"line":89,"column":null}},"48":{"start":{"line":89,"column":44},"end":{"line":89,"column":null}},"49":{"start":{"line":90,"column":22},"end":{"line":90,"column":48}},"50":{"start":{"line":91,"column":23},"end":{"line":91,"column":52}},"51":{"start":{"line":93,"column":9},"end":{"line":93,"column":null}},"52":{"start":{"line":93,"column":38},"end":{"line":93,"column":null}},"53":{"start":{"line":95,"column":29},"end":{"line":110,"column":10}},"54":{"start":{"line":111,"column":21},"end":{"line":111,"column":54}},"55":{"start":{"line":112,"column":9},"end":{"line":112,"column":null}},"56":{"start":{"line":114,"column":5},"end":{"line":114,"column":null}},"57":{"start":{"line":118,"column":38},"end":{"line":118,"column":45}},"58":{"start":{"line":119,"column":18},"end":{"line":119,"column":20}},"59":{"start":{"line":120,"column":19},"end":{"line":120,"column":43}},"60":{"start":{"line":121,"column":21},"end":{"line":121,"column":25}},"61":{"start":{"line":122,"column":19},"end":{"line":122,"column":32}},"62":{"start":{"line":124,"column":4},"end":{"line":137,"column":null}},"63":{"start":{"line":125,"column":23},"end":{"line":125,"column":51}},"64":{"start":{"line":126,"column":8},"end":{"line":126,"column":null}},"65":{"start":{"line":126,"column":43},"end":{"line":126,"column":null}},"66":{"start":{"line":127,"column":21},"end":{"line":127,"column":47}},"67":{"start":{"line":128,"column":22},"end":{"line":128,"column":51}},"68":{"start":{"line":130,"column":8},"end":{"line":130,"column":null}},"69":{"start":{"line":130,"column":37},"end":{"line":130,"column":null}},"70":{"start":{"line":132,"column":25},"end":{"line":132,"column":54}},"71":{"start":{"line":133,"column":26},"end":{"line":133,"column":111}},"72":{"start":{"line":134,"column":8},"end":{"line":134,"column":null}},"73":{"start":{"line":134,"column":19},"end":{"line":134,"column":null}},"74":{"start":{"line":136,"column":8},"end":{"line":136,"column":null}},"75":{"start":{"line":138,"column":4},"end":{"line":138,"column":null}},"76":{"start":{"line":144,"column":4},"end":{"line":144,"column":14}}},"fnMap":{"0":{"name":"isNonTLSDisabled","decl":{"start":{"line":7,"column":9},"end":{"line":7,"column":25}},"loc":{"start":{"line":7,"column":28},"end":{"line":15,"column":null}},"line":7},"1":{"name":"generateLinksFromSource","decl":{"start":{"line":17,"column":16},"end":{"line":17,"column":39}},"loc":{"start":{"line":17,"column":98},"end":{"line":80,"column":null}},"line":17},"2":{"name":"(anonymous_2)","decl":{"start":{"line":23,"column":17},"end":{"line":23,"column":21}},"loc":{"start":{"line":23,"column":25},"end":{"line":77,"column":5}},"line":23},"3":{"name":"(anonymous_3)","decl":{"start":{"line":33,"column":35},"end":{"line":33,"column":39}},"loc":{"start":{"line":33,"column":43},"end":{"line":35,"column":13}},"line":33},"4":{"name":"(anonymous_4)","decl":{"start":{"line":37,"column":38},"end":{"line":37,"column":42}},"loc":{"start":{"line":37,"column":46},"end":{"line":39,"column":17}},"line":37},"5":{"name":"(anonymous_5)","decl":{"start":{"line":61,"column":32},"end":{"line":61,"column":33}},"loc":{"start":{"line":61,"column":37},"end":{"line":76,"column":9}},"line":61},"6":{"name":"generateVMessLinksFromSource","decl":{"start":{"line":82,"column":16},"end":{"line":82,"column":44}},"loc":{"start":{"line":82,"column":85},"end":{"line":115,"column":null}},"line":82},"7":{"name":"(anonymous_7)","decl":{"start":{"line":87,"column":18},"end":{"line":87,"column":22}},"loc":{"start":{"line":87,"column":26},"end":{"line":113,"column":6}},"line":87},"8":{"name":"generateShadowsocksLinksFromSource","decl":{"start":{"line":117,"column":16},"end":{"line":117,"column":50}},"loc":{"start":{"line":117,"column":91},"end":{"line":139,"column":null}},"line":117},"9":{"name":"(anonymous_9)","decl":{"start":{"line":124,"column":17},"end":{"line":124,"column":21}},"loc":{"start":{"line":124,"column":25},"end":{"line":137,"column":5}},"line":124},"10":{"name":"generateTrojanLinksFromSource","decl":{"start":{"line":141,"column":22},"end":{"line":141,"column":51}},"loc":{"start":{"line":141,"column":110},"end":{"line":145,"column":null}},"line":141}},"branchMap":{"0":{"loc":{"start":{"line":17,"column":66},"end":{"line":17,"column":82}},"type":"default-arg","locations":[{"start":{"line":17,"column":78},"end":{"line":17,"column":82}}],"line":17},"1":{"loc":{"start":{"line":17,"column":84},"end":{"line":17,"column":96}},"type":"default-arg","locations":[{"start":{"line":17,"column":94},"end":{"line":17,"column":96}}],"line":17},"2":{"loc":{"start":{"line":18,"column":12},"end":{"line":18,"column":33}},"type":"default-arg","locations":[{"start":{"line":18,"column":28},"end":{"line":18,"column":33}}],"line":18},"3":{"loc":{"start":{"line":18,"column":35},"end":{"line":18,"column":63}},"type":"default-arg","locations":[{"start":{"line":18,"column":58},"end":{"line":18,"column":63}}],"line":18},"4":{"loc":{"start":{"line":25,"column":8},"end":{"line":27,"column":null}},"type":"if","locations":[{"start":{"line":25,"column":8},"end":{"line":27,"column":null}},{"start":{},"end":{}}],"line":25},"5":{"loc":{"start":{"line":25,"column":12},"end":{"line":25,"column":41}},"type":"binary-expr","locations":[{"start":{"line":25,"column":12},"end":{"line":25,"column":21}},{"start":{"line":25,"column":25},"end":{"line":25,"column":41}}],"line":25},"6":{"loc":{"start":{"line":28,"column":23},"end":{"line":28,"column":71}},"type":"cond-expr","locations":[{"start":{"line":28,"column":47},"end":{"line":28,"column":61}},{"start":{"line":28,"column":64},"end":{"line":28,"column":71}}],"line":28},"7":{"loc":{"start":{"line":32,"column":8},"end":{"line":59,"column":null}},"type":"if","locations":[{"start":{"line":32,"column":8},"end":{"line":59,"column":null}},{"start":{"line":41,"column":15},"end":{"line":59,"column":null}}],"line":32},"8":{"loc":{"start":{"line":36,"column":12},"end":{"line":40,"column":null}},"type":"if","locations":[{"start":{"line":36,"column":12},"end":{"line":40,"column":null}},{"start":{},"end":{}}],"line":36},"9":{"loc":{"start":{"line":42,"column":12},"end":{"line":58,"column":null}},"type":"if","locations":[{"start":{"line":42,"column":12},"end":{"line":58,"column":null}},{"start":{"line":55,"column":19},"end":{"line":58,"column":null}}],"line":42},"10":{"loc":{"start":{"line":44,"column":16},"end":{"line":54,"column":null}},"type":"if","locations":[{"start":{"line":44,"column":16},"end":{"line":54,"column":null}},{"start":{"line":46,"column":23},"end":{"line":54,"column":null}}],"line":44},"11":{"loc":{"start":{"line":46,"column":23},"end":{"line":54,"column":null}},"type":"if","locations":[{"start":{"line":46,"column":23},"end":{"line":54,"column":null}},{"start":{"line":50,"column":23},"end":{"line":54,"column":null}}],"line":46},"12":{"loc":{"start":{"line":47,"column":21},"end":{"line":49,"column":null}},"type":"if","locations":[{"start":{"line":47,"column":21},"end":{"line":49,"column":null}},{"start":{},"end":{}}],"line":47},"13":{"loc":{"start":{"line":57,"column":17},"end":{"line":57,"column":null}},"type":"if","locations":[{"start":{"line":57,"column":17},"end":{"line":57,"column":null}},{"start":{},"end":{}}],"line":57},"14":{"loc":{"start":{"line":63,"column":28},"end":{"line":63,"column":45}},"type":"cond-expr","locations":[{"start":{"line":63,"column":34},"end":{"line":63,"column":40}},{"start":{"line":63,"column":43},"end":{"line":63,"column":45}}],"line":63},"15":{"loc":{"start":{"line":65,"column":89},"end":{"line":65,"column":109}},"type":"cond-expr","locations":[{"start":{"line":65,"column":95},"end":{"line":65,"column":100}},{"start":{"line":65,"column":103},"end":{"line":65,"column":109}}],"line":65},"16":{"loc":{"start":{"line":67,"column":13},"end":{"line":72,"column":null}},"type":"if","locations":[{"start":{"line":67,"column":13},"end":{"line":72,"column":null}},{"start":{},"end":{}}],"line":67},"17":{"loc":{"start":{"line":69,"column":17},"end":{"line":71,"column":null}},"type":"if","locations":[{"start":{"line":69,"column":17},"end":{"line":71,"column":null}},{"start":{},"end":{}}],"line":69},"18":{"loc":{"start":{"line":82,"column":71},"end":{"line":82,"column":83}},"type":"default-arg","locations":[{"start":{"line":82,"column":81},"end":{"line":82,"column":83}}],"line":82},"19":{"loc":{"start":{"line":83,"column":13},"end":{"line":83,"column":34}},"type":"default-arg","locations":[{"start":{"line":83,"column":29},"end":{"line":83,"column":34}}],"line":83},"20":{"loc":{"start":{"line":89,"column":9},"end":{"line":89,"column":null}},"type":"if","locations":[{"start":{"line":89,"column":9},"end":{"line":89,"column":null}},{"start":{},"end":{}}],"line":89},"21":{"loc":{"start":{"line":89,"column":13},"end":{"line":89,"column":42}},"type":"binary-expr","locations":[{"start":{"line":89,"column":13},"end":{"line":89,"column":22}},{"start":{"line":89,"column":26},"end":{"line":89,"column":42}}],"line":89},"22":{"loc":{"start":{"line":90,"column":31},"end":{"line":90,"column":47}},"type":"binary-expr","locations":[{"start":{"line":90,"column":31},"end":{"line":90,"column":40}},{"start":{"line":90,"column":44},"end":{"line":90,"column":47}}],"line":90},"23":{"loc":{"start":{"line":93,"column":9},"end":{"line":93,"column":null}},"type":"if","locations":[{"start":{"line":93,"column":9},"end":{"line":93,"column":null}},{"start":{},"end":{}}],"line":93},"24":{"loc":{"start":{"line":93,"column":13},"end":{"line":93,"column":36}},"type":"binary-expr","locations":[{"start":{"line":93,"column":13},"end":{"line":93,"column":19}},{"start":{"line":93,"column":23},"end":{"line":93,"column":36}}],"line":93},"25":{"loc":{"start":{"line":107,"column":18},"end":{"line":107,"column":36}},"type":"cond-expr","locations":[{"start":{"line":107,"column":26},"end":{"line":107,"column":31}},{"start":{"line":107,"column":34},"end":{"line":107,"column":36}}],"line":107},"26":{"loc":{"start":{"line":108,"column":18},"end":{"line":108,"column":43}},"type":"cond-expr","locations":[{"start":{"line":108,"column":26},"end":{"line":108,"column":38}},{"start":{"line":108,"column":41},"end":{"line":108,"column":43}}],"line":108},"27":{"loc":{"start":{"line":109,"column":19},"end":{"line":109,"column":null}},"type":"cond-expr","locations":[{"start":{"line":109,"column":27},"end":{"line":109,"column":40}},{"start":{"line":109,"column":43},"end":{"line":109,"column":null}}],"line":109},"28":{"loc":{"start":{"line":117,"column":77},"end":{"line":117,"column":89}},"type":"default-arg","locations":[{"start":{"line":117,"column":87},"end":{"line":117,"column":89}}],"line":117},"29":{"loc":{"start":{"line":118,"column":12},"end":{"line":118,"column":33}},"type":"default-arg","locations":[{"start":{"line":118,"column":28},"end":{"line":118,"column":33}}],"line":118},"30":{"loc":{"start":{"line":126,"column":8},"end":{"line":126,"column":null}},"type":"if","locations":[{"start":{"line":126,"column":8},"end":{"line":126,"column":null}},{"start":{},"end":{}}],"line":126},"31":{"loc":{"start":{"line":126,"column":12},"end":{"line":126,"column":41}},"type":"binary-expr","locations":[{"start":{"line":126,"column":12},"end":{"line":126,"column":21}},{"start":{"line":126,"column":25},"end":{"line":126,"column":41}}],"line":126},"32":{"loc":{"start":{"line":127,"column":30},"end":{"line":127,"column":46}},"type":"binary-expr","locations":[{"start":{"line":127,"column":30},"end":{"line":127,"column":39}},{"start":{"line":127,"column":43},"end":{"line":127,"column":46}}],"line":127},"33":{"loc":{"start":{"line":130,"column":8},"end":{"line":130,"column":null}},"type":"if","locations":[{"start":{"line":130,"column":8},"end":{"line":130,"column":null}},{"start":{},"end":{}}],"line":130},"34":{"loc":{"start":{"line":130,"column":12},"end":{"line":130,"column":35}},"type":"binary-expr","locations":[{"start":{"line":130,"column":12},"end":{"line":130,"column":18}},{"start":{"line":130,"column":22},"end":{"line":130,"column":35}}],"line":130},"35":{"loc":{"start":{"line":134,"column":8},"end":{"line":134,"column":null}},"type":"if","locations":[{"start":{"line":134,"column":8},"end":{"line":134,"column":null}},{"start":{},"end":{}}],"line":134},"36":{"loc":{"start":{"line":141,"column":78},"end":{"line":141,"column":94}},"type":"default-arg","locations":[{"start":{"line":141,"column":90},"end":{"line":141,"column":94}}],"line":141},"37":{"loc":{"start":{"line":141,"column":96},"end":{"line":141,"column":108}},"type":"default-arg","locations":[{"start":{"line":141,"column":106},"end":{"line":141,"column":108}}],"line":141}},"s":{"0":1,"1":1,"2":0,"3":3,"4":3,"5":3,"6":3,"7":3,"8":3,"9":3,"10":2,"11":3,"12":3,"13":3,"14":1,"15":6,"16":1,"17":1,"18":7,"19":2,"20":2,"21":2,"22":1,"23":1,"24":1,"25":0,"26":0,"27":0,"28":0,"29":0,"30":3,"31":14,"32":14,"33":14,"34":14,"35":14,"36":7,"37":7,"38":0,"39":14,"40":14,"41":3,"42":1,"43":1,"44":1,"45":1,"46":1,"47":1,"48":1,"49":1,"50":1,"51":1,"52":0,"53":1,"54":1,"55":1,"56":1,"57":1,"58":1,"59":1,"60":1,"61":1,"62":1,"63":1,"64":1,"65":1,"66":1,"67":1,"68":1,"69":0,"70":1,"71":1,"72":1,"73":1,"74":1,"75":1,"76":0},"f":{"0":0,"1":3,"2":3,"3":6,"4":7,"5":14,"6":1,"7":1,"8":1,"9":1,"10":0},"b":{"0":[3],"1":[3],"2":[3],"3":[3],"4":[2,1],"5":[3,2],"6":[0,3],"7":[1,2],"8":[1,0],"9":[2,0],"10":[1,1],"11":[1,0],"12":[0,1],"13":[0,0],"14":[7,7],"15":[7,7],"16":[7,7],"17":[0,7],"18":[1],"19":[1],"20":[1,0],"21":[1,1],"22":[1,0],"23":[0,1],"24":[1,0],"25":[1,0],"26":[1,0],"27":[1,0],"28":[1],"29":[1],"30":[1,0],"31":[1,1],"32":[1,0],"33":[0,1],"34":[1,0],"35":[1,0],"36":[0],"37":[0]},"meta":{"lastBranch":38,"lastFunction":11,"lastStatement":77,"seen":{"s:3:22:3:62":0,"s:4:23:4:58":1,"f:7:9:7:25":0,"s:14:4:14:17":2,"f:17:16:17:39":1,"b:17:78:17:82":0,"b:17:94:17:96":1,"s:18:68:18:75":3,"b:18:28:18:33":2,"b:18:58:18:63":3,"s:19:18:19:20":4,"s:20:19:20:30":5,"s:21:18:21:34":6,"s:23:4:77:Infinity":7,"f:23:17:23:21":2,"s:24:27:24:55":8,"b:25:8:27:Infinity:undefined:undefined:undefined:undefined":4,"s:25:8:27:Infinity":9,"b:25:12:25:21:25:25:25:41":5,"s:26:12:26:Infinity":10,"s:28:23:28:71":11,"b:28:47:28:61:28:64:28:71":6,"s:30:30:30:32":12,"b:32:8:59:Infinity:41:15:59:Infinity":7,"s:32:8:59:Infinity":13,"s:33:12:35:Infinity":14,"f:33:35:33:39":3,"s:34:16:34:Infinity":15,"b:36:12:40:Infinity:undefined:undefined:undefined:undefined":8,"s:36:12:40:Infinity":16,"s:37:16:39:Infinity":17,"f:37:38:37:42":4,"s:38:20:38:Infinity":18,"b:42:12:58:Infinity:55:19:58:Infinity":9,"s:42:12:58:Infinity":19,"s:43:29:43:48":20,"b:44:16:54:Infinity:46:23:54:Infinity":10,"s:44:16:54:Infinity":21,"s:45:20:45:Infinity":22,"b:46:23:54:Infinity:50:23:54:Infinity":11,"s:46:23:54:Infinity":23,"b:47:21:49:Infinity:undefined:undefined:undefined:undefined":12,"s:47:21:49:Infinity":24,"s:48:24:48:Infinity":25,"s:53:21:53:Infinity":26,"s:56:17:56:Infinity":27,"b:57:17:57:Infinity:undefined:undefined:undefined:undefined":13,"s:57:17:57:Infinity":28,"s:57:37:57:Infinity":29,"s:61:8:76:Infinity":30,"f:61:32:61:33":5,"s:62:35:62:36":31,"s:63:28:63:45":32,"b:63:34:63:40:63:43:63:45":14,"s:64:32:64:66":33,"s:65:24:65:175":34,"b:65:95:65:100:65:103:65:109":15,"b:67:13:72:Infinity:undefined:undefined:undefined:undefined":16,"s:67:13:72:Infinity":35,"s:68:17:68:Infinity":36,"b:69:17:71:Infinity:undefined:undefined:undefined:undefined":17,"s:69:17:71:Infinity":37,"s:70:21:70:Infinity":38,"s:74:13:74:Infinity":39,"s:75:13:75:Infinity":40,"s:79:4:79:Infinity":41,"f:82:16:82:44":6,"b:82:81:82:83":18,"s:83:39:83:46":42,"b:83:29:83:34":19,"s:84:19:84:21":43,"s:85:20:85:33":44,"s:87:5:113:Infinity":45,"f:87:18:87:22":7,"s:88:24:88:52":46,"b:89:9:89:Infinity:undefined:undefined:undefined:undefined":20,"s:89:9:89:Infinity":47,"b:89:13:89:22:89:26:89:42":21,"s:89:44:89:Infinity":48,"s:90:22:90:48":49,"b:90:31:90:40:90:44:90:47":22,"s:91:23:91:52":50,"b:93:9:93:Infinity:undefined:undefined:undefined:undefined":23,"s:93:9:93:Infinity":51,"b:93:13:93:19:93:23:93:36":24,"s:93:38:93:Infinity":52,"s:95:29:110:10":53,"b:107:26:107:31:107:34:107:36":25,"b:108:26:108:38:108:41:108:43":26,"b:109:27:109:40:109:43:109:Infinity":27,"s:111:21:111:54":54,"s:112:9:112:Infinity":55,"s:114:5:114:Infinity":56,"f:117:16:117:50":8,"b:117:87:117:89":28,"s:118:38:118:45":57,"b:118:28:118:33":29,"s:119:18:119:20":58,"s:120:19:120:43":59,"s:121:21:121:25":60,"s:122:19:122:32":61,"s:124:4:137:Infinity":62,"f:124:17:124:21":9,"s:125:23:125:51":63,"b:126:8:126:Infinity:undefined:undefined:undefined:undefined":30,"s:126:8:126:Infinity":64,"b:126:12:126:21:126:25:126:41":31,"s:126:43:126:Infinity":65,"s:127:21:127:47":66,"b:127:30:127:39:127:43:127:46":32,"s:128:22:128:51":67,"b:130:8:130:Infinity:undefined:undefined:undefined:undefined":33,"s:130:8:130:Infinity":68,"b:130:12:130:18:130:22:130:35":34,"s:130:37:130:Infinity":69,"s:132:25:132:54":70,"s:133:26:133:111":71,"b:134:8:134:Infinity:undefined:undefined:undefined:undefined":35,"s:134:8:134:Infinity":72,"s:134:19:134:Infinity":73,"s:136:8:136:Infinity":74,"s:138:4:138:Infinity":75,"f:141:22:141:51":10,"b:141:90:141:94":36,"b:141:106:141:108":37,"s:144:4:144:14":76}}}
,"/app/src/utils.js": {"path":"/app/src/utils.js","statementMap":{"0":{"start":{"line":2,"column":30},"end":{"line":2,"column":54}},"1":{"start":{"line":3,"column":30},"end":{"line":3,"column":54}},"2":{"start":{"line":4,"column":33},"end":{"line":4,"column":73}},"3":{"start":{"line":5,"column":30},"end":{"line":5,"column":102}},"4":{"start":{"line":6,"column":35},"end":{"line":6,"column":71}},"5":{"start":{"line":7,"column":28},"end":{"line":7,"column":64}},"6":{"start":{"line":8,"column":29},"end":{"line":8,"column":81}},"7":{"start":{"line":9,"column":32},"end":{"line":9,"column":84}},"8":{"start":{"line":10,"column":36},"end":{"line":10,"column":84}},"9":{"start":{"line":11,"column":33},"end":{"line":11,"column":69}},"10":{"start":{"line":12,"column":35},"end":{"line":12,"column":75}},"11":{"start":{"line":13,"column":33},"end":{"line":13,"column":73}},"12":{"start":{"line":14,"column":33},"end":{"line":14,"column":81}},"13":{"start":{"line":16,"column":33},"end":{"line":16,"column":34}},"14":{"start":{"line":17,"column":32},"end":{"line":17,"column":33}},"15":{"start":{"line":18,"column":33},"end":{"line":18,"column":34}},"16":{"start":{"line":21,"column":22},"end":{"line":21,"column":87}},"17":{"start":{"line":22,"column":4},"end":{"line":22,"column":null}},"18":{"start":{"line":26,"column":22},"end":{"line":26,"column":115}},"19":{"start":{"line":27,"column":4},"end":{"line":27,"column":null}},"20":{"start":{"line":27,"column":28},"end":{"line":27,"column":null}},"21":{"start":{"line":29,"column":22},"end":{"line":29,"column":66}},"22":{"start":{"line":30,"column":4},"end":{"line":30,"column":null}},"23":{"start":{"line":30,"column":28},"end":{"line":30,"column":null}},"24":{"start":{"line":32,"column":27},"end":{"line":32,"column":104}},"25":{"start":{"line":33,"column":4},"end":{"line":33,"column":null}},"26":{"start":{"line":33,"column":33},"end":{"line":33,"column":null}},"27":{"start":{"line":35,"column":4},"end":{"line":35,"column":null}},"28":{"start":{"line":39,"column":4},"end":{"line":47,"column":null}},"29":{"start":{"line":40,"column":22},"end":{"line":40,"column":62}},"30":{"start":{"line":41,"column":8},"end":{"line":46,"column":null}},"31":{"start":{"line":42,"column":12},"end":{"line":45,"column":null}},"32":{"start":{"line":49,"column":27},"end":{"line":49,"column":49}},"33":{"start":{"line":50,"column":4},"end":{"line":61,"column":null}},"34":{"start":{"line":51,"column":24},"end":{"line":51,"column":59}},"35":{"start":{"line":52,"column":21},"end":{"line":52,"column":42}},"36":{"start":{"line":54,"column":8},"end":{"line":60,"column":null}},"37":{"start":{"line":55,"column":29},"end":{"line":55,"column":63}},"38":{"start":{"line":56,"column":12},"end":{"line":56,"column":null}},"39":{"start":{"line":59,"column":13},"end":{"line":59,"column":null}},"40":{"start":{"line":63,"column":4},"end":{"line":63,"column":null}},"41":{"start":{"line":67,"column":20},"end":{"line":67,"column":44}},"42":{"start":{"line":68,"column":4},"end":{"line":72,"column":null}},"43":{"start":{"line":69,"column":55},"end":{"line":69,"column":83}},"44":{"start":{"line":70,"column":8},"end":{"line":70,"column":null}},"45":{"start":{"line":70,"column":24},"end":{"line":70,"column":null}},"46":{"start":{"line":71,"column":8},"end":{"line":71,"column":null}},"47":{"start":{"line":74,"column":17},"end":{"line":74,"column":46}},"48":{"start":{"line":75,"column":21},"end":{"line":75,"column":51}},"49":{"start":{"line":76,"column":51},"end":{"line":76,"column":80}},"50":{"start":{"line":78,"column":4},"end":{"line":78,"column":null}},"51":{"start":{"line":78,"column":20},"end":{"line":78,"column":null}},"52":{"start":{"line":80,"column":19},"end":{"line":80,"column":21}},"53":{"start":{"line":80,"column":34},"end":{"line":80,"column":36}},"54":{"start":{"line":81,"column":23},"end":{"line":81,"column":40}},"55":{"start":{"line":82,"column":4},"end":{"line":87,"column":null}},"56":{"start":{"line":83,"column":8},"end":{"line":83,"column":null}},"57":{"start":{"line":84,"column":8},"end":{"line":84,"column":null}},"58":{"start":{"line":86,"column":8},"end":{"line":86,"column":null}},"59":{"start":{"line":89,"column":4},"end":{"line":89,"column":null}},"60":{"start":{"line":93,"column":20},"end":{"line":93,"column":37}},"61":{"start":{"line":94,"column":17},"end":{"line":94,"column":37}},"62":{"start":{"line":96,"column":14},"end":{"line":105,"column":5}},"63":{"start":{"line":107,"column":12},"end":{"line":110,"column":5}},"64":{"start":{"line":112,"column":19},"end":{"line":112,"column":30}},"65":{"start":{"line":113,"column":19},"end":{"line":113,"column":29}},"66":{"start":{"line":114,"column":22},"end":{"line":114,"column":55}},"67":{"start":{"line":115,"column":19},"end":{"line":115,"column":44}},"68":{"start":{"line":116,"column":4},"end":{"line":116,"column":null}},"69":{"start":{"line":117,"column":4},"end":{"line":117,"column":null}},"70":{"start":{"line":119,"column":17},"end":{"line":119,"column":44}},"71":{"start":{"line":120,"column":4},"end":{"line":120,"column":null}},"72":{"start":{"line":122,"column":4},"end":{"line":163,"column":null}},"73":{"start":{"line":122,"column":21},"end":{"line":122,"column":22}},"74":{"start":{"line":123,"column":18},"end":{"line":123,"column":37}},"75":{"start":{"line":125,"column":8},"end":{"line":127,"column":null}},"76":{"start":{"line":125,"column":21},"end":{"line":125,"column":22}},"77":{"start":{"line":126,"column":12},"end":{"line":126,"column":null}},"78":{"start":{"line":129,"column":8},"end":{"line":133,"column":null}},"79":{"start":{"line":129,"column":21},"end":{"line":129,"column":23}},"80":{"start":{"line":130,"column":23},"end":{"line":130,"column":97}},"81":{"start":{"line":131,"column":23},"end":{"line":131,"column":96}},"82":{"start":{"line":132,"column":12},"end":{"line":132,"column":null}},"83":{"start":{"line":135,"column":39},"end":{"line":135,"column":40}},"84":{"start":{"line":137,"column":8},"end":{"line":153,"column":null}},"85":{"start":{"line":137,"column":21},"end":{"line":137,"column":22}},"86":{"start":{"line":138,"column":23},"end":{"line":138,"column":82}},"87":{"start":{"line":139,"column":23},"end":{"line":139,"column":41}},"88":{"start":{"line":140,"column":26},"end":{"line":140,"column":59}},"89":{"start":{"line":141,"column":23},"end":{"line":141,"column":82}},"90":{"start":{"line":142,"column":24},"end":{"line":142,"column":51}},"91":{"start":{"line":143,"column":26},"end":{"line":143,"column":42}},"92":{"start":{"line":145,"column":12},"end":{"line":145,"column":null}},"93":{"start":{"line":146,"column":12},"end":{"line":146,"column":null}},"94":{"start":{"line":147,"column":12},"end":{"line":147,"column":null}},"95":{"start":{"line":148,"column":12},"end":{"line":148,"column":null}},"96":{"start":{"line":149,"column":12},"end":{"line":149,"column":null}},"97":{"start":{"line":150,"column":12},"end":{"line":150,"column":null}},"98":{"start":{"line":151,"column":12},"end":{"line":151,"column":null}},"99":{"start":{"line":152,"column":12},"end":{"line":152,"column":null}},"100":{"start":{"line":155,"column":8},"end":{"line":155,"column":null}},"101":{"start":{"line":156,"column":8},"end":{"line":156,"column":null}},"102":{"start":{"line":157,"column":8},"end":{"line":157,"column":null}},"103":{"start":{"line":158,"column":8},"end":{"line":158,"column":null}},"104":{"start":{"line":159,"column":8},"end":{"line":159,"column":null}},"105":{"start":{"line":160,"column":8},"end":{"line":160,"column":null}},"106":{"start":{"line":161,"column":8},"end":{"line":161,"column":null}},"107":{"start":{"line":162,"column":8},"end":{"line":162,"column":null}},"108":{"start":{"line":165,"column":19},"end":{"line":165,"column":21}},"109":{"start":{"line":166,"column":4},"end":{"line":173,"column":null}},"110":{"start":{"line":166,"column":17},"end":{"line":166,"column":18}},"111":{"start":{"line":167,"column":8},"end":{"line":172,"column":null}},"112":{"start":{"line":175,"column":4},"end":{"line":175,"column":null}},"113":{"start":{"line":179,"column":4},"end":{"line":179,"column":null}},"114":{"start":{"line":183,"column":4},"end":{"line":183,"column":null}},"115":{"start":{"line":183,"column":17},"end":{"line":183,"column":null}},"116":{"start":{"line":184,"column":4},"end":{"line":185,"column":null}},"117":{"start":{"line":184,"column":10},"end":{"line":184,"column":64}},"118":{"start":{"line":184,"column":65},"end":{"line":184,"column":161}},"119":{"start":{"line":184,"column":122},"end":{"line":184,"column":137}},"120":{"start":{"line":185,"column":20},"end":{"line":185,"column":37}},"121":{"start":{"line":188,"column":17},"end":{"line":188,"column":87}},"122":{"start":{"line":188,"column":55},"end":{"line":188,"column":86}},"123":{"start":{"line":190,"column":15},"end":{"line":190,"column":434}},"124":{"start":{"line":191,"column":4},"end":{"line":191,"column":null}},"125":{"start":{"line":191,"column":28},"end":{"line":191,"column":null}},"126":{"start":{"line":192,"column":4},"end":{"line":192,"column":null}},"127":{"start":{"line":196,"column":24},"end":{"line":196,"column":92}},"128":{"start":{"line":197,"column":4},"end":{"line":197,"column":null}}},"fnMap":{"0":{"name":"isValidFormat","decl":{"start":{"line":20,"column":16},"end":{"line":20,"column":29}},"loc":{"start":{"line":20,"column":35},"end":{"line":23,"column":null}},"line":20},"1":{"name":"isValidIP","decl":{"start":{"line":25,"column":16},"end":{"line":25,"column":25}},"loc":{"start":{"line":25,"column":30},"end":{"line":36,"column":null}},"line":25},"2":{"name":"parseAddressAndPort","decl":{"start":{"line":38,"column":16},"end":{"line":38,"column":35}},"loc":{"start":{"line":38,"column":43},"end":{"line":64,"column":null}},"line":38},"3":{"name":"parseSocksConfig","decl":{"start":{"line":66,"column":16},"end":{"line":66,"column":32}},"loc":{"start":{"line":66,"column":42},"end":{"line":90,"column":null}},"line":66},"4":{"name":"sha224Hash","decl":{"start":{"line":92,"column":22},"end":{"line":92,"column":32}},"loc":{"start":{"line":92,"column":39},"end":{"line":176,"column":null}},"line":92},"5":{"name":"rightRotate","decl":{"start":{"line":178,"column":9},"end":{"line":178,"column":20}},"loc":{"start":{"line":178,"column":36},"end":{"line":180,"column":null}},"line":178},"6":{"name":"base64ToArray","decl":{"start":{"line":182,"column":16},"end":{"line":182,"column":29}},"loc":{"start":{"line":182,"column":38},"end":{"line":186,"column":null}},"line":182},"7":{"name":"(anonymous_7)","decl":{"start":{"line":184,"column":115},"end":{"line":184,"column":116}},"loc":{"start":{"line":184,"column":122},"end":{"line":184,"column":137}},"line":184},"8":{"name":"(anonymous_8)","decl":{"start":{"line":188,"column":45},"end":{"line":188,"column":46}},"loc":{"start":{"line":188,"column":55},"end":{"line":188,"column":86}},"line":188},"9":{"name":"formatIdentifier","decl":{"start":{"line":189,"column":16},"end":{"line":189,"column":32}},"loc":{"start":{"line":189,"column":50},"end":{"line":193,"column":null}},"line":189},"10":{"name":"isValidDomain","decl":{"start":{"line":195,"column":16},"end":{"line":195,"column":29}},"loc":{"start":{"line":195,"column":38},"end":{"line":198,"column":null}},"line":195}},"branchMap":{"0":{"loc":{"start":{"line":27,"column":4},"end":{"line":27,"column":null}},"type":"if","locations":[{"start":{"line":27,"column":4},"end":{"line":27,"column":null}},{"start":{},"end":{}}],"line":27},"1":{"loc":{"start":{"line":30,"column":4},"end":{"line":30,"column":null}},"type":"if","locations":[{"start":{"line":30,"column":4},"end":{"line":30,"column":null}},{"start":{},"end":{}}],"line":30},"2":{"loc":{"start":{"line":33,"column":4},"end":{"line":33,"column":null}},"type":"if","locations":[{"start":{"line":33,"column":4},"end":{"line":33,"column":null}},{"start":{},"end":{}}],"line":33},"3":{"loc":{"start":{"line":39,"column":4},"end":{"line":47,"column":null}},"type":"if","locations":[{"start":{"line":39,"column":4},"end":{"line":47,"column":null}},{"start":{},"end":{}}],"line":39},"4":{"loc":{"start":{"line":39,"column":8},"end":{"line":39,"column":50}},"type":"binary-expr","locations":[{"start":{"line":39,"column":8},"end":{"line":39,"column":27}},{"start":{"line":39,"column":31},"end":{"line":39,"column":50}}],"line":39},"5":{"loc":{"start":{"line":41,"column":8},"end":{"line":46,"column":null}},"type":"if","locations":[{"start":{"line":41,"column":8},"end":{"line":46,"column":null}},{"start":{},"end":{}}],"line":41},"6":{"loc":{"start":{"line":44,"column":22},"end":{"line":44,"column":null}},"type":"cond-expr","locations":[{"start":{"line":44,"column":33},"end":{"line":44,"column":55}},{"start":{"line":44,"column":58},"end":{"line":44,"column":null}}],"line":44},"7":{"loc":{"start":{"line":50,"column":4},"end":{"line":61,"column":null}},"type":"if","locations":[{"start":{"line":50,"column":4},"end":{"line":61,"column":null}},{"start":{},"end":{}}],"line":50},"8":{"loc":{"start":{"line":54,"column":8},"end":{"line":60,"column":null}},"type":"if","locations":[{"start":{"line":54,"column":8},"end":{"line":60,"column":null}},{"start":{"line":57,"column":15},"end":{"line":60,"column":null}}],"line":54},"9":{"loc":{"start":{"line":54,"column":12},"end":{"line":54,"column":53}},"type":"binary-expr","locations":[{"start":{"line":54,"column":12},"end":{"line":54,"column":24}},{"start":{"line":54,"column":28},"end":{"line":54,"column":36}},{"start":{"line":54,"column":40},"end":{"line":54,"column":53}}],"line":54},"10":{"loc":{"start":{"line":68,"column":4},"end":{"line":72,"column":null}},"type":"if","locations":[{"start":{"line":68,"column":4},"end":{"line":72,"column":null}},{"start":{},"end":{}}],"line":68},"11":{"loc":{"start":{"line":70,"column":8},"end":{"line":70,"column":null}},"type":"if","locations":[{"start":{"line":70,"column":8},"end":{"line":70,"column":null}},{"start":{},"end":{}}],"line":70},"12":{"loc":{"start":{"line":78,"column":4},"end":{"line":78,"column":null}},"type":"if","locations":[{"start":{"line":78,"column":4},"end":{"line":78,"column":null}},{"start":{},"end":{}}],"line":78},"13":{"loc":{"start":{"line":82,"column":4},"end":{"line":87,"column":null}},"type":"if","locations":[{"start":{"line":82,"column":4},"end":{"line":87,"column":null}},{"start":{"line":85,"column":11},"end":{"line":87,"column":null}}],"line":82},"14":{"loc":{"start":{"line":183,"column":4},"end":{"line":183,"column":null}},"type":"if","locations":[{"start":{"line":183,"column":4},"end":{"line":183,"column":null}},{"start":{},"end":{}}],"line":183},"15":{"loc":{"start":{"line":189,"column":38},"end":{"line":189,"column":48}},"type":"default-arg","locations":[{"start":{"line":189,"column":47},"end":{"line":189,"column":48}}],"line":189},"16":{"loc":{"start":{"line":191,"column":4},"end":{"line":191,"column":null}},"type":"if","locations":[{"start":{"line":191,"column":4},"end":{"line":191,"column":null}},{"start":{},"end":{}}],"line":191}},"s":{"0":2,"1":2,"2":2,"3":2,"4":2,"5":2,"6":2,"7":2,"8":2,"9":2,"10":2,"11":2,"12":2,"13":2,"14":2,"15":2,"16":3,"17":3,"18":5,"19":5,"20":1,"21":4,"22":4,"23":1,"24":3,"25":3,"26":1,"27":2,"28":7,"29":1,"30":1,"31":1,"32":6,"33":6,"34":4,"35":4,"36":4,"37":3,"38":3,"39":1,"40":2,"41":2,"42":2,"43":1,"44":1,"45":1,"46":0,"47":1,"48":1,"49":1,"50":1,"51":0,"52":1,"53":1,"54":1,"55":1,"56":1,"57":1,"58":0,"59":1,"60":1,"61":1,"62":1,"63":1,"64":1,"65":1,"66":1,"67":1,"68":1,"69":1,"70":1,"71":1,"72":1,"73":1,"74":1,"75":1,"76":1,"77":16,"78":1,"79":1,"80":48,"81":48,"82":48,"83":1,"84":1,"85":1,"86":64,"87":64,"88":64,"89":64,"90":64,"91":64,"92":64,"93":64,"94":64,"95":64,"96":64,"97":64,"98":64,"99":64,"100":1,"101":1,"102":1,"103":1,"104":1,"105":1,"106":1,"107":1,"108":1,"109":1,"110":1,"111":7,"112":1,"113":576,"114":0,"115":0,"116":0,"117":0,"118":0,"119":0,"120":0,"121":2,"122":512,"123":0,"124":0,"125":0,"126":0,"127":3,"128":3},"f":{"0":3,"1":5,"2":7,"3":2,"4":1,"5":576,"6":0,"7":0,"8":512,"9":0,"10":3},"b":{"0":[1,4],"1":[1,3],"2":[1,2],"3":[1,6],"4":[7,1],"5":[1,0],"6":[1,0],"7":[4,2],"8":[3,1],"9":[4,4,4],"10":[1,1],"11":[1,0],"12":[0,1],"13":[1,0],"14":[0,0],"15":[0],"16":[0,0]},"meta":{"lastBranch":17,"lastFunction":11,"lastStatement":129,"seen":{"s:2:30:2:54":0,"s:3:30:3:54":1,"s:4:33:4:73":2,"s:5:30:5:102":3,"s:6:35:6:71":4,"s:7:28:7:64":5,"s:8:29:8:81":6,"s:9:32:9:84":7,"s:10:36:10:84":8,"s:11:33:11:69":9,"s:12:35:12:75":10,"s:13:33:13:73":11,"s:14:33:14:81":12,"s:16:33:16:34":13,"s:17:32:17:33":14,"s:18:33:18:34":15,"f:20:16:20:29":0,"s:21:22:21:87":16,"s:22:4:22:Infinity":17,"f:25:16:25:25":1,"s:26:22:26:115":18,"b:27:4:27:Infinity:undefined:undefined:undefined:undefined":0,"s:27:4:27:Infinity":19,"s:27:28:27:Infinity":20,"s:29:22:29:66":21,"b:30:4:30:Infinity:undefined:undefined:undefined:undefined":1,"s:30:4:30:Infinity":22,"s:30:28:30:Infinity":23,"s:32:27:32:104":24,"b:33:4:33:Infinity:undefined:undefined:undefined:undefined":2,"s:33:4:33:Infinity":25,"s:33:33:33:Infinity":26,"s:35:4:35:Infinity":27,"f:38:16:38:35":2,"b:39:4:47:Infinity:undefined:undefined:undefined:undefined":3,"s:39:4:47:Infinity":28,"b:39:8:39:27:39:31:39:50":4,"s:40:22:40:62":29,"b:41:8:46:Infinity:undefined:undefined:undefined:undefined":5,"s:41:8:46:Infinity":30,"s:42:12:45:Infinity":31,"b:44:33:44:55:44:58:44:Infinity":6,"s:49:27:49:49":32,"b:50:4:61:Infinity:undefined:undefined:undefined:undefined":7,"s:50:4:61:Infinity":33,"s:51:24:51:59":34,"s:52:21:52:42":35,"b:54:8:60:Infinity:57:15:60:Infinity":8,"s:54:8:60:Infinity":36,"b:54:12:54:24:54:28:54:36:54:40:54:53":9,"s:55:29:55:63":37,"s:56:12:56:Infinity":38,"s:59:13:59:Infinity":39,"s:63:4:63:Infinity":40,"f:66:16:66:32":3,"s:67:20:67:44":41,"b:68:4:72:Infinity:undefined:undefined:undefined:undefined":10,"s:68:4:72:Infinity":42,"s:69:55:69:83":43,"b:70:8:70:Infinity:undefined:undefined:undefined:undefined":11,"s:70:8:70:Infinity":44,"s:70:24:70:Infinity":45,"s:71:8:71:Infinity":46,"s:74:17:74:46":47,"s:75:21:75:51":48,"s:76:51:76:80":49,"b:78:4:78:Infinity:undefined:undefined:undefined:undefined":12,"s:78:4:78:Infinity":50,"s:78:20:78:Infinity":51,"s:80:19:80:21":52,"s:80:34:80:36":53,"s:81:23:81:40":54,"b:82:4:87:Infinity:85:11:87:Infinity":13,"s:82:4:87:Infinity":55,"s:83:8:83:Infinity":56,"s:84:8:84:Infinity":57,"s:86:8:86:Infinity":58,"s:89:4:89:Infinity":59,"f:92:22:92:32":4,"s:93:20:93:37":60,"s:94:17:94:37":61,"s:96:14:105:5":62,"s:107:12:110:5":63,"s:112:19:112:30":64,"s:113:19:113:29":65,"s:114:22:114:55":66,"s:115:19:115:44":67,"s:116:4:116:Infinity":68,"s:117:4:117:Infinity":69,"s:119:17:119:44":70,"s:120:4:120:Infinity":71,"s:122:4:163:Infinity":72,"s:122:21:122:22":73,"s:123:18:123:37":74,"s:125:8:127:Infinity":75,"s:125:21:125:22":76,"s:126:12:126:Infinity":77,"s:129:8:133:Infinity":78,"s:129:21:129:23":79,"s:130:23:130:97":80,"s:131:23:131:96":81,"s:132:12:132:Infinity":82,"s:135:39:135:40":83,"s:137:8:153:Infinity":84,"s:137:21:137:22":85,"s:138:23:138:82":86,"s:139:23:139:41":87,"s:140:26:140:59":88,"s:141:23:141:82":89,"s:142:24:142:51":90,"s:143:26:143:42":91,"s:145:12:145:Infinity":92,"s:146:12:146:Infinity":93,"s:147:12:147:Infinity":94,"s:148:12:148:Infinity":95,"s:149:12:149:Infinity":96,"s:150:12:150:Infinity":97,"s:151:12:151:Infinity":98,"s:152:12:152:Infinity":99,"s:155:8:155:Infinity":100,"s:156:8:156:Infinity":101,"s:157:8:157:Infinity":102,"s:158:8:158:Infinity":103,"s:159:8:159:Infinity":104,"s:160:8:160:Infinity":105,"s:161:8:161:Infinity":106,"s:162:8:162:Infinity":107,"s:165:19:165:21":108,"s:166:4:173:Infinity":109,"s:166:17:166:18":110,"s:167:8:172:Infinity":111,"s:175:4:175:Infinity":112,"f:178:9:178:20":5,"s:179:4:179:Infinity":113,"f:182:16:182:29":6,"b:183:4:183:Infinity:undefined:undefined:undefined:undefined":14,"s:183:4:183:Infinity":114,"s:183:17:183:Infinity":115,"s:184:4:185:Infinity":116,"s:184:10:184:64":117,"s:184:65:184:161":118,"f:184:115:184:116":7,"s:184:122:184:137":119,"s:185:20:185:37":120,"s:188:17:188:87":121,"f:188:45:188:46":8,"s:188:55:188:86":122,"f:189:16:189:32":9,"b:189:47:189:48":15,"s:190:15:190:434":123,"b:191:4:191:Infinity:undefined:undefined:undefined:undefined":16,"s:191:4:191:Infinity":124,"s:191:28:191:Infinity":125,"s:192:4:192:Infinity":126,"f:195:16:195:29":10,"s:196:24:196:92":127,"s:197:4:197:Infinity":128}}}
}
